Log file open, 10/16/18 21:42:54
LogWindows: Failed to load 'aqProf.dll' (GetLastError=126)
LogWindows: File 'aqProf.dll' does not exist
LogWindows: Failed to load 'VtuneApi.dll' (GetLastError=126)
LogWindows: File 'VtuneApi.dll' does not exist
LogWindows: Failed to load 'VtuneApi32e.dll' (GetLastError=126)
LogWindows: File 'VtuneApi32e.dll' does not exist
LogInit: Display: Running engine for game: FIT2097_A2_JackJ
LogPlatformFile: Not using cached read wrapper
LogInit: Display: RandInit(1139789231) SRandInit(1139789231).
LogInit: Read version file with build ID '3944462'
LogInit: Overriding engine version to CL 4033788, compatible CL 3944462
LogInit: Registered custom module enumerator with build ID '3944462'
LogTaskGraph: Started task graph with 5 named threads and 11 total threads with 3 sets of task threads.
LogStats: Stats thread started at 0.151047
LogD3D11RHI: Aftermath initialized
LogICUInternationalization: Display: ICU TimeZone Detection - Raw Offset: +10:00, Platform Override: ''
LogPluginManager: Mounting plugin Paper2D
LogPluginManager: Mounting plugin LiveLink
LogPluginManager: Mounting plugin LightPropagationVolume
LogPluginManager: Mounting plugin CLionSourceCodeAccess
LogPluginManager: Mounting plugin CodeLiteSourceCodeAccess
LogPluginManager: Mounting plugin GitSourceControl
LogPluginManager: Mounting plugin KDevelopSourceCodeAccess
LogPluginManager: Mounting plugin NullSourceCodeAccess
LogPluginManager: Mounting plugin PerforceSourceControl
LogPluginManager: Mounting plugin SubversionSourceControl
LogPluginManager: Mounting plugin UObjectPlugin
LogPluginManager: Mounting plugin VisualStudioCodeSourceCodeAccess
LogPluginManager: Mounting plugin VisualStudioSourceCodeAccess
LogPluginManager: Mounting plugin XCodeSourceCodeAccess
LogPluginManager: Mounting plugin AssetManagerEditor
LogPluginManager: Mounting plugin CryptoKeys
LogPluginManager: Mounting plugin DataValidation
LogPluginManager: Mounting plugin FacialAnimation
LogPluginManager: Mounting plugin GameplayTagsEditor
LogPluginManager: Mounting plugin MobileLauncherProfileWizard
LogPluginManager: Mounting plugin PluginBrowser
LogPluginManager: Mounting plugin SpeedTreeImporter
LogPluginManager: Mounting plugin DatasmithContent
LogPluginManager: Mounting plugin AlembicImporter
LogPluginManager: Mounting plugin CharacterAI
LogPluginManager: Mounting plugin HTML5Networking
LogPluginManager: Mounting plugin AndroidMedia
LogPluginManager: Mounting plugin AvfMedia
LogPluginManager: Mounting plugin ImgMedia
LogPluginManager: Mounting plugin LinearTimecode
LogPluginManager: Mounting plugin MediaCompositing
LogPluginManager: Mounting plugin MediaPlayerEditor
LogPluginManager: Mounting plugin WmfMedia
LogPluginManager: Mounting plugin TcpMessaging
LogPluginManager: Mounting plugin UdpMessaging
LogPluginManager: Mounting plugin ActorSequence
LogPluginManager: Mounting plugin LevelSequenceEditor
LogPluginManager: Mounting plugin MatineeToLevelSequence
LogPluginManager: Mounting plugin NetcodeUnitTest
LogPluginManager: Mounting plugin NUTUnrealEngine4
LogPluginManager: Mounting plugin OnlineSubsystemGooglePlay
LogPluginManager: Mounting plugin OnlineSubsystemIOS
LogPluginManager: Mounting plugin OnlineSubsystem
LogPluginManager: Mounting plugin OnlineSubsystemNull
LogPluginManager: Mounting plugin OnlineSubsystemUtils
LogPluginManager: Mounting plugin AndroidDeviceProfileSelector
LogPluginManager: Mounting plugin AndroidMoviePlayer
LogPluginManager: Mounting plugin AndroidPermission
LogPluginManager: Mounting plugin AppleARKit
LogPluginManager: Mounting plugin AppleMoviePlayer
LogPluginManager: Mounting plugin ArchVisCharacter
LogPluginManager: Mounting plugin AudioCapture
LogPluginManager: Mounting plugin CableComponent
LogPluginManager: Mounting plugin CustomMeshComponent
LogPluginManager: Mounting plugin ExampleDeviceProfileSelector
LogPluginManager: Mounting plugin GoogleCloudMessaging
LogPluginManager: Mounting plugin ImmediatePhysics
LogPluginManager: Mounting plugin IOSDeviceProfileSelector
LogPluginManager: Mounting plugin LinuxDeviceProfileSelector
LogPluginManager: Mounting plugin LocationServicesBPLibrary
LogPluginManager: Mounting plugin MobilePatchingUtils
LogPluginManager: Mounting plugin OculusVR
LogPluginManager: Plugin shader directory ../../../Engine/Plugins/Runtime/Oculus/OculusVR/Shaders found
LogPluginManager: Mapping shader source directory ../../../Engine/Plugins/Runtime/Oculus/OculusVR/Shaders to virtual directory /Plugin/OculusVR
LogPluginManager: Mounting plugin PhysXVehicles
LogPluginManager: Mounting plugin ProceduralMeshComponent
LogPluginManager: Mounting plugin RuntimePhysXCooking
LogPluginManager: Mounting plugin SteamVR
LogPluginManager: Mounting plugin WindowsMoviePlayer
LogStreaming: Display: Took  0.148s to configure plugins.
LogModuleManager: Display: Found up-to-date module file ../../../../../../Users/forwa/Documents/FIT2097/FIT2097_A2_JackJayawardene/FIT2097_A2_JackJ/Binaries/Win64/UE4Editor-FIT2097_A2_JackJ-3373.dll (API version 3944462).
LogModuleManager: Display: Found up-to-date module file ../../../Engine/Plugins/2D/Paper2D/Binaries/Win64/UE4Editor-Paper2D.dll (API version 3944462).
LogModuleManager: Display: Found up-to-date module file ../../../Engine/Plugins/2D/Paper2D/Binaries/Win64/UE4Editor-Paper2DEditor.dll (API version 3944462).
LogModuleManager: Display: Found up-to-date module file ../../../Engine/Plugins/2D/Paper2D/Binaries/Win64/UE4Editor-PaperSpriteSheetImporter.dll (API version 3944462).
LogModuleManager: Display: Found up-to-date module file ../../../Engine/Plugins/2D/Paper2D/Binaries/Win64/UE4Editor-PaperTiledImporter.dll (API version 3944462).
LogModuleManager: Display: Found up-to-date module file ../../../Engine/Plugins/2D/Paper2D/Binaries/Win64/UE4Editor-SmartSnapping.dll (API version 3944462).
LogModuleManager: Display: Found up-to-date module file ../../../Engine/Plugins/Animation/LiveLink/Binaries/Win64/UE4Editor-LiveLink.dll (API version 3944462).
LogModuleManager: Display: Found up-to-date module file ../../../Engine/Plugins/Animation/LiveLink/Binaries/Win64/UE4Editor-LiveLinkEditor.dll (API version 3944462).
LogModuleManager: Display: Found up-to-date module file ../../../Engine/Plugins/Blendables/LightPropagationVolume/Binaries/Win64/UE4Editor-LightPropagationVolumeRuntime.dll (API version 3944462).
LogModuleManager: Display: Found up-to-date module file ../../../Engine/Plugins/Blendables/LightPropagationVolume/Binaries/Win64/UE4Editor-LightPropagationVolumeEditor.dll (API version 3944462).
LogModuleManager: Display: Found up-to-date module file ../../../Engine/Plugins/Developer/CLionSourceCodeAccess/Binaries/Win64/UE4Editor-CLionSourceCodeAccess.dll (API version 3944462).
LogModuleManager: Display: Found up-to-date module file ../../../Engine/Plugins/Developer/GitSourceControl/Binaries/Win64/UE4Editor-GitSourceControl.dll (API version 3944462).
LogModuleManager: Display: Found up-to-date module file ../../../Engine/Plugins/Developer/PerforceSourceControl/Binaries/Win64/UE4Editor-PerforceSourceControl.dll (API version 3944462).
LogModuleManager: Display: Found up-to-date module file ../../../Engine/Plugins/Developer/SubversionSourceControl/Binaries/Win64/UE4Editor-SubversionSourceControl.dll (API version 3944462).
LogModuleManager: Display: Found up-to-date module file ../../../Engine/Plugins/Developer/UObjectPlugin/Binaries/Win64/UE4Editor-UObjectPlugin.dll (API version 3944462).
LogModuleManager: Display: Found up-to-date module file ../../../Engine/Plugins/Developer/VisualStudioCodeSourceCodeAccess/Binaries/Win64/UE4Editor-VisualStudioCodeSourceCodeAccess.dll (API version 3944462).
LogModuleManager: Display: Found up-to-date module file ../../../Engine/Plugins/Developer/VisualStudioSourceCodeAccess/Binaries/Win64/UE4Editor-VisualStudioSourceCodeAccess.dll (API version 3944462).
LogModuleManager: Display: Found up-to-date module file ../../../Engine/Plugins/Editor/AssetManagerEditor/Binaries/Win64/UE4Editor-AssetManagerEditor.dll (API version 3944462).
LogModuleManager: Display: Found up-to-date module file ../../../Engine/Plugins/Editor/CryptoKeys/Binaries/Win64/UE4Editor-CryptoKeys.dll (API version 3944462).
LogModuleManager: Display: Found up-to-date module file ../../../Engine/Plugins/Editor/CryptoKeys/Binaries/Win64/UE4Editor-CryptoKeysOpenSSL.dll (API version 3944462).
LogModuleManager: Display: Found up-to-date module file ../../../Engine/Plugins/Editor/DataValidation/Binaries/Win64/UE4Editor-DataValidation.dll (API version 3944462).
LogModuleManager: Display: Found up-to-date module file ../../../Engine/Plugins/Editor/FacialAnimation/Binaries/Win64/UE4Editor-FacialAnimation.dll (API version 3944462).
LogModuleManager: Display: Found up-to-date module file ../../../Engine/Plugins/Editor/FacialAnimation/Binaries/Win64/UE4Editor-FacialAnimationEditor.dll (API version 3944462).
LogModuleManager: Display: Found up-to-date module file ../../../Engine/Plugins/Editor/GameplayTagsEditor/Binaries/Win64/UE4Editor-GameplayTagsEditor.dll (API version 3944462).
LogModuleManager: Display: Found up-to-date module file ../../../Engine/Plugins/Editor/MobileLauncherProfileWizard/Binaries/Win64/UE4Editor-MobileLauncherProfileWizard.dll (API version 3944462).
LogModuleManager: Display: Found up-to-date module file ../../../Engine/Plugins/Editor/PluginBrowser/Binaries/Win64/UE4Editor-PluginBrowser.dll (API version 3944462).
LogModuleManager: Display: Found up-to-date module file ../../../Engine/Plugins/Editor/SpeedTreeImporter/Binaries/Win64/UE4Editor-SpeedTreeImporter.dll (API version 3944462).
LogModuleManager: Display: Found up-to-date module file ../../../Engine/Plugins/Enterprise/DatasmithContent/Binaries/Win64/UE4Editor-DatasmithContent.dll (API version 3944462).
LogModuleManager: Display: Found up-to-date module file ../../../Engine/Plugins/Experimental/AlembicImporter/Binaries/Win64/UE4Editor-AlembicImporter.dll (API version 3944462).
LogModuleManager: Display: Found up-to-date module file ../../../Engine/Plugins/Experimental/AlembicImporter/Binaries/Win64/UE4Editor-AlembicLibrary.dll (API version 3944462).
LogModuleManager: Display: Found up-to-date module file ../../../Engine/Plugins/Experimental/CharacterAI/Binaries/Win64/UE4Editor-CharacterAI.dll (API version 3944462).
LogModuleManager: Display: Found up-to-date module file ../../../Engine/Plugins/Experimental/HTML5Networking/Binaries/Win64/UE4Editor-HTML5Networking.dll (API version 3944462).
LogModuleManager: Display: Found up-to-date module file ../../../Engine/Plugins/Media/AndroidMedia/Binaries/Win64/UE4Editor-AndroidMediaEditor.dll (API version 3944462).
LogModuleManager: Display: Found up-to-date module file ../../../Engine/Plugins/Media/AndroidMedia/Binaries/Win64/UE4Editor-AndroidMediaFactory.dll (API version 3944462).
LogModuleManager: Display: Found up-to-date module file ../../../Engine/Plugins/Media/AvfMedia/Binaries/Win64/UE4Editor-AvfMediaEditor.dll (API version 3944462).
LogModuleManager: Display: Found up-to-date module file ../../../Engine/Plugins/Media/AvfMedia/Binaries/Win64/UE4Editor-AvfMediaFactory.dll (API version 3944462).
LogModuleManager: Display: Found up-to-date module file ../../../Engine/Plugins/Media/AvfMedia/Binaries/Win64/UE4Editor-AvfMediaFactory.dll (API version 3944462).
LogModuleManager: Display: Found up-to-date module file ../../../Engine/Plugins/Media/ImgMedia/Binaries/Win64/UE4Editor-ImgMedia.dll (API version 3944462).
LogModuleManager: Display: Found up-to-date module file ../../../Engine/Plugins/Media/ImgMedia/Binaries/Win64/UE4Editor-ImgMediaEditor.dll (API version 3944462).
LogModuleManager: Display: Found up-to-date module file ../../../Engine/Plugins/Media/ImgMedia/Binaries/Win64/UE4Editor-ImgMediaFactory.dll (API version 3944462).
LogModuleManager: Display: Found up-to-date module file ../../../Engine/Plugins/Media/ImgMedia/Binaries/Win64/UE4Editor-ImgMediaFactory.dll (API version 3944462).
LogModuleManager: Display: Found up-to-date module file ../../../Engine/Plugins/Media/ImgMedia/Binaries/Win64/UE4Editor-OpenExrWrapper.dll (API version 3944462).
LogModuleManager: Display: Found up-to-date module file ../../../Engine/Plugins/Media/LinearTimecode/Binaries/Win64/UE4Editor-LinearTimecode.dll (API version 3944462).
LogModuleManager: Display: Found up-to-date module file ../../../Engine/Plugins/Media/MediaCompositing/Binaries/Win64/UE4Editor-MediaCompositing.dll (API version 3944462).
LogModuleManager: Display: Found up-to-date module file ../../../Engine/Plugins/Media/MediaCompositing/Binaries/Win64/UE4Editor-MediaCompositingEditor.dll (API version 3944462).
LogModuleManager: Display: Found up-to-date module file ../../../Engine/Plugins/Media/MediaPlayerEditor/Binaries/Win64/UE4Editor-MediaPlayerEditor.dll (API version 3944462).
LogModuleManager: Display: Found up-to-date module file ../../../Engine/Plugins/Media/WmfMedia/Binaries/Win64/UE4Editor-WmfMedia.dll (API version 3944462).
LogModuleManager: Display: Found up-to-date module file ../../../Engine/Plugins/Media/WmfMedia/Binaries/Win64/UE4Editor-WmfMediaEditor.dll (API version 3944462).
LogModuleManager: Display: Found up-to-date module file ../../../Engine/Plugins/Media/WmfMedia/Binaries/Win64/UE4Editor-WmfMediaFactory.dll (API version 3944462).
LogModuleManager: Display: Found up-to-date module file ../../../Engine/Plugins/Media/WmfMedia/Binaries/Win64/UE4Editor-WmfMediaFactory.dll (API version 3944462).
LogModuleManager: Display: Found up-to-date module file ../../../Engine/Plugins/Messaging/TcpMessaging/Binaries/Win64/UE4Editor-TcpMessaging.dll (API version 3944462).
LogModuleManager: Display: Found up-to-date module file ../../../Engine/Plugins/Messaging/UdpMessaging/Binaries/Win64/UE4Editor-UdpMessaging.dll (API version 3944462).
LogModuleManager: Display: Found up-to-date module file ../../../Engine/Plugins/MovieScene/ActorSequence/Binaries/Win64/UE4Editor-ActorSequence.dll (API version 3944462).
LogModuleManager: Display: Found up-to-date module file ../../../Engine/Plugins/MovieScene/LevelSequenceEditor/Binaries/Win64/UE4Editor-LevelSequenceEditor.dll (API version 3944462).
LogModuleManager: Display: Found up-to-date module file ../../../Engine/Plugins/MovieScene/MatineeToLevelSequence/Binaries/Win64/UE4Editor-MatineeToLevelSequence.dll (API version 3944462).
LogModuleManager: Display: Found up-to-date module file ../../../Engine/Plugins/NetcodeUnitTest/NetcodeUnitTest/Binaries/Win64/UE4Editor-NetcodeUnitTest.dll (API version 3944462).
LogModuleManager: Display: Found up-to-date module file ../../../Engine/Plugins/NetcodeUnitTest/NUTUnrealEngine4/Binaries/Win64/UE4Editor-NUTUnrealEngine4.dll (API version 3944462).
LogModuleManager: Display: Found up-to-date module file ../../../Engine/Plugins/Online/OnlineSubsystem/Binaries/Win64/UE4Editor-OnlineSubsystem.dll (API version 3944462).
LogModuleManager: Display: Found up-to-date module file ../../../Engine/Plugins/Online/OnlineSubsystemNull/Binaries/Win64/UE4Editor-OnlineSubsystemNull.dll (API version 3944462).
LogModuleManager: Display: Found up-to-date module file ../../../Engine/Plugins/Online/OnlineSubsystemUtils/Binaries/Win64/UE4Editor-OnlineSubsystemUtils.dll (API version 3944462).
LogModuleManager: Display: Found up-to-date module file ../../../Engine/Plugins/Online/OnlineSubsystemUtils/Binaries/Win64/UE4Editor-OnlineBlueprintSupport.dll (API version 3944462).
LogModuleManager: Display: Found up-to-date module file ../../../Engine/Plugins/Runtime/AndroidDeviceProfileSelector/Binaries/Win64/UE4Editor-AndroidDeviceProfileSelector.dll (API version 3944462).
LogModuleManager: Display: Found up-to-date module file ../../../Engine/Plugins/Runtime/AndroidPermission/Binaries/Win64/UE4Editor-AndroidPermission.dll (API version 3944462).
LogModuleManager: Display: Found up-to-date module file ../../../Engine/Plugins/Runtime/AppleARKit/Binaries/Win64/UE4Editor-AppleARKit.dll (API version 3944462).
LogModuleManager: Display: Found up-to-date module file ../../../Engine/Plugins/Runtime/ArchVisCharacter/Binaries/Win64/UE4Editor-ArchVisCharacter.dll (API version 3944462).
LogModuleManager: Display: Found up-to-date module file ../../../Engine/Plugins/Runtime/AudioCapture/Binaries/Win64/UE4Editor-AudioCapture.dll (API version 3944462).
LogModuleManager: Display: Found up-to-date module file ../../../Engine/Plugins/Runtime/AudioCapture/Binaries/Win64/UE4Editor-AudioCaptureEditor.dll (API version 3944462).
LogModuleManager: Display: Found up-to-date module file ../../../Engine/Plugins/Runtime/CableComponent/Binaries/Win64/UE4Editor-CableComponent.dll (API version 3944462).
LogModuleManager: Display: Found up-to-date module file ../../../Engine/Plugins/Runtime/CustomMeshComponent/Binaries/Win64/UE4Editor-CustomMeshComponent.dll (API version 3944462).
LogModuleManager: Display: Found up-to-date module file ../../../Engine/Plugins/Runtime/ExampleDeviceProfileSelector/Binaries/Win64/UE4Editor-ExampleDeviceProfileSelector.dll (API version 3944462).
LogModuleManager: Display: Found up-to-date module file ../../../Engine/Plugins/Runtime/ImmediatePhysics/Binaries/Win64/UE4Editor-ImmediatePhysics.dll (API version 3944462).
LogModuleManager: Display: Found up-to-date module file ../../../Engine/Plugins/Runtime/ImmediatePhysics/Binaries/Win64/UE4Editor-ImmediatePhysicsEditor.dll (API version 3944462).
LogModuleManager: Display: Found up-to-date module file ../../../Engine/Plugins/Runtime/LocationServicesBPLibrary/Binaries/Win64/UE4Editor-LocationServicesBPLibrary.dll (API version 3944462).
LogModuleManager: Display: Found up-to-date module file ../../../Engine/Plugins/Runtime/MobilePatchingUtils/Binaries/Win64/UE4Editor-MobilePatchingUtils.dll (API version 3944462).
LogModuleManager: Display: Found up-to-date module file ../../../Engine/Plugins/Runtime/Oculus/OculusVR/Binaries/Win64/UE4Editor-OculusHMD.dll (API version 3944462).
LogModuleManager: Display: Found up-to-date module file ../../../Engine/Plugins/Runtime/Oculus/OculusVR/Binaries/Win64/UE4Editor-OculusInput.dll (API version 3944462).
LogModuleManager: Display: Found up-to-date module file ../../../Engine/Plugins/Runtime/Oculus/OculusVR/Binaries/Win64/UE4Editor-OculusEditor.dll (API version 3944462).
LogModuleManager: Display: Found up-to-date module file ../../../Engine/Plugins/Runtime/PhysXVehicles/Binaries/Win64/UE4Editor-PhysXVehicles.dll (API version 3944462).
LogModuleManager: Display: Found up-to-date module file ../../../Engine/Plugins/Runtime/PhysXVehicles/Binaries/Win64/UE4Editor-PhysXVehiclesEditor.dll (API version 3944462).
LogModuleManager: Display: Found up-to-date module file ../../../Engine/Plugins/Runtime/ProceduralMeshComponent/Binaries/Win64/UE4Editor-ProceduralMeshComponent.dll (API version 3944462).
LogModuleManager: Display: Found up-to-date module file ../../../Engine/Plugins/Runtime/ProceduralMeshComponent/Binaries/Win64/UE4Editor-ProceduralMeshComponentEditor.dll (API version 3944462).
LogModuleManager: Display: Found up-to-date module file ../../../Engine/Plugins/Runtime/RuntimePhysXCooking/Binaries/Win64/UE4Editor-RuntimePhysXCooking.dll (API version 3944462).
LogModuleManager: Display: Found up-to-date module file ../../../Engine/Plugins/Runtime/Steam/SteamVR/Binaries/Win64/UE4Editor-SteamVR.dll (API version 3944462).
LogModuleManager: Display: Found up-to-date module file ../../../Engine/Plugins/Runtime/Steam/SteamVR/Binaries/Win64/UE4Editor-SteamVRController.dll (API version 3944462).
LogModuleManager: Display: Found up-to-date module file ../../../Engine/Plugins/Runtime/WindowsMoviePlayer/Binaries/Win64/UE4Editor-WindowsMoviePlayer.dll (API version 3944462).
LogInit: Using libcurl 7.47.1
LogInit:  - built for x86_64-pc-win32
LogInit:  - supports SSL with OpenSSL/1.0.2g
LogInit:  - supports HTTP deflate (compression) using libz 1.2.8
LogInit:  - other features:
LogInit:      CURL_VERSION_SSL
LogInit:      CURL_VERSION_LIBZ
LogInit:      CURL_VERSION_IPV6
LogInit:      CURL_VERSION_ASYNCHDNS
LogInit:      CURL_VERSION_LARGEFILE
LogInit:      CURL_VERSION_IDN
LogInit:  CurlRequestOptions (configurable via config and command line):
LogInit:  - bVerifyPeer = false  - Libcurl will NOT verify peer certificate
LogInit:  - bUseHttpProxy = false  - Libcurl will NOT use HTTP proxy
LogInit:  - bDontReuseConnections = false  - Libcurl will reuse connections
LogInit:  - CertBundlePath = nullptr  - Libcurl will use whatever was configured at build time.
LogInit:  - MaxHostConnections = 16  - Libcurl will limit the number of connections to a host
LogInit:  - LocalHostAddr = Default
LogInit: WinSock: version 1.1 (2.2), MaxSocks=32767, MaxUdp=65467
LogInit: WinSock: I am LAPTOP-K9NIICDG (192.168.1.22:0)
LogInit: Build: ++UE4+Release-4.19-CL-4033788
LogInit: Engine Version: 4.19.2-4033788+++UE4+Release-4.19
LogInit: Compatible Engine Version: 4.19.0-3944462+++UE4+Release-4.19
LogInit: Net CL: 3944462
LogDevObjectVersion: Number of dev versions registered: 18
LogDevObjectVersion:   Dev-Blueprints (B0D832E4-1F89-4F0D-ACCF-7EB736FD4AA2): 10
LogDevObjectVersion:   Dev-Build (E1C64328-A22C-4D53-A36C-8E866417BD8C): 0
LogDevObjectVersion:   Dev-Core (375EC13C-06E4-48FB-B500-84F0262A717E): 2
LogDevObjectVersion:   Dev-Editor (E4B068ED-F494-42E9-A231-DA0B2E46BB41): 23
LogDevObjectVersion:   Dev-Framework (CFFC743F-43B0-4480-9391-14DF171D2073): 33
LogDevObjectVersion:   Dev-Mobile (B02B49B5-BB20-44E9-A304-32B752E40360): 2
LogDevObjectVersion:   Dev-Networking (A4E4105C-59A1-49B5-A7C5-40C4547EDFEE): 0
LogDevObjectVersion:   Dev-Online (39C831C9-5AE6-47DC-9A44-9C173E1C8E7C): 0
LogDevObjectVersion:   Dev-Physics (78F01B33-EBEA-4F98-B9B4-84EACCB95AA2): 0
LogDevObjectVersion:   Dev-Platform (6631380F-2D4D-43E0-8009-CF276956A95A): 0
LogDevObjectVersion:   Dev-Rendering (12F88B9F-8875-4AFC-A67C-D90C383ABD29): 25
LogDevObjectVersion:   Dev-Sequencer (7B5AE74C-D270-4C10-A958-57980B212A5A): 6
LogDevObjectVersion:   Dev-VR (D7296918-1DD6-4BDD-9DE2-64A83CC13884): 1
LogDevObjectVersion:   Dev-LoadTimes (C2A15278-BFE7-4AFE-6C17-90FF531DF755): 1
LogDevObjectVersion:   Private-Geometry (6EACA3D4-40EC-4CC1-B786-8BED09428FC5): 2
LogDevObjectVersion:   Dev-AnimPhys (29E575DD-E0A3-4627-9D10-D276232CDCEA): 16
LogDevObjectVersion:   Dev-ReflectionCapture (6B266CEC-1EC7-4B8F-A30B-E4D90942FC07): 1
LogDevObjectVersion:   Dev-Automation (0DF73D61-A23F-47EA-B727-89E90C41499A): 1
LogInit: Compiled (64-bit): Apr 27 2018 02:06:57
LogInit: Compiled with Visual C++: 19.00.24215.01
LogInit: Build Configuration: Development
LogInit: Branch Name: ++UE4+Release-4.19
LogInit: Command Line: 
LogInit: Base Directory: C:/Program Files/Epic Games/UE_4.19/Engine/Binaries/Win64/
LogInit: Installed Engine Build: 1
LogStreaming: Display: Took  0.003s to delete old logs.
LogInit: Presizing for max 8388607 objects, including 0 objects not considered by GC, pre-allocating 0 bytes for permanent pool.
LogInit: Object subsystem initialized
[2018.10.16-10.42.56:572][  0]LogInit: Selected Device Profile: [Windows]
[2018.10.16-10.42.56:572][  0]LogInit: Applying CVar settings loaded from the selected device profile: [Windows]
[2018.10.16-10.42.56:585][  0]LogInit: Computer: LAPTOP-K9NIICDG
[2018.10.16-10.42.56:585][  0]LogInit: User: forwa
[2018.10.16-10.42.56:585][  0]LogInit: CPU Page size=4096, Cores=2
[2018.10.16-10.42.56:585][  0]LogInit: High frequency timer resolution =2.835942 MHz
[2018.10.16-10.42.56:585][  0]LogMemory: Memory total: Physical=7.9GB (8GB approx)
[2018.10.16-10.42.56:585][  0]LogMemory: Platform Memory Stats for Windows
[2018.10.16-10.42.56:585][  0]LogMemory: Process Physical Memory: 274.25 MB used, 274.25 MB peak
[2018.10.16-10.42.56:585][  0]LogMemory: Process Virtual Memory: 266.04 MB used, 266.04 MB peak
[2018.10.16-10.42.56:585][  0]LogMemory: Physical Memory: 6076.79 MB used,  1983.34 MB free, 8060.13 MB total
[2018.10.16-10.42.56:585][  0]LogMemory: Virtual Memory: 685.59 MB used,  1983.34 MB free, 134217728.00 MB total
[2018.10.16-10.42.56:624][  0]LogInit: Using OS detected language (en-US).
[2018.10.16-10.42.56:624][  0]LogInit: Using OS detected locale (en-AU).
[2018.10.16-10.42.56:636][  0]LogTextLocalizationManager: No specific localization for 'en-US' exists, so the 'en' localization will be used.
[2018.10.16-10.42.57:128][  0]LogStreaming: Display: Took  0.504s to EndInitTextLocalization.
[2018.10.16-10.42.57:128][  0]LogInit: Setting process to per monitor DPI aware
[2018.10.16-10.42.57:171][  0]LogSlate: New Slate User Created.  User Index 0, Is Virtual User: 0
[2018.10.16-10.42.57:172][  0]LogSlate: Slate User Registered.  User Index 0, Is Virtual User: 0
[2018.10.16-10.42.57:562][  0]LogD3D11RHI: D3D11 adapters:
[2018.10.16-10.42.57:570][  0]LogD3D11RHI:    0. 'Intel(R) HD Graphics 620' (Feature Level 11_0)
[2018.10.16-10.42.57:570][  0]LogD3D11RHI:       128/0/4030 MB DedicatedVideo/DedicatedSystem/SharedSystem, Outputs:1, VendorId:0x8086
[2018.10.16-10.42.57:573][  0]LogD3D11RHI:    1. 'Microsoft Basic Render Driver' (Feature Level 11_0)
[2018.10.16-10.42.57:573][  0]LogD3D11RHI:       0/0/4030 MB DedicatedVideo/DedicatedSystem/SharedSystem, Outputs:0, VendorId:0x1414
[2018.10.16-10.42.57:573][  0]LogD3D11RHI: Chosen D3D11 Adapter: 0
[2018.10.16-10.42.57:582][  0]LogD3D11RHI: Creating new Direct3DDevice
[2018.10.16-10.42.57:582][  0]LogD3D11RHI:     GPU DeviceId: 0x5916 (for the marketing name, search the web for "GPU Device Id")
[2018.10.16-10.42.57:582][  0]LogWindows: EnumDisplayDevices:
[2018.10.16-10.42.57:582][  0]LogWindows:    0. 'Intel(R) HD Graphics 620' (P:1 D:1)
[2018.10.16-10.42.57:582][  0]LogWindows:    1. 'Intel(R) HD Graphics 620' (P:0 D:0)
[2018.10.16-10.42.57:582][  0]LogWindows:    2. 'Intel(R) HD Graphics 620' (P:0 D:0)
[2018.10.16-10.42.57:582][  0]LogWindows: DebugString: GetVideoDriverDetailsInvalid PrimaryIsNotTheChoosenAdapter GetVideoDriverDetailsInvalid PrimaryIsNotTheChoosenAdapter GetVideoDriverDetailsInvalid PrimaryIsNotTheChoosenAdapter FoundDriverCount:0 
[2018.10.16-10.42.57:582][  0]LogD3D11RHI:     Adapter Name: Intel(R) HD Graphics 620
[2018.10.16-10.42.57:582][  0]LogD3D11RHI:   Driver Version: Unknown (internal:Unknown, unified:Unknown)
[2018.10.16-10.42.57:582][  0]LogD3D11RHI:      Driver Date: Unknown
[2018.10.16-10.42.57:582][  0]LogRHI: Texture pool is 1500 MB (70% of 2143 MB)
[2018.10.16-10.42.57:588][  0]LogD3D11RHI: Async texture creation enabled
[2018.10.16-10.42.57:593][  0]LogD3D11RHI: GPU Timing Frequency: 12.000000 (Debug: 2 0)
[2018.10.16-10.42.57:593][  0]LogShaderCompilers: Guid format shader working directory is -46 characters bigger than the processId version (../../../../../../Users/forwa/Documents/FIT2097/FIT2097_A2_JackJayawardene/FIT2097_A2_JackJ/Intermediate/Shaders/WorkingDirectory/11760/).
[2018.10.16-10.42.57:594][  0]LogShaderCompilers: Cleaned the shader compiler working directory 'C:/Users/forwa/AppData/Local/Temp/UnrealShaderWorkingDir/0A7F938D44C5EEB667982CA03A011366/'.
[2018.10.16-10.42.57:900][  0]LogTemp: Display: Loaded TP AllDesktopTargetPlatform
[2018.10.16-10.42.57:918][  0]LogTemp: Display: Loaded TP MacClientTargetPlatform
[2018.10.16-10.42.57:937][  0]LogTemp: Display: Loaded TP MacNoEditorTargetPlatform
[2018.10.16-10.42.57:955][  0]LogTemp: Display: Loaded TP MacServerTargetPlatform
[2018.10.16-10.42.57:970][  0]LogTemp: Display: Loaded TP MacTargetPlatform
[2018.10.16-10.42.57:989][  0]LogTemp: Display: Loaded TP WindowsClientTargetPlatform
[2018.10.16-10.42.58:006][  0]LogTemp: Display: Loaded TP WindowsNoEditorTargetPlatform
[2018.10.16-10.42.58:023][  0]LogTemp: Display: Loaded TP WindowsServerTargetPlatform
[2018.10.16-10.42.58:031][  0]LogTemp: Display: Loaded TP WindowsTargetPlatform
[2018.10.16-10.42.58:044][  0]LogTemp: Display: Loaded TP Android_ASTCTargetPlatform
[2018.10.16-10.42.58:060][  0]LogTemp: Display: Loaded TP Android_ATCTargetPlatform
[2018.10.16-10.42.58:073][  0]LogTemp: Display: Loaded TP Android_DXTTargetPlatform
[2018.10.16-10.42.58:087][  0]LogTemp: Display: Loaded TP Android_ETC1aTargetPlatform
[2018.10.16-10.42.58:100][  0]LogTemp: Display: Loaded TP Android_ETC1TargetPlatform
[2018.10.16-10.42.58:113][  0]LogTemp: Display: Loaded TP Android_ETC2TargetPlatform
[2018.10.16-10.42.58:145][  0]LogTemp: Display: Loaded TP Android_MultiTargetPlatform
[2018.10.16-10.42.58:145][  0]LogTemp: Display: Loaded TP Android_PVRTCTargetPlatform
[2018.10.16-10.42.58:160][  0]LogTemp: Display: Loaded TP AndroidTargetPlatform
[2018.10.16-10.42.58:162][  0]LogTemp: Display: Loaded TP HTML5TargetPlatform
[2018.10.16-10.42.58:208][  0]LogTemp: Display: Loaded TP IOSTargetPlatform
[2018.10.16-10.42.58:223][  0]LogTemp: Display: Loaded TP TVOSTargetPlatform
[2018.10.16-10.42.58:240][  0]LogTemp: Display: Loaded TP LinuxClientTargetPlatform
[2018.10.16-10.42.58:254][  0]LogTemp: Display: Loaded TP LinuxNoEditorTargetPlatform
[2018.10.16-10.42.58:267][  0]LogTemp: Display: Loaded TP LinuxServerTargetPlatform
[2018.10.16-10.42.58:282][  0]LogTemp: Display: Loaded TP LinuxTargetPlatform
[2018.10.16-10.42.58:282][  0]LogTargetPlatformManager: Display: Building Assets For Windows
[2018.10.16-10.42.58:438][  0]LogXGEController: Cleaning working directory: C:/Users/forwa/AppData/Local/Temp/UnrealXGEWorkingDir/
[2018.10.16-10.42.58:438][  0]LogXGEController: Cannot use XGE Controller as Incredibuild is not installed on this machine.
[2018.10.16-10.42.58:438][  0]LogShaderCompilers: Cannot use XGE Shader Compiler as Incredibuild is not installed on this machine.
[2018.10.16-10.42.58:438][  0]LogShaderCompilers: Display: Using Local Shader Compiler.
[2018.10.16-10.42.59:363][  0]LogDerivedDataCache: Display: Max Cache Size: 512 MB
[2018.10.16-10.42.59:686][  0]LogDerivedDataCache: Loaded boot cache 0.32s 79MB C:/Users/forwa/AppData/Local/UnrealEngine/4.19/DerivedDataCache/Boot.ddc.
[2018.10.16-10.42.59:686][  0]LogDerivedDataCache: Display: Loaded Boot cache: C:/Users/forwa/AppData/Local/UnrealEngine/4.19/DerivedDataCache/Boot.ddc
[2018.10.16-10.42.59:686][  0]LogDerivedDataCache: FDerivedDataBackendGraph:  Pak pak cache file ../../../../../../Users/forwa/Documents/FIT2097/FIT2097_A2_JackJayawardene/FIT2097_A2_JackJ/DerivedDataCache/DDC.ddp not found, will not use a pak cache.
[2018.10.16-10.42.59:686][  0]LogDerivedDataCache: Unable to find inner node Pak for hierarchical cache Hierarchy.
[2018.10.16-10.42.59:686][  0]LogDerivedDataCache: FDerivedDataBackendGraph:  CompressedPak pak cache file ../../../../../../Users/forwa/Documents/FIT2097/FIT2097_A2_JackJayawardene/FIT2097_A2_JackJ/DerivedDataCache/Compressed.ddp not found, will not use a pak cache.
[2018.10.16-10.42.59:686][  0]LogDerivedDataCache: Unable to find inner node CompressedPak for hierarchical cache Hierarchy.
[2018.10.16-10.42.59:701][  0]LogDerivedDataCache: Display: Pak cache opened for reading ../../../Engine/DerivedDataCache/Compressed.ddp.
[2018.10.16-10.42.59:714][  0]LogDerivedDataCache: Using Local data cache path C:/Users/forwa/AppData/Local/UnrealEngine/Common/DerivedDataCache: Writable
[2018.10.16-10.42.59:714][  0]LogDerivedDataCache: Shared data cache path not found in *engine.ini, will not use an Shared cache.
[2018.10.16-10.42.59:714][  0]LogDerivedDataCache: Unable to find inner node Shared for hierarchical cache Hierarchy.
[2018.10.16-10.42.59:728][  0]LogMaterial: Verifying Global Shaders for PCD3D_SM5
[2018.10.16-10.42.59:728][  0]LogSlate: Using Freetype 2.6.0
[2018.10.16-10.42.59:729][  0]LogSlate: SlateFontCache - WITH_FREETYPE: 1, WITH_HARFBUZZ: 1
[2018.10.16-10.42.59:729][  0]LogSlate: SlateFontCache - WITH_FREETYPE: 1, WITH_HARFBUZZ: 1
[2018.10.16-10.43.00:029][  0]LogAssetRegistry: FAssetRegistry took 0.0287 seconds to start up
[2018.10.16-10.43.00:451][  0]LogInit: Selected Device Profile: [Windows]
[2018.10.16-10.43.00:629][  0]LogSimplygon: Simplygon DLL not present - disabling.
[2018.10.16-10.43.00:633][  0]LogMeshReduction: Using SimplygonSwarm for distributed automatic mesh merging
[2018.10.16-10.43.00:633][  0]LogMeshReduction: Using QuadricMeshReduction for automatic static mesh reduction
[2018.10.16-10.43.00:633][  0]LogMeshReduction: No automatic skeletal mesh reduction module available
[2018.10.16-10.43.00:633][  0]LogMeshReduction: No automatic mesh merging module available
[2018.10.16-10.43.00:633][  0]LogMeshMerging: No automatic mesh merging module available
[2018.10.16-10.43.00:665][  0]LogNetVersion: FIT2097_A2_JackJ , NetCL: 3944462, EngineNetVer: 2, GameNetVer: 0 (Checksum: 3629837584)
[2018.10.16-10.43.01:157][  0]LogPackageLocalizationCache: Processed 9 localized package path(s) for 2 prioritized culture(s) in 0.101366 seconds
[2018.10.16-10.43.01:164][  0]LogUObjectArray: 36728 objects as part of root set at end of initial load.
[2018.10.16-10.43.01:164][  0]LogUObjectAllocator: 7314304 out of 0 bytes used by permanent object pool.
[2018.10.16-10.43.01:164][  0]LogUObjectArray: CloseDisregardForGC: 0/0 objects in disregard for GC pool
[2018.10.16-10.43.03:967][  0]LogTcpMessaging: Initializing TcpMessaging bridge
[2018.10.16-10.43.04:003][  0]LogUdpMessaging: Initializing bridge on interface 0.0.0.0:0 to multicast group 230.0.0.1:6666.
[2018.10.16-10.43.04:332][  0]LogUObjectGlobals: Created PersistentFrame Addr=0x0000029bc50abe20, Size=72, Default__FirstPerson_AnimBP_C Function /Game/FirstPerson/Animations/FirstPerson_AnimBP.FirstPerson_AnimBP_C:ExecuteUbergraph_FirstPerson_AnimBP
[2018.10.16-10.43.04:340][  0]LogUObjectGlobals: Destroyed PersistentFrame Addr=0x0000029bc50abe20, Size=72
[2018.10.16-10.43.04:340][  0]LogUObjectGlobals: Created PersistentFrame Addr=0x0000029bc504e980, Size=72, Default__FirstPerson_AnimBP_C Function /Engine/Transient.REINST_FirstPerson_AnimBP_C_0:ExecuteUbergraph_FirstPerson_AnimBP
[2018.10.16-10.43.04:348][  0]LogUObjectGlobals: Created PersistentFrame Addr=0x0000029bc4dd3ec0, Size=72, Default__FirstPerson_AnimBP_C Function /Game/FirstPerson/Animations/FirstPerson_AnimBP.FirstPerson_AnimBP_C:ExecuteUbergraph_FirstPerson_AnimBP
[2018.10.16-10.43.04:370][  0]LogUObjectGlobals: Created PersistentFrame Addr=0x0000029bc4dcac00, Size=64, Default__ThirdPerson_AnimBP_C Function /Game/Mannequin/Animations/ThirdPerson_AnimBP.ThirdPerson_AnimBP_C:ExecuteUbergraph_ThirdPerson_AnimBP
[2018.10.16-10.43.04:381][  0]LogUObjectGlobals: Destroyed PersistentFrame Addr=0x0000029bc4dcac00, Size=64
[2018.10.16-10.43.04:381][  0]LogUObjectGlobals: Created PersistentFrame Addr=0x0000029bc4dcac00, Size=64, Default__ThirdPerson_AnimBP_C Function /Engine/Transient.REINST_ThirdPerson_AnimBP_C_1:ExecuteUbergraph_ThirdPerson_AnimBP
[2018.10.16-10.43.04:391][  0]LogUObjectGlobals: Created PersistentFrame Addr=0x0000029bc5c3a7a0, Size=72, Default__ThirdPerson_AnimBP_C Function /Game/Mannequin/Animations/ThirdPerson_AnimBP.ThirdPerson_AnimBP_C:ExecuteUbergraph_ThirdPerson_AnimBP
[2018.10.16-10.43.04:566][  0]LogSkeletalMesh: Skeletal Mesh found in DDC [0.748605ms] /Game/FirstPerson/Character/Mesh/SK_Mannequin_Arms.SK_Mannequin_Arms
[2018.10.16-10.43.04:584][  0]LogSkeletalMesh: Skeletal Mesh found in DDC [1.845595ms] /Game/Mannequin/Character/Mesh/SK_Mannequin.SK_Mannequin
[2018.10.16-10.43.04:597][  0]LogSkeletalMesh: Skeletal Mesh found in DDC [0.395636ms] /Game/FirstPerson/FPWeapon/Mesh/SK_FPGun.SK_FPGun
[2018.10.16-10.43.04:788][  0]SourceControl: Source control is disabled
[2018.10.16-10.43.04:788][  0]SourceControl: Source control is disabled
[2018.10.16-10.43.04:814][  0]SourceControl: Source control is disabled
[2018.10.16-10.43.04:837][  0]SourceControl: Source control is disabled
[2018.10.16-10.43.05:423][  0]LogAndroidPermission: UAndroidPermissionCallbackProxy::GetInstance
[2018.10.16-10.43.05:580][  0]LogOcInput: OculusInput pre-init called
[2018.10.16-10.43.05:698][  0]LogEngine: Initializing Engine...
[2018.10.16-10.43.05:699][  0]LogHMD: Failed to initialize OpenVR with code 110
[2018.10.16-10.43.05:700][  0]LogStats: UGameplayTagsManager::ConstructGameplayTagTree: Construct from data asset -  0.000 s
[2018.10.16-10.43.05:700][  0]LogStats: UGameplayTagsManager::ConstructGameplayTagTree: GameplayTagTreeChangedEvent.Broadcast -  0.000 s
[2018.10.16-10.43.05:958][  0]LogAIModule: Creating AISystem for world Untitled
[2018.10.16-10.43.05:965][  0]LogInit: XAudio2 using 'Speakers (Realtek High Definition Audio)' : 2 channels at 48 kHz using 32 bits per sample (channel mask 0x3)
[2018.10.16-10.43.06:079][  0]LogInit: FAudioDevice initialized.
[2018.10.16-10.43.06:175][  0]LogDerivedDataCache: Saved boot cache 0.10s 79MB C:/Users/forwa/AppData/Local/UnrealEngine/4.19/DerivedDataCache/Boot.ddc.
[2018.10.16-10.43.06:189][  0]LogInit: Texture streaming: Enabled
[2018.10.16-10.43.06:211][  0]LogEngineSessionManager: EngineSessionManager initialized
[2018.10.16-10.43.06:211][  0]LogEngineSessionManager: EngineSessionManager sent abnormal shutdown report. Type=Crashed, SessionId={79BEBFA1-408C-00D1-E995-37A2704C031E}
[2018.10.16-10.43.06:232][  0]LogInit: Transaction tracking system initialized
[2018.10.16-10.43.06:271][  0]BlueprintLog: New page: Editor Load
[2018.10.16-10.43.06:435][  0]LocalizationService: Localization service is disabled
[2018.10.16-10.43.06:566][  0]LogConsoleResponse: Display: 
[2018.10.16-10.43.06:757][  0]LogCook: Display: Max memory allowance for cook 16384mb min free memory 0mb
[2018.10.16-10.43.06:758][  0]LogCook: Display: Mobile HDR setting 1
[2018.10.16-10.43.06:758][  0]LogGameplayTags: Display: UGameplayTagsManager::DoneAddingNativeTags. DelegateIsBound: 0
[2018.10.16-10.43.06:758][  0]LogStats: UGameplayTagsManager::ConstructGameplayTagTree: Construct from data asset -  0.000 s
[2018.10.16-10.43.06:758][  0]LogStats: UGameplayTagsManager::ConstructGameplayTagTree: GameplayTagTreeChangedEvent.Broadcast -  0.000 s
[2018.10.16-10.43.07:065][  0]LogFileCache: Scanning file cache for directory 'C:/Users/forwa/Documents/FIT2097/FIT2097_A2_JackJayawardene/FIT2097_A2_JackJ/Content/' took 0.02s
[2018.10.16-10.43.07:312][  0]SourceControl: Source control is disabled
[2018.10.16-10.43.07:314][  0]LightingResults: New page: Lighting Build
[2018.10.16-10.43.07:318][  0]MapCheck: New page: Map Check
[2018.10.16-10.43.07:318][  0]LightingResults: New page: Lighting Build
[2018.10.16-10.43.07:334][  0]LogUObjectGlobals: Destroyed PersistentFrame Addr=0x0000029bc504e980, Size=72
[2018.10.16-10.43.07:334][  0]LogUObjectGlobals: Destroyed PersistentFrame Addr=0x0000029bc4dcac00, Size=64
[2018.10.16-10.43.07:560][  0]LogAIModule: Creating AISystem for world FirstPersonExampleMap
[2018.10.16-10.43.07:570][  0]LogEditorServer: Finished looking for orphan Actors (0.000 secs)
[2018.10.16-10.43.07:601][  0]Cmd: MAP CHECKDEP NOCLEARLOG
[2018.10.16-10.43.07:671][  0]MapCheck: Map check complete: 0 Error(s), 0 Warning(s), took 70.24ms to complete.
[2018.10.16-10.43.07:671][  0]LogFileHelpers: Loading map 'FirstPersonExampleMap' took 0.358
[2018.10.16-10.43.07:753][  0]LogWindowsTextInputMethodSystem: Display: IME system now deactivated.
[2018.10.16-10.43.07:754][  0]LogWindowsTextInputMethodSystem: Display: IME system now deactivated.
[2018.10.16-10.43.07:839][  0]LogCollectionManager: Loaded 0 collections in 0.002976 seconds
[2018.10.16-10.43.07:881][  0]LogFileCache: Scanning file cache for directory 'C:/Users/forwa/Documents/FIT2097/FIT2097_A2_JackJayawardene/FIT2097_A2_JackJ/Saved/Collections/' took 0.01s
[2018.10.16-10.43.07:881][  0]LogFileCache: Scanning file cache for directory 'C:/Users/forwa/Documents/FIT2097/FIT2097_A2_JackJayawardene/FIT2097_A2_JackJ/Content/Developers/forwa/Collections/' took 0.01s
[2018.10.16-10.43.07:881][  0]LogFileCache: Scanning file cache for directory 'C:/Users/forwa/Documents/FIT2097/FIT2097_A2_JackJayawardene/FIT2097_A2_JackJ/Content/Collections/' took 0.01s
[2018.10.16-10.43.07:881][  0]LogCollectionManager: Rebuilt the GUID cache for 0 collections in 0.000001 seconds
[2018.10.16-10.43.07:892][  0]LogContentBrowser: Native class hierarchy populated in 0.0107 seconds. Added 2459 classes and 560 folders.
[2018.10.16-10.43.07:901][  0]LogContentBrowser: Native class hierarchy updated for 'WidgetCarousel' in 0.0009 seconds. Added 0 classes and 0 folders.
[2018.10.16-10.43.08:067][  0]LogContentBrowser: Native class hierarchy updated for 'AddContentDialog' in 0.0009 seconds. Added 0 classes and 0 folders.
[2018.10.16-10.43.08:075][  0]LogContentBrowser: Native class hierarchy updated for 'SceneOutliner' in 0.0012 seconds. Added 1 classes and 2 folders.
[2018.10.16-10.43.08:172][  0]LogSlate: Took 0.000421 seconds to synchronously load lazily loaded font '../../../Engine/Content/Slate/Fonts/Roboto-Regular.ttf' (155K)
[2018.10.16-10.43.08:174][  0]LogSlate: Took 0.000225 seconds to synchronously load lazily loaded font '../../../Engine/Content/Slate/Fonts/Roboto-Bold.ttf' (160K)
[2018.10.16-10.43.08:183][  0]LogSlate: Took 0.001621 seconds to synchronously load lazily loaded font '../../../Engine/Content/Editor/Slate/Fonts/FontAwesome.ttf' (139K)
[2018.10.16-10.43.08:290][  0]LogRenderer: Reallocating scene render targets to support 632x272 Format 10 NumSamples 1 (Frame:1).
[2018.10.16-10.43.09:082][  0]LogContentBrowser: Native class hierarchy updated for 'HierarchicalLODOutliner' in 0.0011 seconds. Added 0 classes and 0 folders.
[2018.10.16-10.43.09:082][  0]LogLoad: (Engine Initialization) Total time: 15.98 seconds
[2018.10.16-10.43.09:082][  0]LogLoad: (Engine Initialization) Total Blueprint compile time: 0.00 seconds
[2018.10.16-10.43.09:129][  0]LogContentStreaming: Texture pool size now 1000 MB
[2018.10.16-10.43.09:161][  0]LogSlate: Took 0.001926 seconds to synchronously load lazily loaded font '../../../Engine/Content/Slate/Fonts/Roboto-Light.ttf' (167K)
[2018.10.16-10.43.09:191][  1]LogAssetRegistry: Asset discovery search completed in 9.1844 seconds
[2018.10.16-10.43.09:194][  1]LogCollectionManager: Rebuilt the object cache for 0 collections in 0.000001 seconds (found 0 objects)
[2018.10.16-10.43.09:194][  1]LogCollectionManager: Fixed up redirectors for 0 collections in 0.000081 seconds (updated 0 objects)
[2018.10.16-10.43.21:397][521]LogSlate: FSceneViewport::OnFocusLost() reason 2
[2018.10.16-10.43.22:619][590]Candidate modules for hot reload:
[2018.10.16-10.43.22:619][590]  FIT2097_A2_JackJ
[2018.10.16-10.43.22:619][590]Launching UnrealBuildTool... [C:/Program Files/Epic Games/UE_4.19/Engine/Binaries/DotNET/UnrealBuildTool.exe FIT2097_A2_JackJ -ModuleWithSuffix=FIT2097_A2_JackJ,5785 Win64 Development -editorrecompile -canskiplink "C:/Users/forwa/Documents/FIT2097/FIT2097_A2_JackJayawardene/FIT2097_A2_JackJ/FIT2097_A2_JackJ.uproject" ]
[2018.10.16-10.43.22:625][590]Warning: Starting HotReload took  0.0s.
[2018.10.16-10.45.26:994][179]CompilerResultsLog: New page: Compilation - 17 Oct 2018 8:45:26 am
[2018.10.16-10.45.26:995][179]CompilerResultsLog: Using 'git status' to determine working set for adaptive non-unity build.
[2018.10.16-10.45.26:995][179]CompilerResultsLog: Compiling game modules for hot reload
[2018.10.16-10.45.26:995][179]CompilerResultsLog: Performing 3 actions (2 in parallel)
[2018.10.16-10.45.26:996][179]CompilerResultsLog: MyKey.cpp
[2018.10.16-10.45.26:996][179]CompilerResultsLog: [2/3] Link UE4Editor-FIT2097_A2_JackJ-5785.dll
[2018.10.16-10.45.26:996][179]CompilerResultsLog: [3/3] Link UE4Editor-FIT2097_A2_JackJ-5785.lib
[2018.10.16-10.45.26:996][179]CompilerResultsLog:    Creating library C:\Users\forwa\Documents\FIT2097\FIT2097_A2_JackJayawardene\FIT2097_A2_JackJ\Intermediate\Build\Win64\UE4Editor\Development\UE4Editor-FIT2097_A2_JackJ-5785.lib and object C:\Users\forwa\Documents\FIT2097\FIT2097_A2_JackJayawardene\FIT2097_A2_JackJ\Intermediate\Build\Win64\UE4Editor\Development\UE4Editor-FIT2097_A2_JackJ-5785.exp
[2018.10.16-10.45.26:996][179]CompilerResultsLog:    Creating library C:\Users\forwa\Documents\FIT2097\FIT2097_A2_JackJayawardene\FIT2097_A2_JackJ\Intermediate\Build\Win64\UE4Editor\Development\UE4Editor-FIT2097_A2_JackJ-5785.suppressed.lib and object C:\Users\forwa\Documents\FIT2097\FIT2097_A2_JackJayawardene\FIT2097_A2_JackJ\Intermediate\Build\Win64\UE4Editor\Development\UE4Editor-FIT2097_A2_JackJ-5785.suppressed.exp
[2018.10.16-10.45.26:996][179]CompilerResultsLog: Total build time: 123.73 seconds (Local executor: 110.97 seconds)
[2018.10.16-10.45.26:997][179]LogMainFrame: MainFrame: Module compiling took 124.383 seconds
[2018.10.16-10.45.27:075][179]LogContentBrowser: Native class hierarchy updated for 'FIT2097_A2_JackJ' in 0.0027 seconds. Added 7 classes and 2 folders.
[2018.10.16-10.45.27:078][179]Display: HotReload successful (6 functions remapped  0 scriptstructs remapped)
[2018.10.16-10.45.27:214][179]LogContentBrowser: Native class hierarchy populated in 0.0198 seconds. Added 2460 classes and 562 folders.
[2018.10.16-10.45.27:219][179]Display: HotReload took 124.6s.
[2018.10.16-10.45.33:069][442]LogSlate: FSceneViewport::OnFocusLost() reason 0
[2018.10.16-10.45.34:071][485]LogSlate: Took 0.002541 seconds to synchronously load lazily loaded font '../../../Engine/Content/Slate/Fonts/Roboto-Light.ttf' (167K)
[2018.10.16-10.45.34:172][485]LogUObjectGlobals: Created PersistentFrame Addr=0x0000029be213b740, Size=72, Default__A2_Level_C Function /Game/MyMaps/A2_Level.A2_Level_C:ExecuteUbergraph_A2_Level
[2018.10.16-10.45.34:177][485]LogUObjectGlobals: Destroyed PersistentFrame Addr=0x0000029be213b740, Size=72
[2018.10.16-10.45.34:177][485]LogUObjectGlobals: Created PersistentFrame Addr=0x0000029be29ffa10, Size=72, Default__A2_Level_C Function /Engine/Transient.REINST_A2_Level_C_7:ExecuteUbergraph_A2_Level
[2018.10.16-10.45.34:180][485]LogUObjectGlobals: Created PersistentFrame Addr=0x0000029be29ff1a0, Size=72, Default__A2_Level_C Function /Game/MyMaps/A2_Level.A2_Level_C:ExecuteUbergraph_A2_Level
[2018.10.16-10.45.34:244][485]LogAIModule: Creating AISystem for world A2_Level
[2018.10.16-10.45.34:300][485]LogUObjectGlobals: Destroyed PersistentFrame Addr=0x0000029be29ffa10, Size=72
[2018.10.16-10.45.34:308][485]Cmd: MAP LOAD FILE="../../../../../../Users/forwa/Documents/FIT2097/FIT2097_A2_JackJayawardene/FIT2097_A2_JackJ/Content/MyMaps/A2_Level.umap" TEMPLATE=0 SHOWPROGRESS=1 FEATURELEVEL=3
[2018.10.16-10.45.34:308][485]LightingResults: New page: Lighting Build
[2018.10.16-10.45.34:309][485]LoadErrors: New page: Loading map: A2_Level.umap
[2018.10.16-10.45.34:316][485]MapCheck: New page: Map Check
[2018.10.16-10.45.34:316][485]LightingResults: New page: Lighting Build
[2018.10.16-10.45.34:446][485]LogEditorServer: Finished looking for orphan Actors (0.000 secs)
[2018.10.16-10.45.34:552][485]Cmd: MAP CHECKDEP NOCLEARLOG
[2018.10.16-10.45.34:641][485]MapCheck: Map check complete: 0 Error(s), 0 Warning(s), took 88.063ms to complete.
[2018.10.16-10.45.34:641][485]LogFileHelpers: Loading map 'A2_Level' took 0.337
[2018.10.16-10.45.35:656][518]LogSlate: FSceneViewport::OnFocusLost() reason 2
[2018.10.16-10.45.36:755][582]LogTemp: Repeating last play command: New Editor Window (PIE)
[2018.10.16-10.45.36:785][582]LogBlueprintUserMessages: Early PlayInEditor Detection: Level '/Game/MyMaps/A2_Level.A2_Level:PersistentLevel' has LevelScriptBlueprint '/Game/MyMaps/A2_Level.A2_Level:PersistentLevel.A2_Level' with GeneratedClass '/Game/MyMaps/A2_Level.A2_Level_C' with ClassGeneratedBy '/Game/MyMaps/A2_Level.A2_Level:PersistentLevel.A2_Level'
[2018.10.16-10.45.36:787][582]LogPlayLevel: PlayLevel: No blueprints needed recompiling
[2018.10.16-10.45.36:792][582]PIE: New page: PIE session: A2_Level (17 Oct 2018 8:45:36 am)
[2018.10.16-10.45.36:792][582]LogPlayLevel: Creating play world package: /Game/MyMaps/UEDPIE_1_A2_Level
[2018.10.16-10.45.36:800][582]LogPlayLevel: PIE: StaticDuplicateObject took: (0.007189s)
[2018.10.16-10.45.36:800][582]LogAIModule: Creating AISystem for world A2_Level
[2018.10.16-10.45.36:801][582]LogPlayLevel: PIE: World Init took: (0.001358s)
[2018.10.16-10.45.36:801][582]LogPlayLevel: PIE: Created PIE world by copying editor world from /Game/MyMaps/A2_Level.A2_Level to /Game/MyMaps/UEDPIE_1_A2_Level.A2_Level (0.008852s)
[2018.10.16-10.45.36:818][582]LogInit: XAudio2 using 'Speakers (Realtek High Definition Audio)' : 2 channels at 48 kHz using 32 bits per sample (channel mask 0x3)
[2018.10.16-10.45.36:829][582]LogInit: FAudioDevice initialized.
[2018.10.16-10.45.36:835][582]LogSlate: FSceneViewport::OnFocusLost() reason 2
[2018.10.16-10.45.36:941][582]LogLoad: Game class is 'FIT2097_A2_JackJGameMode'
[2018.10.16-10.45.36:951][582]LogWorld: Bringing World /Game/MyMaps/UEDPIE_1_A2_Level.A2_Level up for play (max tick rate 60) at 2018.10.16-21.45.36
[2018.10.16-10.45.36:955][582]LogWorld: Bringing up level for play took: 0.004010
[2018.10.16-10.45.37:023][582]LogContentBrowser: Native class hierarchy updated for 'MovieSceneCapture' in 0.0013 seconds. Added 11 classes and 0 folders.
[2018.10.16-10.45.37:033][582]LogTemp: Display: ParseSettings for GameNetDriver
[2018.10.16-10.45.37:034][582]LogTemp: Display: ParseSettings for IpNetDriver_0
[2018.10.16-10.45.37:034][582]LogTemp: Display: ParseSettings for GameNetDriver
[2018.10.16-10.45.37:036][582]LogInit: WinSock: Socket queue 131072 / 131072
[2018.10.16-10.45.37:037][582]PacketHandlerLog: Loaded PacketHandler component: Engine.EngineHandlerComponentFactory (StatelessConnectHandlerComponent)
[2018.10.16-10.45.37:039][582]LogNet: GameNetDriver IpNetDriver_0 IpNetDriver listening on port 17777
[2018.10.16-10.45.37:045][582]PIE: Play in editor start time for /Game/MyMaps/UEDPIE_1_A2_Level 0.58
[2018.10.16-10.45.37:047][582]PIE: New page: PIE session: A2_Level (17 Oct 2018 8:45:37 am)
[2018.10.16-10.45.37:059][582]LogSlate: FSceneViewport::OnFocusLost() reason 2
[2018.10.16-10.45.37:146][582]LogNet: Browse: 127.0.0.1:17777//Game/FirstPersonCPP/Maps/FirstPersonExampleMap
[2018.10.16-10.45.37:147][582]LogTemp: Display: ParseSettings for GameNetDriver
[2018.10.16-10.45.37:147][582]LogTemp: Display: ParseSettings for IpNetDriver_1
[2018.10.16-10.45.37:147][582]LogTemp: Display: ParseSettings for PendingNetDriver
[2018.10.16-10.45.37:147][582]LogInit: WinSock: Socket queue 32768 / 32768
[2018.10.16-10.45.37:148][582]PacketHandlerLog: Loaded PacketHandler component: Engine.EngineHandlerComponentFactory (StatelessConnectHandlerComponent)
[2018.10.16-10.45.37:150][582]LogNet: Game client on port 17777, rate 10000
[2018.10.16-10.45.37:155][582]PIE: Play in editor start time for /Game/FirstPersonCPP/Maps/FirstPersonExampleMap 0.689
[2018.10.16-10.45.37:172][582]LogBlueprintUserMessages: Late PlayInEditor Detection: Level '/Game/MyMaps/A2_Level.A2_Level:PersistentLevel' has LevelScriptBlueprint '/Game/MyMaps/A2_Level.A2_Level:PersistentLevel.A2_Level' with GeneratedClass '/Game/MyMaps/A2_Level.A2_Level_C' with ClassGeneratedBy '/Game/MyMaps/A2_Level.A2_Level:PersistentLevel.A2_Level'
[2018.10.16-10.45.37:175][582]LogNet: NotifyAcceptingConnection accepted from: 127.0.0.1:58923
[2018.10.16-10.45.37:176][582]LogHandshake: SendConnectChallenge. Timestamp: 0.016667, Cookie: 102047156218167073064125005067167149116060176052015114140108
[2018.10.16-10.45.37:193][582]LogHandshake: SendChallengeResponse. Timestamp: 0.016667, Cookie: 102047156218167073064125005067167149116060176052015114140108
[2018.10.16-10.45.37:276][582]LogRenderer: Reallocating scene render targets to support 632x480 Format 10 NumSamples 1 (Frame:1).
[2018.10.16-10.45.37:497][583]LogNet: NotifyAcceptingConnection accepted from: 127.0.0.1:58923
[2018.10.16-10.45.37:497][583]LogHandshake: SendChallengeAck. InCookie: 102047156218167073064125005067167149116060176052015114140108
[2018.10.16-10.45.37:497][583]LogNet: Server accepting post-challenge connection from: 127.0.0.1:58923
[2018.10.16-10.45.37:497][583]PacketHandlerLog: Loaded PacketHandler component: Engine.EngineHandlerComponentFactory (StatelessConnectHandlerComponent)
[2018.10.16-10.45.37:499][583]LogNet: NotifyAcceptedConnection: Name: A2_Level, TimeStamp: 10/16/18 21:45:37, [UNetConnection] RemoteAddr: 127.0.0.1:58923, Name: IpConnection_1, Driver: GameNetDriver IpNetDriver_0, IsServer: YES, PC: NULL, Owner: NULL, UniqueId: INVALID
[2018.10.16-10.45.37:500][583]LogNet: AddClientConnection: Added client connection: [UNetConnection] RemoteAddr: 127.0.0.1:58923, Name: IpConnection_1, Driver: GameNetDriver IpNetDriver_0, IsServer: YES, PC: NULL, Owner: NULL, UniqueId: INVALID
[2018.10.16-10.45.37:501][583]LogNetVersion: FIT2097_A2_JackJ 1.0.0.0, NetCL: 3944462, EngineNetVer: 2, GameNetVer: 0 (Checksum: 2461803775)
[2018.10.16-10.45.37:501][583]LogNet: UPendingNetGame::SendInitialJoin: Sending hello. [UNetConnection] RemoteAddr: 127.0.0.1:17777, Name: IpConnection_0, Driver: PendingNetDriver IpNetDriver_1, IsServer: NO, PC: NULL, Owner: NULL, UniqueId: INVALID
[2018.10.16-10.45.37:523][584]LogNet: NotifyAcceptingChannel Control 0 server World /Game/MyMaps/UEDPIE_1_A2_Level.A2_Level: Accepted
[2018.10.16-10.45.37:524][584]LogNet: Remote platform little endian=1
[2018.10.16-10.45.37:525][584]LogNet: This platform little endian=1
[2018.10.16-10.45.37:600][585]LogNet: Login request: /Game/FirstPersonCPP/Maps/FirstPersonExampleMap userId: Invalid
[2018.10.16-10.45.37:602][585]LogNet: Welcomed by server (Level: /Game/MyMaps/UEDPIE_1_A2_Level, Game: /Script/FIT2097_A2_JackJ.FIT2097_A2_JackJGameMode)
[2018.10.16-10.45.37:604][585]LogLoad: LoadMap: 127.0.0.1:17777//Game/MyMaps/UEDPIE_1_A2_Level?game=/Script/FIT2097_A2_JackJ.FIT2097_A2_JackJGameMode
[2018.10.16-10.45.37:627][585]LogAIModule: Creating AISystem for world A2_Level
[2018.10.16-10.45.37:627][585]LogTemp: Display: ParseSettings for GameNetDriver
[2018.10.16-10.45.37:630][585]LogWorld: Bringing World /Game/MyMaps/UEDPIE_2_A2_Level.A2_Level up for play (max tick rate 60) at 2018.10.16-21.45.37
[2018.10.16-10.45.37:630][585]LogWorld: Bringing up level for play took: 0.001229
[2018.10.16-10.45.37:630][585]LogLoad: Took 0.025846 seconds to LoadMap(/Game/MyMaps/UEDPIE_1_A2_Level)
[2018.10.16-10.45.37:653][586]LogNet: Client netspeed is 10000
[2018.10.16-10.45.37:653][586]LogNet: Join request: /Game/FirstPersonCPP/Maps/FirstPersonExampleMap?SplitscreenCount=1
[2018.10.16-10.45.37:675][586]LogNet: Join succeeded: 257
[2018.10.16-10.45.38:439][597]LogSlate: FSceneViewport::OnFocusLost() reason 2
[2018.10.16-10.45.45:874][741]LogWindows: Error: === Critical error: ===
[2018.10.16-10.45.45:874][741]LogWindows: Error: 
[2018.10.16-10.45.45:874][741]LogWindows: Error: Fatal error!
[2018.10.16-10.45.45:874][741]LogWindows: Error: 
[2018.10.16-10.45.45:874][741]LogWindows: Error: Unhandled Exception: EXCEPTION_ACCESS_VIOLATION reading address 0x00000488
[2018.10.16-10.45.45:874][741]LogWindows: Error: 
[2018.10.16-10.45.45:874][741]LogWindows: Error: [Callstack] 0x00000000CFDD67F0 UE4Editor-FIT2097_A2_JackJ-5785.dll!AFIT2097_A2_JackJGameMode::GetKeyState() [c:\users\forwa\documents\fit2097\fit2097_a2_jackjayawardene\fit2097_a2_jackj\source\fit2097_a2_jackj\fit2097_a2_jackjgamemode.cpp:26]
[2018.10.16-10.45.45:874][741]LogWindows: Error: [Callstack] 0x00000000CFDD7F96 UE4Editor-FIT2097_A2_JackJ-5785.dll!AMyDoor::OpenDoor() [c:\users\forwa\documents\fit2097\fit2097_a2_jackjayawardene\fit2097_a2_jackj\source\fit2097_a2_jackj\mydoor.cpp:30]
[2018.10.16-10.45.45:874][741]LogWindows: Error: [Callstack] 0x00000000CFDD42E5 UE4Editor-FIT2097_A2_JackJ-5785.dll!AFIT2097_A2_JackJCharacter::CallMyTrace() [c:\users\forwa\documents\fit2097\fit2097_a2_jackjayawardene\fit2097_a2_jackj\source\fit2097_a2_jackj\fit2097_a2_jackjcharacter.cpp:428]
[2018.10.16-10.45.45:874][741]LogWindows: Error: [Callstack] 0x00000000DD3A1166 UE4Editor-Engine.dll!UnknownFunction []
[2018.10.16-10.45.45:874][741]LogWindows: Error: [Callstack] 0x00000000DD3D30DB UE4Editor-Engine.dll!UnknownFunction []
[2018.10.16-10.45.45:874][741]LogWindows: Error: [Callstack] 0x00000000DCF0A6A9 UE4Editor-Engine.dll!UnknownFunction []
[2018.10.16-10.45.45:874][741]LogWindows: Error: [Callstack] 0x00000000DCF1EF05 UE4Editor-Engine.dll!UnknownFunction []
[2018.10.16-10.45.45:874][741]LogWindows: Error: [Callstack] 0x00000000DCF0816B UE4Editor-Engine.dll!UnknownFunction []
[2018.10.16-10.45.45:874][741]LogWindows: Error: [Callstack] 0x00000000DCF1E0AC UE4Editor-Engine.dll!UnknownFunction []
[2018.10.16-10.45.45:874][741]LogWindows: Error: [Callstack] 0x00000000DC1700E4 UE4Editor-Engine.dll!UnknownFunction []
[2018.10.16-10.45.45:874][741]LogWindows: Error: [Callstack] 0x00000000DD2770BB UE4Editor-Engine.dll!UnknownFunction []
[2018.10.16-10.45.45:875][741]LogWindows: Error: [Callstack] 0x00000000DD27C793 UE4Editor-Engine.dll!UnknownFunction []
[2018.10.16-10.45.45:875][741]LogWindows: Error: [Callstack] 0x00000000015EB713 UE4Editor-Core.dll!UnknownFunction []
[2018.10.16-10.45.45:875][741]LogWindows: Error: [Callstack] 0x00000000015EBD3A UE4Editor-Core.dll!UnknownFunction []
[2018.10.16-10.45.45:875][741]LogWindows: Error: [Callstack] 0x000000000160ECFE UE4Editor-Core.dll!UnknownFunction []
[2018.10.16-10.45.45:875][741]LogWindows: Error: [Callstack] 0x00000000DD29D771 UE4Editor-Engine.dll!UnknownFunction []
[2018.10.16-10.45.45:875][741]LogWindows: Error: [Callstack] 0x00000000DD2A3292 UE4Editor-Engine.dll!UnknownFunction []
[2018.10.16-10.45.45:875][741]LogWindows: Error: [Callstack] 0x00000000DCAFC304 UE4Editor-Engine.dll!UnknownFunction []
[2018.10.16-10.45.45:875][741]LogWindows: Error: [Callstack] 0x00000000DCB0756B UE4Editor-Engine.dll!UnknownFunction []
[2018.10.16-10.45.45:875][741]LogWindows: Error: [Callstack] 0x00000000E10AD781 UE4Editor-UnrealEd.dll!UnknownFunction []
[2018.10.16-10.45.45:875][741]LogWindows: Error: [Callstack] 0x00000000E1949626 UE4Editor-UnrealEd.dll!UnknownFunction []
[2018.10.16-10.45.45:875][741]LogWindows: Error: [Callstack] 0x0000000091B45EAC UE4Editor.exe!UnknownFunction []
[2018.10.16-10.45.45:875][741]LogWindows: Error: [Callstack] 0x0000000091B56BD0 UE4Editor.exe!UnknownFunction []
[2018.10.16-10.45.45:875][741]LogWindows: Error: [Callstack] 0x0000000091B56C4A UE4Editor.exe!UnknownFunction []
[2018.10.16-10.45.45:875][741]LogWindows: Error: [Callstack] 0x0000000091B64177 UE4Editor.exe!UnknownFunction []
[2018.10.16-10.45.45:875][741]LogWindows: Error: [Callstack] 0x0000000091B65B87 UE4Editor.exe!UnknownFunction []
[2018.10.16-10.45.45:875][741]LogWindows: Error: [Callstack] 0x0000000046801FE4 KERNEL32.DLL!UnknownFunction []
[2018.10.16-10.45.45:875][741]LogWindows: Error: [Callstack] 0x000000004862F061 ntdll.dll!UnknownFunction []
[2018.10.16-10.45.45:875][741]LogWindows: Error: [Callstack] 0x000000004862F061 ntdll.dll!UnknownFunction []
[2018.10.16-10.45.45:875][741]LogWindows: Error: 
[2018.10.16-10.45.45:889][741]LogExit: Executing StaticShutdownAfterError
[2018.10.16-10.45.45:905][741]LogWindows: FPlatformMisc::RequestExit(1)
[2018.10.16-10.45.45:906][741]Log file closed, 10/16/18 21:45:45
