Log file open, 10/16/18 21:36:03
LogWindows: Failed to load 'aqProf.dll' (GetLastError=126)
LogWindows: File 'aqProf.dll' does not exist
LogWindows: Failed to load 'VtuneApi.dll' (GetLastError=126)
LogWindows: File 'VtuneApi.dll' does not exist
LogWindows: Failed to load 'VtuneApi32e.dll' (GetLastError=126)
LogWindows: File 'VtuneApi32e.dll' does not exist
LogInit: Display: Running engine for game: FIT2097_A2_JackJ
LogPlatformFile: Not using cached read wrapper
LogInit: Display: RandInit(-27838436) SRandInit(-27838435).
LogInit: Read version file with build ID '3944462'
LogInit: Overriding engine version to CL 4033788, compatible CL 3944462
LogInit: Registered custom module enumerator with build ID '3944462'
LogTaskGraph: Started task graph with 5 named threads and 11 total threads with 3 sets of task threads.
LogStats: Stats thread started at 0.196805
LogD3D11RHI: Aftermath initialized
LogICUInternationalization: Display: ICU TimeZone Detection - Raw Offset: +10:00, Platform Override: ''
LogPluginManager: Mounting plugin Paper2D
LogPluginManager: Mounting plugin LiveLink
LogPluginManager: Mounting plugin LightPropagationVolume
LogPluginManager: Mounting plugin CLionSourceCodeAccess
LogPluginManager: Mounting plugin CodeLiteSourceCodeAccess
LogPluginManager: Mounting plugin GitSourceControl
LogPluginManager: Mounting plugin KDevelopSourceCodeAccess
LogPluginManager: Mounting plugin NullSourceCodeAccess
LogPluginManager: Mounting plugin PerforceSourceControl
LogPluginManager: Mounting plugin SubversionSourceControl
LogPluginManager: Mounting plugin UObjectPlugin
LogPluginManager: Mounting plugin VisualStudioCodeSourceCodeAccess
LogPluginManager: Mounting plugin VisualStudioSourceCodeAccess
LogPluginManager: Mounting plugin XCodeSourceCodeAccess
LogPluginManager: Mounting plugin AssetManagerEditor
LogPluginManager: Mounting plugin CryptoKeys
LogPluginManager: Mounting plugin DataValidation
LogPluginManager: Mounting plugin FacialAnimation
LogPluginManager: Mounting plugin GameplayTagsEditor
LogPluginManager: Mounting plugin MobileLauncherProfileWizard
LogPluginManager: Mounting plugin PluginBrowser
LogPluginManager: Mounting plugin SpeedTreeImporter
LogPluginManager: Mounting plugin DatasmithContent
LogPluginManager: Mounting plugin AlembicImporter
LogPluginManager: Mounting plugin CharacterAI
LogPluginManager: Mounting plugin HTML5Networking
LogPluginManager: Mounting plugin AndroidMedia
LogPluginManager: Mounting plugin AvfMedia
LogPluginManager: Mounting plugin ImgMedia
LogPluginManager: Mounting plugin LinearTimecode
LogPluginManager: Mounting plugin MediaCompositing
LogPluginManager: Mounting plugin MediaPlayerEditor
LogPluginManager: Mounting plugin WmfMedia
LogPluginManager: Mounting plugin TcpMessaging
LogPluginManager: Mounting plugin UdpMessaging
LogPluginManager: Mounting plugin ActorSequence
LogPluginManager: Mounting plugin LevelSequenceEditor
LogPluginManager: Mounting plugin MatineeToLevelSequence
LogPluginManager: Mounting plugin NetcodeUnitTest
LogPluginManager: Mounting plugin NUTUnrealEngine4
LogPluginManager: Mounting plugin OnlineSubsystemGooglePlay
LogPluginManager: Mounting plugin OnlineSubsystemIOS
LogPluginManager: Mounting plugin OnlineSubsystem
LogPluginManager: Mounting plugin OnlineSubsystemNull
LogPluginManager: Mounting plugin OnlineSubsystemUtils
LogPluginManager: Mounting plugin AndroidDeviceProfileSelector
LogPluginManager: Mounting plugin AndroidMoviePlayer
LogPluginManager: Mounting plugin AndroidPermission
LogPluginManager: Mounting plugin AppleARKit
LogPluginManager: Mounting plugin AppleMoviePlayer
LogPluginManager: Mounting plugin ArchVisCharacter
LogPluginManager: Mounting plugin AudioCapture
LogPluginManager: Mounting plugin CableComponent
LogPluginManager: Mounting plugin CustomMeshComponent
LogPluginManager: Mounting plugin ExampleDeviceProfileSelector
LogPluginManager: Mounting plugin GoogleCloudMessaging
LogPluginManager: Mounting plugin ImmediatePhysics
LogPluginManager: Mounting plugin IOSDeviceProfileSelector
LogPluginManager: Mounting plugin LinuxDeviceProfileSelector
LogPluginManager: Mounting plugin LocationServicesBPLibrary
LogPluginManager: Mounting plugin MobilePatchingUtils
LogPluginManager: Mounting plugin OculusVR
LogPluginManager: Plugin shader directory ../../../Engine/Plugins/Runtime/Oculus/OculusVR/Shaders found
LogPluginManager: Mapping shader source directory ../../../Engine/Plugins/Runtime/Oculus/OculusVR/Shaders to virtual directory /Plugin/OculusVR
LogPluginManager: Mounting plugin PhysXVehicles
LogPluginManager: Mounting plugin ProceduralMeshComponent
LogPluginManager: Mounting plugin RuntimePhysXCooking
LogPluginManager: Mounting plugin SteamVR
LogPluginManager: Mounting plugin WindowsMoviePlayer
LogStreaming: Display: Took  0.177s to configure plugins.
LogModuleManager: Display: Found up-to-date module file ../../../../../../Users/forwa/Documents/FIT2097/FIT2097_A2_JackJayawardene/FIT2097_A2_JackJ/Binaries/Win64/UE4Editor-FIT2097_A2_JackJ-3577.dll (API version 3944462).
LogModuleManager: Display: Found up-to-date module file ../../../Engine/Plugins/2D/Paper2D/Binaries/Win64/UE4Editor-Paper2D.dll (API version 3944462).
LogModuleManager: Display: Found up-to-date module file ../../../Engine/Plugins/2D/Paper2D/Binaries/Win64/UE4Editor-Paper2DEditor.dll (API version 3944462).
LogModuleManager: Display: Found up-to-date module file ../../../Engine/Plugins/2D/Paper2D/Binaries/Win64/UE4Editor-PaperSpriteSheetImporter.dll (API version 3944462).
LogModuleManager: Display: Found up-to-date module file ../../../Engine/Plugins/2D/Paper2D/Binaries/Win64/UE4Editor-PaperTiledImporter.dll (API version 3944462).
LogModuleManager: Display: Found up-to-date module file ../../../Engine/Plugins/2D/Paper2D/Binaries/Win64/UE4Editor-SmartSnapping.dll (API version 3944462).
LogModuleManager: Display: Found up-to-date module file ../../../Engine/Plugins/Animation/LiveLink/Binaries/Win64/UE4Editor-LiveLink.dll (API version 3944462).
LogModuleManager: Display: Found up-to-date module file ../../../Engine/Plugins/Animation/LiveLink/Binaries/Win64/UE4Editor-LiveLinkEditor.dll (API version 3944462).
LogModuleManager: Display: Found up-to-date module file ../../../Engine/Plugins/Blendables/LightPropagationVolume/Binaries/Win64/UE4Editor-LightPropagationVolumeRuntime.dll (API version 3944462).
LogModuleManager: Display: Found up-to-date module file ../../../Engine/Plugins/Blendables/LightPropagationVolume/Binaries/Win64/UE4Editor-LightPropagationVolumeEditor.dll (API version 3944462).
LogModuleManager: Display: Found up-to-date module file ../../../Engine/Plugins/Developer/CLionSourceCodeAccess/Binaries/Win64/UE4Editor-CLionSourceCodeAccess.dll (API version 3944462).
LogModuleManager: Display: Found up-to-date module file ../../../Engine/Plugins/Developer/GitSourceControl/Binaries/Win64/UE4Editor-GitSourceControl.dll (API version 3944462).
LogModuleManager: Display: Found up-to-date module file ../../../Engine/Plugins/Developer/PerforceSourceControl/Binaries/Win64/UE4Editor-PerforceSourceControl.dll (API version 3944462).
LogModuleManager: Display: Found up-to-date module file ../../../Engine/Plugins/Developer/SubversionSourceControl/Binaries/Win64/UE4Editor-SubversionSourceControl.dll (API version 3944462).
LogModuleManager: Display: Found up-to-date module file ../../../Engine/Plugins/Developer/UObjectPlugin/Binaries/Win64/UE4Editor-UObjectPlugin.dll (API version 3944462).
LogModuleManager: Display: Found up-to-date module file ../../../Engine/Plugins/Developer/VisualStudioCodeSourceCodeAccess/Binaries/Win64/UE4Editor-VisualStudioCodeSourceCodeAccess.dll (API version 3944462).
LogModuleManager: Display: Found up-to-date module file ../../../Engine/Plugins/Developer/VisualStudioSourceCodeAccess/Binaries/Win64/UE4Editor-VisualStudioSourceCodeAccess.dll (API version 3944462).
LogModuleManager: Display: Found up-to-date module file ../../../Engine/Plugins/Editor/AssetManagerEditor/Binaries/Win64/UE4Editor-AssetManagerEditor.dll (API version 3944462).
LogModuleManager: Display: Found up-to-date module file ../../../Engine/Plugins/Editor/CryptoKeys/Binaries/Win64/UE4Editor-CryptoKeys.dll (API version 3944462).
LogModuleManager: Display: Found up-to-date module file ../../../Engine/Plugins/Editor/CryptoKeys/Binaries/Win64/UE4Editor-CryptoKeysOpenSSL.dll (API version 3944462).
LogModuleManager: Display: Found up-to-date module file ../../../Engine/Plugins/Editor/DataValidation/Binaries/Win64/UE4Editor-DataValidation.dll (API version 3944462).
LogModuleManager: Display: Found up-to-date module file ../../../Engine/Plugins/Editor/FacialAnimation/Binaries/Win64/UE4Editor-FacialAnimation.dll (API version 3944462).
LogModuleManager: Display: Found up-to-date module file ../../../Engine/Plugins/Editor/FacialAnimation/Binaries/Win64/UE4Editor-FacialAnimationEditor.dll (API version 3944462).
LogModuleManager: Display: Found up-to-date module file ../../../Engine/Plugins/Editor/GameplayTagsEditor/Binaries/Win64/UE4Editor-GameplayTagsEditor.dll (API version 3944462).
LogModuleManager: Display: Found up-to-date module file ../../../Engine/Plugins/Editor/MobileLauncherProfileWizard/Binaries/Win64/UE4Editor-MobileLauncherProfileWizard.dll (API version 3944462).
LogModuleManager: Display: Found up-to-date module file ../../../Engine/Plugins/Editor/PluginBrowser/Binaries/Win64/UE4Editor-PluginBrowser.dll (API version 3944462).
LogModuleManager: Display: Found up-to-date module file ../../../Engine/Plugins/Editor/SpeedTreeImporter/Binaries/Win64/UE4Editor-SpeedTreeImporter.dll (API version 3944462).
LogModuleManager: Display: Found up-to-date module file ../../../Engine/Plugins/Enterprise/DatasmithContent/Binaries/Win64/UE4Editor-DatasmithContent.dll (API version 3944462).
LogModuleManager: Display: Found up-to-date module file ../../../Engine/Plugins/Experimental/AlembicImporter/Binaries/Win64/UE4Editor-AlembicImporter.dll (API version 3944462).
LogModuleManager: Display: Found up-to-date module file ../../../Engine/Plugins/Experimental/AlembicImporter/Binaries/Win64/UE4Editor-AlembicLibrary.dll (API version 3944462).
LogModuleManager: Display: Found up-to-date module file ../../../Engine/Plugins/Experimental/CharacterAI/Binaries/Win64/UE4Editor-CharacterAI.dll (API version 3944462).
LogModuleManager: Display: Found up-to-date module file ../../../Engine/Plugins/Experimental/HTML5Networking/Binaries/Win64/UE4Editor-HTML5Networking.dll (API version 3944462).
LogModuleManager: Display: Found up-to-date module file ../../../Engine/Plugins/Media/AndroidMedia/Binaries/Win64/UE4Editor-AndroidMediaEditor.dll (API version 3944462).
LogModuleManager: Display: Found up-to-date module file ../../../Engine/Plugins/Media/AndroidMedia/Binaries/Win64/UE4Editor-AndroidMediaFactory.dll (API version 3944462).
LogModuleManager: Display: Found up-to-date module file ../../../Engine/Plugins/Media/AvfMedia/Binaries/Win64/UE4Editor-AvfMediaEditor.dll (API version 3944462).
LogModuleManager: Display: Found up-to-date module file ../../../Engine/Plugins/Media/AvfMedia/Binaries/Win64/UE4Editor-AvfMediaFactory.dll (API version 3944462).
LogModuleManager: Display: Found up-to-date module file ../../../Engine/Plugins/Media/AvfMedia/Binaries/Win64/UE4Editor-AvfMediaFactory.dll (API version 3944462).
LogModuleManager: Display: Found up-to-date module file ../../../Engine/Plugins/Media/ImgMedia/Binaries/Win64/UE4Editor-ImgMedia.dll (API version 3944462).
LogModuleManager: Display: Found up-to-date module file ../../../Engine/Plugins/Media/ImgMedia/Binaries/Win64/UE4Editor-ImgMediaEditor.dll (API version 3944462).
LogModuleManager: Display: Found up-to-date module file ../../../Engine/Plugins/Media/ImgMedia/Binaries/Win64/UE4Editor-ImgMediaFactory.dll (API version 3944462).
LogModuleManager: Display: Found up-to-date module file ../../../Engine/Plugins/Media/ImgMedia/Binaries/Win64/UE4Editor-ImgMediaFactory.dll (API version 3944462).
LogModuleManager: Display: Found up-to-date module file ../../../Engine/Plugins/Media/ImgMedia/Binaries/Win64/UE4Editor-OpenExrWrapper.dll (API version 3944462).
LogModuleManager: Display: Found up-to-date module file ../../../Engine/Plugins/Media/LinearTimecode/Binaries/Win64/UE4Editor-LinearTimecode.dll (API version 3944462).
LogModuleManager: Display: Found up-to-date module file ../../../Engine/Plugins/Media/MediaCompositing/Binaries/Win64/UE4Editor-MediaCompositing.dll (API version 3944462).
LogModuleManager: Display: Found up-to-date module file ../../../Engine/Plugins/Media/MediaCompositing/Binaries/Win64/UE4Editor-MediaCompositingEditor.dll (API version 3944462).
LogModuleManager: Display: Found up-to-date module file ../../../Engine/Plugins/Media/MediaPlayerEditor/Binaries/Win64/UE4Editor-MediaPlayerEditor.dll (API version 3944462).
LogModuleManager: Display: Found up-to-date module file ../../../Engine/Plugins/Media/WmfMedia/Binaries/Win64/UE4Editor-WmfMedia.dll (API version 3944462).
LogModuleManager: Display: Found up-to-date module file ../../../Engine/Plugins/Media/WmfMedia/Binaries/Win64/UE4Editor-WmfMediaEditor.dll (API version 3944462).
LogModuleManager: Display: Found up-to-date module file ../../../Engine/Plugins/Media/WmfMedia/Binaries/Win64/UE4Editor-WmfMediaFactory.dll (API version 3944462).
LogModuleManager: Display: Found up-to-date module file ../../../Engine/Plugins/Media/WmfMedia/Binaries/Win64/UE4Editor-WmfMediaFactory.dll (API version 3944462).
LogModuleManager: Display: Found up-to-date module file ../../../Engine/Plugins/Messaging/TcpMessaging/Binaries/Win64/UE4Editor-TcpMessaging.dll (API version 3944462).
LogModuleManager: Display: Found up-to-date module file ../../../Engine/Plugins/Messaging/UdpMessaging/Binaries/Win64/UE4Editor-UdpMessaging.dll (API version 3944462).
LogModuleManager: Display: Found up-to-date module file ../../../Engine/Plugins/MovieScene/ActorSequence/Binaries/Win64/UE4Editor-ActorSequence.dll (API version 3944462).
LogModuleManager: Display: Found up-to-date module file ../../../Engine/Plugins/MovieScene/LevelSequenceEditor/Binaries/Win64/UE4Editor-LevelSequenceEditor.dll (API version 3944462).
LogModuleManager: Display: Found up-to-date module file ../../../Engine/Plugins/MovieScene/MatineeToLevelSequence/Binaries/Win64/UE4Editor-MatineeToLevelSequence.dll (API version 3944462).
LogModuleManager: Display: Found up-to-date module file ../../../Engine/Plugins/NetcodeUnitTest/NetcodeUnitTest/Binaries/Win64/UE4Editor-NetcodeUnitTest.dll (API version 3944462).
LogModuleManager: Display: Found up-to-date module file ../../../Engine/Plugins/NetcodeUnitTest/NUTUnrealEngine4/Binaries/Win64/UE4Editor-NUTUnrealEngine4.dll (API version 3944462).
LogModuleManager: Display: Found up-to-date module file ../../../Engine/Plugins/Online/OnlineSubsystem/Binaries/Win64/UE4Editor-OnlineSubsystem.dll (API version 3944462).
LogModuleManager: Display: Found up-to-date module file ../../../Engine/Plugins/Online/OnlineSubsystemNull/Binaries/Win64/UE4Editor-OnlineSubsystemNull.dll (API version 3944462).
LogModuleManager: Display: Found up-to-date module file ../../../Engine/Plugins/Online/OnlineSubsystemUtils/Binaries/Win64/UE4Editor-OnlineSubsystemUtils.dll (API version 3944462).
LogModuleManager: Display: Found up-to-date module file ../../../Engine/Plugins/Online/OnlineSubsystemUtils/Binaries/Win64/UE4Editor-OnlineBlueprintSupport.dll (API version 3944462).
LogModuleManager: Display: Found up-to-date module file ../../../Engine/Plugins/Runtime/AndroidDeviceProfileSelector/Binaries/Win64/UE4Editor-AndroidDeviceProfileSelector.dll (API version 3944462).
LogModuleManager: Display: Found up-to-date module file ../../../Engine/Plugins/Runtime/AndroidPermission/Binaries/Win64/UE4Editor-AndroidPermission.dll (API version 3944462).
LogModuleManager: Display: Found up-to-date module file ../../../Engine/Plugins/Runtime/AppleARKit/Binaries/Win64/UE4Editor-AppleARKit.dll (API version 3944462).
LogModuleManager: Display: Found up-to-date module file ../../../Engine/Plugins/Runtime/ArchVisCharacter/Binaries/Win64/UE4Editor-ArchVisCharacter.dll (API version 3944462).
LogModuleManager: Display: Found up-to-date module file ../../../Engine/Plugins/Runtime/AudioCapture/Binaries/Win64/UE4Editor-AudioCapture.dll (API version 3944462).
LogModuleManager: Display: Found up-to-date module file ../../../Engine/Plugins/Runtime/AudioCapture/Binaries/Win64/UE4Editor-AudioCaptureEditor.dll (API version 3944462).
LogModuleManager: Display: Found up-to-date module file ../../../Engine/Plugins/Runtime/CableComponent/Binaries/Win64/UE4Editor-CableComponent.dll (API version 3944462).
LogModuleManager: Display: Found up-to-date module file ../../../Engine/Plugins/Runtime/CustomMeshComponent/Binaries/Win64/UE4Editor-CustomMeshComponent.dll (API version 3944462).
LogModuleManager: Display: Found up-to-date module file ../../../Engine/Plugins/Runtime/ExampleDeviceProfileSelector/Binaries/Win64/UE4Editor-ExampleDeviceProfileSelector.dll (API version 3944462).
LogModuleManager: Display: Found up-to-date module file ../../../Engine/Plugins/Runtime/ImmediatePhysics/Binaries/Win64/UE4Editor-ImmediatePhysics.dll (API version 3944462).
LogModuleManager: Display: Found up-to-date module file ../../../Engine/Plugins/Runtime/ImmediatePhysics/Binaries/Win64/UE4Editor-ImmediatePhysicsEditor.dll (API version 3944462).
LogModuleManager: Display: Found up-to-date module file ../../../Engine/Plugins/Runtime/LocationServicesBPLibrary/Binaries/Win64/UE4Editor-LocationServicesBPLibrary.dll (API version 3944462).
LogModuleManager: Display: Found up-to-date module file ../../../Engine/Plugins/Runtime/MobilePatchingUtils/Binaries/Win64/UE4Editor-MobilePatchingUtils.dll (API version 3944462).
LogModuleManager: Display: Found up-to-date module file ../../../Engine/Plugins/Runtime/Oculus/OculusVR/Binaries/Win64/UE4Editor-OculusHMD.dll (API version 3944462).
LogModuleManager: Display: Found up-to-date module file ../../../Engine/Plugins/Runtime/Oculus/OculusVR/Binaries/Win64/UE4Editor-OculusInput.dll (API version 3944462).
LogModuleManager: Display: Found up-to-date module file ../../../Engine/Plugins/Runtime/Oculus/OculusVR/Binaries/Win64/UE4Editor-OculusEditor.dll (API version 3944462).
LogModuleManager: Display: Found up-to-date module file ../../../Engine/Plugins/Runtime/PhysXVehicles/Binaries/Win64/UE4Editor-PhysXVehicles.dll (API version 3944462).
LogModuleManager: Display: Found up-to-date module file ../../../Engine/Plugins/Runtime/PhysXVehicles/Binaries/Win64/UE4Editor-PhysXVehiclesEditor.dll (API version 3944462).
LogModuleManager: Display: Found up-to-date module file ../../../Engine/Plugins/Runtime/ProceduralMeshComponent/Binaries/Win64/UE4Editor-ProceduralMeshComponent.dll (API version 3944462).
LogModuleManager: Display: Found up-to-date module file ../../../Engine/Plugins/Runtime/ProceduralMeshComponent/Binaries/Win64/UE4Editor-ProceduralMeshComponentEditor.dll (API version 3944462).
LogModuleManager: Display: Found up-to-date module file ../../../Engine/Plugins/Runtime/RuntimePhysXCooking/Binaries/Win64/UE4Editor-RuntimePhysXCooking.dll (API version 3944462).
LogModuleManager: Display: Found up-to-date module file ../../../Engine/Plugins/Runtime/Steam/SteamVR/Binaries/Win64/UE4Editor-SteamVR.dll (API version 3944462).
LogModuleManager: Display: Found up-to-date module file ../../../Engine/Plugins/Runtime/Steam/SteamVR/Binaries/Win64/UE4Editor-SteamVRController.dll (API version 3944462).
LogModuleManager: Display: Found up-to-date module file ../../../Engine/Plugins/Runtime/WindowsMoviePlayer/Binaries/Win64/UE4Editor-WindowsMoviePlayer.dll (API version 3944462).
LogInit: Using libcurl 7.47.1
LogInit:  - built for x86_64-pc-win32
LogInit:  - supports SSL with OpenSSL/1.0.2g
LogInit:  - supports HTTP deflate (compression) using libz 1.2.8
LogInit:  - other features:
LogInit:      CURL_VERSION_SSL
LogInit:      CURL_VERSION_LIBZ
LogInit:      CURL_VERSION_IPV6
LogInit:      CURL_VERSION_ASYNCHDNS
LogInit:      CURL_VERSION_LARGEFILE
LogInit:      CURL_VERSION_IDN
LogInit:  CurlRequestOptions (configurable via config and command line):
LogInit:  - bVerifyPeer = false  - Libcurl will NOT verify peer certificate
LogInit:  - bUseHttpProxy = false  - Libcurl will NOT use HTTP proxy
LogInit:  - bDontReuseConnections = false  - Libcurl will reuse connections
LogInit:  - CertBundlePath = nullptr  - Libcurl will use whatever was configured at build time.
LogInit:  - MaxHostConnections = 16  - Libcurl will limit the number of connections to a host
LogInit:  - LocalHostAddr = Default
LogInit: WinSock: version 1.1 (2.2), MaxSocks=32767, MaxUdp=65467
LogInit: WinSock: I am LAPTOP-K9NIICDG (192.168.1.22:0)
LogInit: Build: ++UE4+Release-4.19-CL-4033788
LogInit: Engine Version: 4.19.2-4033788+++UE4+Release-4.19
LogInit: Compatible Engine Version: 4.19.0-3944462+++UE4+Release-4.19
LogInit: Net CL: 3944462
LogDevObjectVersion: Number of dev versions registered: 18
LogDevObjectVersion:   Dev-Blueprints (B0D832E4-1F89-4F0D-ACCF-7EB736FD4AA2): 10
LogDevObjectVersion:   Dev-Build (E1C64328-A22C-4D53-A36C-8E866417BD8C): 0
LogDevObjectVersion:   Dev-Core (375EC13C-06E4-48FB-B500-84F0262A717E): 2
LogDevObjectVersion:   Dev-Editor (E4B068ED-F494-42E9-A231-DA0B2E46BB41): 23
LogDevObjectVersion:   Dev-Framework (CFFC743F-43B0-4480-9391-14DF171D2073): 33
LogDevObjectVersion:   Dev-Mobile (B02B49B5-BB20-44E9-A304-32B752E40360): 2
LogDevObjectVersion:   Dev-Networking (A4E4105C-59A1-49B5-A7C5-40C4547EDFEE): 0
LogDevObjectVersion:   Dev-Online (39C831C9-5AE6-47DC-9A44-9C173E1C8E7C): 0
LogDevObjectVersion:   Dev-Physics (78F01B33-EBEA-4F98-B9B4-84EACCB95AA2): 0
LogDevObjectVersion:   Dev-Platform (6631380F-2D4D-43E0-8009-CF276956A95A): 0
LogDevObjectVersion:   Dev-Rendering (12F88B9F-8875-4AFC-A67C-D90C383ABD29): 25
LogDevObjectVersion:   Dev-Sequencer (7B5AE74C-D270-4C10-A958-57980B212A5A): 6
LogDevObjectVersion:   Dev-VR (D7296918-1DD6-4BDD-9DE2-64A83CC13884): 1
LogDevObjectVersion:   Dev-LoadTimes (C2A15278-BFE7-4AFE-6C17-90FF531DF755): 1
LogDevObjectVersion:   Private-Geometry (6EACA3D4-40EC-4CC1-B786-8BED09428FC5): 2
LogDevObjectVersion:   Dev-AnimPhys (29E575DD-E0A3-4627-9D10-D276232CDCEA): 16
LogDevObjectVersion:   Dev-ReflectionCapture (6B266CEC-1EC7-4B8F-A30B-E4D90942FC07): 1
LogDevObjectVersion:   Dev-Automation (0DF73D61-A23F-47EA-B727-89E90C41499A): 1
LogInit: Compiled (64-bit): Apr 27 2018 02:06:57
LogInit: Compiled with Visual C++: 19.00.24215.01
LogInit: Build Configuration: Development
LogInit: Branch Name: ++UE4+Release-4.19
LogInit: Command Line: 
LogInit: Base Directory: C:/Program Files/Epic Games/UE_4.19/Engine/Binaries/Win64/
LogInit: Installed Engine Build: 1
LogStreaming: Display: Took  0.003s to delete old logs.
LogInit: Presizing for max 8388607 objects, including 0 objects not considered by GC, pre-allocating 0 bytes for permanent pool.
LogInit: Object subsystem initialized
[2018.10.16-10.36.05:928][  0]LogInit: Selected Device Profile: [Windows]
[2018.10.16-10.36.05:928][  0]LogInit: Applying CVar settings loaded from the selected device profile: [Windows]
[2018.10.16-10.36.05:941][  0]LogInit: Computer: LAPTOP-K9NIICDG
[2018.10.16-10.36.05:941][  0]LogInit: User: forwa
[2018.10.16-10.36.05:941][  0]LogInit: CPU Page size=4096, Cores=2
[2018.10.16-10.36.05:941][  0]LogInit: High frequency timer resolution =2.835942 MHz
[2018.10.16-10.36.05:941][  0]LogMemory: Memory total: Physical=7.9GB (8GB approx)
[2018.10.16-10.36.05:941][  0]LogMemory: Platform Memory Stats for Windows
[2018.10.16-10.36.05:941][  0]LogMemory: Process Physical Memory: 274.29 MB used, 274.29 MB peak
[2018.10.16-10.36.05:941][  0]LogMemory: Process Virtual Memory: 266.05 MB used, 266.05 MB peak
[2018.10.16-10.36.05:941][  0]LogMemory: Physical Memory: 6216.42 MB used,  1843.71 MB free, 8060.13 MB total
[2018.10.16-10.36.05:941][  0]LogMemory: Virtual Memory: 685.59 MB used,  1843.71 MB free, 134217728.00 MB total
[2018.10.16-10.36.05:985][  0]LogInit: Using OS detected language (en-US).
[2018.10.16-10.36.05:985][  0]LogInit: Using OS detected locale (en-AU).
[2018.10.16-10.36.05:988][  0]LogTextLocalizationManager: No specific localization for 'en-US' exists, so the 'en' localization will be used.
[2018.10.16-10.36.06:539][  0]LogStreaming: Display: Took  0.555s to EndInitTextLocalization.
[2018.10.16-10.36.06:540][  0]LogInit: Setting process to per monitor DPI aware
[2018.10.16-10.36.06:581][  0]LogSlate: New Slate User Created.  User Index 0, Is Virtual User: 0
[2018.10.16-10.36.06:581][  0]LogSlate: Slate User Registered.  User Index 0, Is Virtual User: 0
[2018.10.16-10.36.06:828][  0]LogD3D11RHI: D3D11 adapters:
[2018.10.16-10.36.06:836][  0]LogD3D11RHI:    0. 'Intel(R) HD Graphics 620' (Feature Level 11_0)
[2018.10.16-10.36.06:836][  0]LogD3D11RHI:       128/0/4030 MB DedicatedVideo/DedicatedSystem/SharedSystem, Outputs:1, VendorId:0x8086
[2018.10.16-10.36.06:846][  0]LogD3D11RHI:    1. 'Microsoft Basic Render Driver' (Feature Level 11_0)
[2018.10.16-10.36.06:846][  0]LogD3D11RHI:       0/0/4030 MB DedicatedVideo/DedicatedSystem/SharedSystem, Outputs:0, VendorId:0x1414
[2018.10.16-10.36.06:846][  0]LogD3D11RHI: Chosen D3D11 Adapter: 0
[2018.10.16-10.36.06:857][  0]LogD3D11RHI: Creating new Direct3DDevice
[2018.10.16-10.36.06:857][  0]LogD3D11RHI:     GPU DeviceId: 0x5916 (for the marketing name, search the web for "GPU Device Id")
[2018.10.16-10.36.06:858][  0]LogWindows: EnumDisplayDevices:
[2018.10.16-10.36.06:858][  0]LogWindows:    0. 'Intel(R) HD Graphics 620' (P:1 D:1)
[2018.10.16-10.36.06:858][  0]LogWindows:    1. 'Intel(R) HD Graphics 620' (P:0 D:0)
[2018.10.16-10.36.06:858][  0]LogWindows:    2. 'Intel(R) HD Graphics 620' (P:0 D:0)
[2018.10.16-10.36.06:858][  0]LogWindows: DebugString: GetVideoDriverDetailsInvalid PrimaryIsNotTheChoosenAdapter GetVideoDriverDetailsInvalid PrimaryIsNotTheChoosenAdapter GetVideoDriverDetailsInvalid PrimaryIsNotTheChoosenAdapter FoundDriverCount:0 
[2018.10.16-10.36.06:858][  0]LogD3D11RHI:     Adapter Name: Intel(R) HD Graphics 620
[2018.10.16-10.36.06:858][  0]LogD3D11RHI:   Driver Version: Unknown (internal:Unknown, unified:Unknown)
[2018.10.16-10.36.06:858][  0]LogD3D11RHI:      Driver Date: Unknown
[2018.10.16-10.36.06:858][  0]LogRHI: Texture pool is 1500 MB (70% of 2143 MB)
[2018.10.16-10.36.06:865][  0]LogD3D11RHI: Async texture creation enabled
[2018.10.16-10.36.06:870][  0]LogD3D11RHI: GPU Timing Frequency: 12.000000 (Debug: 2 0)
[2018.10.16-10.36.06:871][  0]LogShaderCompilers: Guid format shader working directory is -46 characters bigger than the processId version (../../../../../../Users/forwa/Documents/FIT2097/FIT2097_A2_JackJayawardene/FIT2097_A2_JackJ/Intermediate/Shaders/WorkingDirectory/18568/).
[2018.10.16-10.36.06:871][  0]LogShaderCompilers: Cleaned the shader compiler working directory 'C:/Users/forwa/AppData/Local/Temp/UnrealShaderWorkingDir/1103B59A44932287369A169F81D1E9D6/'.
[2018.10.16-10.36.07:358][  0]LogTemp: Display: Loaded TP AllDesktopTargetPlatform
[2018.10.16-10.36.07:379][  0]LogTemp: Display: Loaded TP MacClientTargetPlatform
[2018.10.16-10.36.07:397][  0]LogTemp: Display: Loaded TP MacNoEditorTargetPlatform
[2018.10.16-10.36.07:417][  0]LogTemp: Display: Loaded TP MacServerTargetPlatform
[2018.10.16-10.36.07:440][  0]LogTemp: Display: Loaded TP MacTargetPlatform
[2018.10.16-10.36.07:460][  0]LogTemp: Display: Loaded TP WindowsClientTargetPlatform
[2018.10.16-10.36.07:481][  0]LogTemp: Display: Loaded TP WindowsNoEditorTargetPlatform
[2018.10.16-10.36.07:502][  0]LogTemp: Display: Loaded TP WindowsServerTargetPlatform
[2018.10.16-10.36.07:512][  0]LogTemp: Display: Loaded TP WindowsTargetPlatform
[2018.10.16-10.36.07:528][  0]LogTemp: Display: Loaded TP Android_ASTCTargetPlatform
[2018.10.16-10.36.07:542][  0]LogTemp: Display: Loaded TP Android_ATCTargetPlatform
[2018.10.16-10.36.07:560][  0]LogTemp: Display: Loaded TP Android_DXTTargetPlatform
[2018.10.16-10.36.07:577][  0]LogTemp: Display: Loaded TP Android_ETC1aTargetPlatform
[2018.10.16-10.36.07:593][  0]LogTemp: Display: Loaded TP Android_ETC1TargetPlatform
[2018.10.16-10.36.07:611][  0]LogTemp: Display: Loaded TP Android_ETC2TargetPlatform
[2018.10.16-10.36.07:645][  0]LogTemp: Display: Loaded TP Android_MultiTargetPlatform
[2018.10.16-10.36.07:645][  0]LogTemp: Display: Loaded TP Android_PVRTCTargetPlatform
[2018.10.16-10.36.07:660][  0]LogTemp: Display: Loaded TP AndroidTargetPlatform
[2018.10.16-10.36.07:663][  0]LogTemp: Display: Loaded TP HTML5TargetPlatform
[2018.10.16-10.36.07:709][  0]LogTemp: Display: Loaded TP IOSTargetPlatform
[2018.10.16-10.36.07:723][  0]LogTemp: Display: Loaded TP TVOSTargetPlatform
[2018.10.16-10.36.07:740][  0]LogTemp: Display: Loaded TP LinuxClientTargetPlatform
[2018.10.16-10.36.07:758][  0]LogTemp: Display: Loaded TP LinuxNoEditorTargetPlatform
[2018.10.16-10.36.07:774][  0]LogTemp: Display: Loaded TP LinuxServerTargetPlatform
[2018.10.16-10.36.07:791][  0]LogTemp: Display: Loaded TP LinuxTargetPlatform
[2018.10.16-10.36.07:791][  0]LogTargetPlatformManager: Display: Building Assets For Windows
[2018.10.16-10.36.07:967][  0]LogXGEController: Cleaning working directory: C:/Users/forwa/AppData/Local/Temp/UnrealXGEWorkingDir/
[2018.10.16-10.36.07:967][  0]LogXGEController: Cannot use XGE Controller as Incredibuild is not installed on this machine.
[2018.10.16-10.36.07:967][  0]LogShaderCompilers: Cannot use XGE Shader Compiler as Incredibuild is not installed on this machine.
[2018.10.16-10.36.07:967][  0]LogShaderCompilers: Display: Using Local Shader Compiler.
[2018.10.16-10.36.08:892][  0]LogDerivedDataCache: Display: Max Cache Size: 512 MB
[2018.10.16-10.36.09:100][  0]LogDerivedDataCache: Loaded boot cache 0.21s 79MB C:/Users/forwa/AppData/Local/UnrealEngine/4.19/DerivedDataCache/Boot.ddc.
[2018.10.16-10.36.09:100][  0]LogDerivedDataCache: Display: Loaded Boot cache: C:/Users/forwa/AppData/Local/UnrealEngine/4.19/DerivedDataCache/Boot.ddc
[2018.10.16-10.36.09:100][  0]LogDerivedDataCache: FDerivedDataBackendGraph:  Pak pak cache file ../../../../../../Users/forwa/Documents/FIT2097/FIT2097_A2_JackJayawardene/FIT2097_A2_JackJ/DerivedDataCache/DDC.ddp not found, will not use a pak cache.
[2018.10.16-10.36.09:100][  0]LogDerivedDataCache: Unable to find inner node Pak for hierarchical cache Hierarchy.
[2018.10.16-10.36.09:100][  0]LogDerivedDataCache: FDerivedDataBackendGraph:  CompressedPak pak cache file ../../../../../../Users/forwa/Documents/FIT2097/FIT2097_A2_JackJayawardene/FIT2097_A2_JackJ/DerivedDataCache/Compressed.ddp not found, will not use a pak cache.
[2018.10.16-10.36.09:100][  0]LogDerivedDataCache: Unable to find inner node CompressedPak for hierarchical cache Hierarchy.
[2018.10.16-10.36.09:117][  0]LogDerivedDataCache: Display: Pak cache opened for reading ../../../Engine/DerivedDataCache/Compressed.ddp.
[2018.10.16-10.36.09:130][  0]LogDerivedDataCache: Using Local data cache path C:/Users/forwa/AppData/Local/UnrealEngine/Common/DerivedDataCache: Writable
[2018.10.16-10.36.09:130][  0]LogDerivedDataCache: Shared data cache path not found in *engine.ini, will not use an Shared cache.
[2018.10.16-10.36.09:130][  0]LogDerivedDataCache: Unable to find inner node Shared for hierarchical cache Hierarchy.
[2018.10.16-10.36.09:142][  0]LogMaterial: Verifying Global Shaders for PCD3D_SM5
[2018.10.16-10.36.09:143][  0]LogSlate: Using Freetype 2.6.0
[2018.10.16-10.36.09:144][  0]LogSlate: SlateFontCache - WITH_FREETYPE: 1, WITH_HARFBUZZ: 1
[2018.10.16-10.36.09:144][  0]LogSlate: SlateFontCache - WITH_FREETYPE: 1, WITH_HARFBUZZ: 1
[2018.10.16-10.36.09:353][  0]LogAssetRegistry: FAssetRegistry took 0.0270 seconds to start up
[2018.10.16-10.36.09:739][  0]LogInit: Selected Device Profile: [Windows]
[2018.10.16-10.36.09:920][  0]LogSimplygon: Simplygon DLL not present - disabling.
[2018.10.16-10.36.09:924][  0]LogMeshReduction: Using SimplygonSwarm for distributed automatic mesh merging
[2018.10.16-10.36.09:924][  0]LogMeshReduction: Using QuadricMeshReduction for automatic static mesh reduction
[2018.10.16-10.36.09:924][  0]LogMeshReduction: No automatic skeletal mesh reduction module available
[2018.10.16-10.36.09:924][  0]LogMeshReduction: No automatic mesh merging module available
[2018.10.16-10.36.09:924][  0]LogMeshMerging: No automatic mesh merging module available
[2018.10.16-10.36.09:963][  0]LogNetVersion: FIT2097_A2_JackJ , NetCL: 3944462, EngineNetVer: 2, GameNetVer: 0 (Checksum: 3629837584)
[2018.10.16-10.36.10:534][  0]LogPackageLocalizationCache: Processed 9 localized package path(s) for 2 prioritized culture(s) in 0.118582 seconds
[2018.10.16-10.36.10:542][  0]LogUObjectArray: 36728 objects as part of root set at end of initial load.
[2018.10.16-10.36.10:542][  0]LogUObjectAllocator: 7314304 out of 0 bytes used by permanent object pool.
[2018.10.16-10.36.10:542][  0]LogUObjectArray: CloseDisregardForGC: 0/0 objects in disregard for GC pool
[2018.10.16-10.36.12:747][  0]LogTcpMessaging: Initializing TcpMessaging bridge
[2018.10.16-10.36.12:782][  0]LogUdpMessaging: Initializing bridge on interface 0.0.0.0:0 to multicast group 230.0.0.1:6666.
[2018.10.16-10.36.13:127][  0]LogUObjectGlobals: Created PersistentFrame Addr=0x0000029267327b50, Size=72, Default__FirstPerson_AnimBP_C Function /Game/FirstPerson/Animations/FirstPerson_AnimBP.FirstPerson_AnimBP_C:ExecuteUbergraph_FirstPerson_AnimBP
[2018.10.16-10.36.13:135][  0]LogUObjectGlobals: Destroyed PersistentFrame Addr=0x0000029267327b50, Size=72
[2018.10.16-10.36.13:135][  0]LogUObjectGlobals: Created PersistentFrame Addr=0x00000292672bab60, Size=72, Default__FirstPerson_AnimBP_C Function /Engine/Transient.REINST_FirstPerson_AnimBP_C_0:ExecuteUbergraph_FirstPerson_AnimBP
[2018.10.16-10.36.13:144][  0]LogUObjectGlobals: Created PersistentFrame Addr=0x0000029266f64180, Size=72, Default__FirstPerson_AnimBP_C Function /Game/FirstPerson/Animations/FirstPerson_AnimBP.FirstPerson_AnimBP_C:ExecuteUbergraph_FirstPerson_AnimBP
[2018.10.16-10.36.13:164][  0]LogUObjectGlobals: Created PersistentFrame Addr=0x0000029266f2ec00, Size=64, Default__ThirdPerson_AnimBP_C Function /Game/Mannequin/Animations/ThirdPerson_AnimBP.ThirdPerson_AnimBP_C:ExecuteUbergraph_ThirdPerson_AnimBP
[2018.10.16-10.36.13:176][  0]LogUObjectGlobals: Destroyed PersistentFrame Addr=0x0000029266f2ec00, Size=64
[2018.10.16-10.36.13:176][  0]LogUObjectGlobals: Created PersistentFrame Addr=0x0000029266f2ec00, Size=64, Default__ThirdPerson_AnimBP_C Function /Engine/Transient.REINST_ThirdPerson_AnimBP_C_1:ExecuteUbergraph_ThirdPerson_AnimBP
[2018.10.16-10.36.13:185][  0]LogUObjectGlobals: Created PersistentFrame Addr=0x0000029267b2aa20, Size=72, Default__ThirdPerson_AnimBP_C Function /Game/Mannequin/Animations/ThirdPerson_AnimBP.ThirdPerson_AnimBP_C:ExecuteUbergraph_ThirdPerson_AnimBP
[2018.10.16-10.36.13:365][  0]LogSkeletalMesh: Skeletal Mesh found in DDC [1.310676ms] /Game/FirstPerson/Character/Mesh/SK_Mannequin_Arms.SK_Mannequin_Arms
[2018.10.16-10.36.13:379][  0]LogSkeletalMesh: Skeletal Mesh found in DDC [0.674555ms] /Game/FirstPerson/FPWeapon/Mesh/SK_FPGun.SK_FPGun
[2018.10.16-10.36.13:396][  0]LogSkeletalMesh: Skeletal Mesh found in DDC [2.172118ms] /Game/Mannequin/Character/Mesh/SK_Mannequin.SK_Mannequin
[2018.10.16-10.36.13:580][  0]SourceControl: Source control is disabled
[2018.10.16-10.36.13:580][  0]SourceControl: Source control is disabled
[2018.10.16-10.36.13:606][  0]SourceControl: Source control is disabled
[2018.10.16-10.36.13:628][  0]SourceControl: Source control is disabled
[2018.10.16-10.36.14:293][  0]LogAndroidPermission: UAndroidPermissionCallbackProxy::GetInstance
[2018.10.16-10.36.14:519][  0]LogOcInput: OculusInput pre-init called
[2018.10.16-10.36.14:680][  0]LogEngine: Initializing Engine...
[2018.10.16-10.36.14:682][  0]LogHMD: Failed to initialize OpenVR with code 110
[2018.10.16-10.36.14:684][  0]LogStats: UGameplayTagsManager::ConstructGameplayTagTree: Construct from data asset -  0.000 s
[2018.10.16-10.36.14:684][  0]LogStats: UGameplayTagsManager::ConstructGameplayTagTree: GameplayTagTreeChangedEvent.Broadcast -  0.000 s
[2018.10.16-10.36.15:052][  0]LogAIModule: Creating AISystem for world Untitled
[2018.10.16-10.36.15:087][  0]LogInit: XAudio2 using 'Speakers (Realtek High Definition Audio)' : 2 channels at 48 kHz using 32 bits per sample (channel mask 0x3)
[2018.10.16-10.36.15:229][  0]LogInit: FAudioDevice initialized.
[2018.10.16-10.36.15:323][  0]LogDerivedDataCache: Saved boot cache 0.09s 79MB C:/Users/forwa/AppData/Local/UnrealEngine/4.19/DerivedDataCache/Boot.ddc.
[2018.10.16-10.36.15:340][  0]LogInit: Texture streaming: Enabled
[2018.10.16-10.36.15:378][  0]LogEngineSessionManager: EngineSessionManager initialized
[2018.10.16-10.36.15:378][  0]LogEngineSessionManager: EngineSessionManager sent abnormal shutdown report. Type=Crashed, SessionId={2F9E3867-4A65-EE60-6D03-D4A287F19E16}
[2018.10.16-10.36.15:412][  0]LogInit: Transaction tracking system initialized
[2018.10.16-10.36.15:495][  0]BlueprintLog: New page: Editor Load
[2018.10.16-10.36.15:767][  0]LocalizationService: Localization service is disabled
[2018.10.16-10.36.15:961][  0]LogConsoleResponse: Display: 
[2018.10.16-10.36.16:231][  0]LogCook: Display: Max memory allowance for cook 16384mb min free memory 0mb
[2018.10.16-10.36.16:232][  0]LogCook: Display: Mobile HDR setting 1
[2018.10.16-10.36.16:232][  0]LogGameplayTags: Display: UGameplayTagsManager::DoneAddingNativeTags. DelegateIsBound: 0
[2018.10.16-10.36.16:232][  0]LogStats: UGameplayTagsManager::ConstructGameplayTagTree: Construct from data asset -  0.000 s
[2018.10.16-10.36.16:232][  0]LogStats: UGameplayTagsManager::ConstructGameplayTagTree: GameplayTagTreeChangedEvent.Broadcast -  0.000 s
[2018.10.16-10.36.16:748][  0]LogFileCache: Scanning file cache for directory 'C:/Users/forwa/Documents/FIT2097/FIT2097_A2_JackJayawardene/FIT2097_A2_JackJ/Content/' took 0.02s
[2018.10.16-10.36.16:891][  0]SourceControl: Source control is disabled
[2018.10.16-10.36.16:896][  0]LightingResults: New page: Lighting Build
[2018.10.16-10.36.16:907][  0]MapCheck: New page: Map Check
[2018.10.16-10.36.16:907][  0]LightingResults: New page: Lighting Build
[2018.10.16-10.36.16:933][  0]LogUObjectGlobals: Destroyed PersistentFrame Addr=0x00000292672bab60, Size=72
[2018.10.16-10.36.16:934][  0]LogUObjectGlobals: Destroyed PersistentFrame Addr=0x0000029266f2ec00, Size=64
[2018.10.16-10.36.17:239][  0]LogAIModule: Creating AISystem for world FirstPersonExampleMap
[2018.10.16-10.36.17:302][  0]LogEditorServer: Finished looking for orphan Actors (0.000 secs)
[2018.10.16-10.36.17:334][  0]Cmd: MAP CHECKDEP NOCLEARLOG
[2018.10.16-10.36.17:408][  0]MapCheck: Map check complete: 0 Error(s), 0 Warning(s), took 74.218ms to complete.
[2018.10.16-10.36.17:408][  0]LogFileHelpers: Loading map 'FirstPersonExampleMap' took 0.517
[2018.10.16-10.36.17:634][  0]LogCollectionManager: Loaded 0 collections in 0.002241 seconds
[2018.10.16-10.36.17:677][  0]LogFileCache: Scanning file cache for directory 'C:/Users/forwa/Documents/FIT2097/FIT2097_A2_JackJayawardene/FIT2097_A2_JackJ/Saved/Collections/' took 0.01s
[2018.10.16-10.36.17:678][  0]LogFileCache: Scanning file cache for directory 'C:/Users/forwa/Documents/FIT2097/FIT2097_A2_JackJayawardene/FIT2097_A2_JackJ/Content/Developers/forwa/Collections/' took 0.01s
[2018.10.16-10.36.17:678][  0]LogFileCache: Scanning file cache for directory 'C:/Users/forwa/Documents/FIT2097/FIT2097_A2_JackJayawardene/FIT2097_A2_JackJ/Content/Collections/' took 0.01s
[2018.10.16-10.36.17:678][  0]LogCollectionManager: Rebuilt the GUID cache for 0 collections in 0.000001 seconds
[2018.10.16-10.36.17:690][  0]LogContentBrowser: Native class hierarchy populated in 0.0122 seconds. Added 2459 classes and 560 folders.
[2018.10.16-10.36.17:700][  0]LogContentBrowser: Native class hierarchy updated for 'WidgetCarousel' in 0.0009 seconds. Added 0 classes and 0 folders.
[2018.10.16-10.36.17:854][  0]LogContentBrowser: Native class hierarchy updated for 'AddContentDialog' in 0.0010 seconds. Added 0 classes and 0 folders.
[2018.10.16-10.36.17:869][  0]LogContentBrowser: Native class hierarchy updated for 'SceneOutliner' in 0.0014 seconds. Added 1 classes and 2 folders.
[2018.10.16-10.36.17:985][  0]LogSlate: Took 0.001901 seconds to synchronously load lazily loaded font '../../../Engine/Content/Slate/Fonts/Roboto-Regular.ttf' (155K)
[2018.10.16-10.36.17:989][  0]LogSlate: Took 0.001738 seconds to synchronously load lazily loaded font '../../../Engine/Content/Slate/Fonts/Roboto-Bold.ttf' (160K)
[2018.10.16-10.36.18:001][  0]LogSlate: Took 0.001451 seconds to synchronously load lazily loaded font '../../../Engine/Content/Editor/Slate/Fonts/FontAwesome.ttf' (139K)
[2018.10.16-10.36.18:143][  0]LogRenderer: Reallocating scene render targets to support 632x272 Format 10 NumSamples 1 (Frame:1).
[2018.10.16-10.36.19:266][  0]LogContentBrowser: Native class hierarchy updated for 'HierarchicalLODOutliner' in 0.0012 seconds. Added 0 classes and 0 folders.
[2018.10.16-10.36.19:266][  0]LogLoad: (Engine Initialization) Total time: 17.93 seconds
[2018.10.16-10.36.19:266][  0]LogLoad: (Engine Initialization) Total Blueprint compile time: 0.00 seconds
[2018.10.16-10.36.19:642][  0]LogContentStreaming: Texture pool size now 1000 MB
[2018.10.16-10.36.19:701][  0]LogSlate: Took 0.001957 seconds to synchronously load lazily loaded font '../../../Engine/Content/Slate/Fonts/Roboto-Light.ttf' (167K)
[2018.10.16-10.36.20:284][  2]LogAssetRegistry: Asset discovery search completed in 10.9535 seconds
[2018.10.16-10.36.20:287][  2]LogCollectionManager: Rebuilt the object cache for 0 collections in 0.000000 seconds (found 0 objects)
[2018.10.16-10.36.20:287][  2]LogCollectionManager: Fixed up redirectors for 0 collections in 0.000089 seconds (updated 0 objects)
[2018.10.16-10.37.10:106][230]LogSlate: FSceneViewport::OnFocusLost() reason 0
[2018.10.16-10.37.11:501][291]LogSlate: Took 0.004081 seconds to synchronously load lazily loaded font '../../../Engine/Content/Slate/Fonts/Roboto-Light.ttf' (167K)
[2018.10.16-10.37.11:618][291]LogUObjectGlobals: Created PersistentFrame Addr=0x0000029203f5e430, Size=72, Default__A2_Level_C Function /Game/MyMaps/A2_Level.A2_Level_C:ExecuteUbergraph_A2_Level
[2018.10.16-10.37.11:626][291]LogUObjectGlobals: Destroyed PersistentFrame Addr=0x0000029203f5e430, Size=72
[2018.10.16-10.37.11:626][291]LogUObjectGlobals: Created PersistentFrame Addr=0x0000029203be2700, Size=72, Default__A2_Level_C Function /Engine/Transient.REINST_A2_Level_C_7:ExecuteUbergraph_A2_Level
[2018.10.16-10.37.11:630][291]LogUObjectGlobals: Created PersistentFrame Addr=0x0000029203be12b0, Size=72, Default__A2_Level_C Function /Game/MyMaps/A2_Level.A2_Level_C:ExecuteUbergraph_A2_Level
[2018.10.16-10.37.11:701][291]LogAIModule: Creating AISystem for world A2_Level
[2018.10.16-10.37.11:750][291]LogUObjectGlobals: Destroyed PersistentFrame Addr=0x0000029203be2700, Size=72
[2018.10.16-10.37.11:755][291]Cmd: MAP LOAD FILE="../../../../../../Users/forwa/Documents/FIT2097/FIT2097_A2_JackJayawardene/FIT2097_A2_JackJ/Content/MyMaps/A2_Level.umap" TEMPLATE=0 SHOWPROGRESS=1 FEATURELEVEL=3
[2018.10.16-10.37.11:756][291]LightingResults: New page: Lighting Build
[2018.10.16-10.37.11:756][291]LoadErrors: New page: Loading map: A2_Level.umap
[2018.10.16-10.37.11:764][291]MapCheck: New page: Map Check
[2018.10.16-10.37.11:764][291]LightingResults: New page: Lighting Build
[2018.10.16-10.37.11:884][291]LogEditorServer: Finished looking for orphan Actors (0.000 secs)
[2018.10.16-10.37.11:926][291]Cmd: MAP CHECKDEP NOCLEARLOG
[2018.10.16-10.37.12:007][291]MapCheck: Map check complete: 0 Error(s), 0 Warning(s), took 79.974ms to complete.
[2018.10.16-10.37.12:007][291]LogFileHelpers: Loading map 'A2_Level' took 0.255
[2018.10.16-10.37.14:963][423]Candidate modules for hot reload:
[2018.10.16-10.37.14:963][423]  FIT2097_A2_JackJ
[2018.10.16-10.37.14:963][423]Launching UnrealBuildTool... [C:/Program Files/Epic Games/UE_4.19/Engine/Binaries/DotNET/UnrealBuildTool.exe FIT2097_A2_JackJ -ModuleWithSuffix=FIT2097_A2_JackJ,3373 Win64 Development -editorrecompile -canskiplink "C:/Users/forwa/Documents/FIT2097/FIT2097_A2_JackJayawardene/FIT2097_A2_JackJ/FIT2097_A2_JackJ.uproject" ]
[2018.10.16-10.37.14:970][423]Warning: Starting HotReload took  0.0s.
[2018.10.16-10.40.53:940][457]CompilerResultsLog: New page: Compilation - 17 Oct 2018 8:40:53 am
[2018.10.16-10.40.53:942][457]CompilerResultsLog: Using 'git status' to determine working set for adaptive non-unity build.
[2018.10.16-10.40.53:942][457]CompilerResultsLog: Compiling game modules for hot reload
[2018.10.16-10.40.53:942][457]CompilerResultsLog: Performing 3 actions (2 in parallel)
[2018.10.16-10.40.53:942][457]CompilerResultsLog: MyKey.cpp
[2018.10.16-10.40.53:942][457]CompilerResultsLog: [2/3] Link UE4Editor-FIT2097_A2_JackJ-3373.dll
[2018.10.16-10.40.53:942][457]CompilerResultsLog: [3/3] Link UE4Editor-FIT2097_A2_JackJ-3373.lib
[2018.10.16-10.40.53:942][457]CompilerResultsLog:    Creating library C:\Users\forwa\Documents\FIT2097\FIT2097_A2_JackJayawardene\FIT2097_A2_JackJ\Intermediate\Build\Win64\UE4Editor\Development\UE4Editor-FIT2097_A2_JackJ-3373.lib and object C:\Users\forwa\Documents\FIT2097\FIT2097_A2_JackJayawardene\FIT2097_A2_JackJ\Intermediate\Build\Win64\UE4Editor\Development\UE4Editor-FIT2097_A2_JackJ-3373.exp
[2018.10.16-10.40.53:942][457]CompilerResultsLog:    Creating library C:\Users\forwa\Documents\FIT2097\FIT2097_A2_JackJayawardene\FIT2097_A2_JackJ\Intermediate\Build\Win64\UE4Editor\Development\UE4Editor-FIT2097_A2_JackJ-3373.suppressed.lib and object C:\Users\forwa\Documents\FIT2097\FIT2097_A2_JackJayawardene\FIT2097_A2_JackJ\Intermediate\Build\Win64\UE4Editor\Development\UE4Editor-FIT2097_A2_JackJ-3373.suppressed.exp
[2018.10.16-10.40.53:942][457]CompilerResultsLog: Total build time: 217.76 seconds (Local executor: 209.92 seconds)
[2018.10.16-10.40.53:943][457]LogMainFrame: MainFrame: Module compiling took 218.991 seconds
[2018.10.16-10.40.54:007][457]LogContentBrowser: Native class hierarchy updated for 'FIT2097_A2_JackJ' in 0.0024 seconds. Added 7 classes and 2 folders.
[2018.10.16-10.40.54:011][457]Display: HotReload successful (6 functions remapped  0 scriptstructs remapped)
[2018.10.16-10.40.54:148][457]LogContentBrowser: Native class hierarchy populated in 0.0194 seconds. Added 2460 classes and 562 folders.
[2018.10.16-10.40.54:152][457]Display: HotReload took 219.2s.
[2018.10.16-10.41.02:670][856]LogTemp: Repeating last play command: New Editor Window (PIE)
[2018.10.16-10.41.02:698][856]LogBlueprintUserMessages: Early PlayInEditor Detection: Level '/Game/MyMaps/A2_Level.A2_Level:PersistentLevel' has LevelScriptBlueprint '/Game/MyMaps/A2_Level.A2_Level:PersistentLevel.A2_Level' with GeneratedClass '/Game/MyMaps/A2_Level.A2_Level_C' with ClassGeneratedBy '/Game/MyMaps/A2_Level.A2_Level:PersistentLevel.A2_Level'
[2018.10.16-10.41.02:700][856]LogPlayLevel: PlayLevel: No blueprints needed recompiling
[2018.10.16-10.41.02:705][856]PIE: New page: PIE session: A2_Level (17 Oct 2018 8:41:02 am)
[2018.10.16-10.41.02:705][856]LogPlayLevel: Creating play world package: /Game/MyMaps/UEDPIE_1_A2_Level
[2018.10.16-10.41.02:713][856]LogPlayLevel: PIE: StaticDuplicateObject took: (0.008403s)
[2018.10.16-10.41.02:714][856]LogAIModule: Creating AISystem for world A2_Level
[2018.10.16-10.41.02:715][856]LogPlayLevel: PIE: World Init took: (0.001384s)
[2018.10.16-10.41.02:715][856]LogPlayLevel: PIE: Created PIE world by copying editor world from /Game/MyMaps/A2_Level.A2_Level to /Game/MyMaps/UEDPIE_1_A2_Level.A2_Level (0.010022s)
[2018.10.16-10.41.02:733][856]LogInit: XAudio2 using 'Speakers (Realtek High Definition Audio)' : 2 channels at 48 kHz using 32 bits per sample (channel mask 0x3)
[2018.10.16-10.41.02:747][856]LogInit: FAudioDevice initialized.
[2018.10.16-10.41.02:857][856]LogLoad: Game class is 'FIT2097_A2_JackJGameMode'
[2018.10.16-10.41.02:868][856]LogWorld: Bringing World /Game/MyMaps/UEDPIE_1_A2_Level.A2_Level up for play (max tick rate 60) at 2018.10.16-21.41.02
[2018.10.16-10.41.02:872][856]LogWorld: Bringing up level for play took: 0.004634
[2018.10.16-10.41.02:949][856]LogContentBrowser: Native class hierarchy updated for 'MovieSceneCapture' in 0.0011 seconds. Added 11 classes and 0 folders.
[2018.10.16-10.41.02:961][856]LogTemp: Display: ParseSettings for GameNetDriver
[2018.10.16-10.41.02:962][856]LogTemp: Display: ParseSettings for IpNetDriver_0
[2018.10.16-10.41.02:962][856]LogTemp: Display: ParseSettings for GameNetDriver
[2018.10.16-10.41.02:964][856]LogInit: WinSock: Socket queue 131072 / 131072
[2018.10.16-10.41.02:965][856]PacketHandlerLog: Loaded PacketHandler component: Engine.EngineHandlerComponentFactory (StatelessConnectHandlerComponent)
[2018.10.16-10.41.02:967][856]LogNet: GameNetDriver IpNetDriver_0 IpNetDriver listening on port 17777
[2018.10.16-10.41.02:974][856]PIE: Play in editor start time for /Game/MyMaps/UEDPIE_1_A2_Level 0.508
[2018.10.16-10.41.02:976][856]PIE: New page: PIE session: A2_Level (17 Oct 2018 8:41:02 am)
[2018.10.16-10.41.02:984][856]LogSlate: FSceneViewport::OnFocusLost() reason 2
[2018.10.16-10.41.03:083][856]LogNet: Browse: 127.0.0.1:17777//Game/FirstPersonCPP/Maps/FirstPersonExampleMap
[2018.10.16-10.41.03:083][856]LogTemp: Display: ParseSettings for GameNetDriver
[2018.10.16-10.41.03:083][856]LogTemp: Display: ParseSettings for IpNetDriver_1
[2018.10.16-10.41.03:083][856]LogTemp: Display: ParseSettings for PendingNetDriver
[2018.10.16-10.41.03:083][856]LogInit: WinSock: Socket queue 32768 / 32768
[2018.10.16-10.41.03:084][856]PacketHandlerLog: Loaded PacketHandler component: Engine.EngineHandlerComponentFactory (StatelessConnectHandlerComponent)
[2018.10.16-10.41.03:085][856]LogNet: Game client on port 17777, rate 10000
[2018.10.16-10.41.03:093][856]PIE: Play in editor start time for /Game/FirstPersonCPP/Maps/FirstPersonExampleMap 0.627
[2018.10.16-10.41.03:107][856]LogBlueprintUserMessages: Late PlayInEditor Detection: Level '/Game/MyMaps/A2_Level.A2_Level:PersistentLevel' has LevelScriptBlueprint '/Game/MyMaps/A2_Level.A2_Level:PersistentLevel.A2_Level' with GeneratedClass '/Game/MyMaps/A2_Level.A2_Level_C' with ClassGeneratedBy '/Game/MyMaps/A2_Level.A2_Level:PersistentLevel.A2_Level'
[2018.10.16-10.41.03:110][856]LogNet: NotifyAcceptingConnection accepted from: 127.0.0.1:61664
[2018.10.16-10.41.03:111][856]LogHandshake: SendConnectChallenge. Timestamp: 0.016667, Cookie: 073097020015123030067060089170228223244240054189013221054196
[2018.10.16-10.41.03:131][856]LogHandshake: SendChallengeResponse. Timestamp: 0.016667, Cookie: 073097020015123030067060089170228223244240054189013221054196
[2018.10.16-10.41.03:226][856]LogRenderer: Reallocating scene render targets to support 632x480 Format 10 NumSamples 1 (Frame:1).
[2018.10.16-10.41.03:450][857]LogNet: NotifyAcceptingConnection accepted from: 127.0.0.1:61664
[2018.10.16-10.41.03:450][857]LogHandshake: SendChallengeAck. InCookie: 073097020015123030067060089170228223244240054189013221054196
[2018.10.16-10.41.03:451][857]LogNet: Server accepting post-challenge connection from: 127.0.0.1:61664
[2018.10.16-10.41.03:451][857]PacketHandlerLog: Loaded PacketHandler component: Engine.EngineHandlerComponentFactory (StatelessConnectHandlerComponent)
[2018.10.16-10.41.03:452][857]LogNet: NotifyAcceptedConnection: Name: A2_Level, TimeStamp: 10/16/18 21:41:03, [UNetConnection] RemoteAddr: 127.0.0.1:61664, Name: IpConnection_1, Driver: GameNetDriver IpNetDriver_0, IsServer: YES, PC: NULL, Owner: NULL, UniqueId: INVALID
[2018.10.16-10.41.03:453][857]LogNet: AddClientConnection: Added client connection: [UNetConnection] RemoteAddr: 127.0.0.1:61664, Name: IpConnection_1, Driver: GameNetDriver IpNetDriver_0, IsServer: YES, PC: NULL, Owner: NULL, UniqueId: INVALID
[2018.10.16-10.41.03:454][857]LogNetVersion: FIT2097_A2_JackJ 1.0.0.0, NetCL: 3944462, EngineNetVer: 2, GameNetVer: 0 (Checksum: 2461803775)
[2018.10.16-10.41.03:455][857]LogNet: UPendingNetGame::SendInitialJoin: Sending hello. [UNetConnection] RemoteAddr: 127.0.0.1:17777, Name: IpConnection_0, Driver: PendingNetDriver IpNetDriver_1, IsServer: NO, PC: NULL, Owner: NULL, UniqueId: INVALID
[2018.10.16-10.41.03:486][858]LogNet: NotifyAcceptingChannel Control 0 server World /Game/MyMaps/UEDPIE_1_A2_Level.A2_Level: Accepted
[2018.10.16-10.41.03:487][858]LogNet: Remote platform little endian=1
[2018.10.16-10.41.03:487][858]LogNet: This platform little endian=1
[2018.10.16-10.41.03:564][859]LogNet: Login request: /Game/FirstPersonCPP/Maps/FirstPersonExampleMap userId: Invalid
[2018.10.16-10.41.03:565][859]LogNet: Welcomed by server (Level: /Game/MyMaps/UEDPIE_1_A2_Level, Game: /Script/FIT2097_A2_JackJ.FIT2097_A2_JackJGameMode)
[2018.10.16-10.41.03:566][859]LogLoad: LoadMap: 127.0.0.1:17777//Game/MyMaps/UEDPIE_1_A2_Level?game=/Script/FIT2097_A2_JackJ.FIT2097_A2_JackJGameMode
[2018.10.16-10.41.03:589][859]LogAIModule: Creating AISystem for world A2_Level
[2018.10.16-10.41.03:590][859]LogTemp: Display: ParseSettings for GameNetDriver
[2018.10.16-10.41.03:594][859]LogWorld: Bringing World /Game/MyMaps/UEDPIE_2_A2_Level.A2_Level up for play (max tick rate 60) at 2018.10.16-21.41.03
[2018.10.16-10.41.03:594][859]LogWorld: Bringing up level for play took: 0.002134
[2018.10.16-10.41.03:595][859]LogLoad: Took 0.028166 seconds to LoadMap(/Game/MyMaps/UEDPIE_1_A2_Level)
[2018.10.16-10.41.03:626][860]LogNet: Client netspeed is 10000
[2018.10.16-10.41.03:626][860]LogNet: Join request: /Game/FirstPersonCPP/Maps/FirstPersonExampleMap?SplitscreenCount=1
[2018.10.16-10.41.03:644][860]LogNet: Join succeeded: 257
[2018.10.16-10.41.06:268][914]LogSlate: FSceneViewport::OnFocusLost() reason 2
[2018.10.16-10.41.16:063][110]LogWindows: Error: === Critical error: ===
[2018.10.16-10.41.16:063][110]LogWindows: Error: 
[2018.10.16-10.41.16:064][110]LogWindows: Error: Fatal error!
[2018.10.16-10.41.16:064][110]LogWindows: Error: 
[2018.10.16-10.41.16:064][110]LogWindows: Error: Unhandled Exception: EXCEPTION_ACCESS_VIOLATION reading address 0x00000488
[2018.10.16-10.41.16:064][110]LogWindows: Error: 
[2018.10.16-10.41.16:064][110]LogWindows: Error: [Callstack] 0x00000000D55F67F0 UE4Editor-FIT2097_A2_JackJ-3373.dll!AFIT2097_A2_JackJGameMode::GetKeyState() [c:\users\forwa\documents\fit2097\fit2097_a2_jackjayawardene\fit2097_a2_jackj\source\fit2097_a2_jackj\fit2097_a2_jackjgamemode.cpp:26]
[2018.10.16-10.41.16:064][110]LogWindows: Error: [Callstack] 0x00000000D55F7F96 UE4Editor-FIT2097_A2_JackJ-3373.dll!AMyDoor::OpenDoor() [c:\users\forwa\documents\fit2097\fit2097_a2_jackjayawardene\fit2097_a2_jackj\source\fit2097_a2_jackj\mydoor.cpp:30]
[2018.10.16-10.41.16:064][110]LogWindows: Error: [Callstack] 0x00000000D55F42E5 UE4Editor-FIT2097_A2_JackJ-3373.dll!AFIT2097_A2_JackJCharacter::CallMyTrace() [c:\users\forwa\documents\fit2097\fit2097_a2_jackjayawardene\fit2097_a2_jackj\source\fit2097_a2_jackj\fit2097_a2_jackjcharacter.cpp:428]
[2018.10.16-10.41.16:064][110]LogWindows: Error: [Callstack] 0x00000000DD3A1166 UE4Editor-Engine.dll!UnknownFunction []
[2018.10.16-10.41.16:064][110]LogWindows: Error: [Callstack] 0x00000000DD3D30DB UE4Editor-Engine.dll!UnknownFunction []
[2018.10.16-10.41.16:064][110]LogWindows: Error: [Callstack] 0x00000000DCF0A6A9 UE4Editor-Engine.dll!UnknownFunction []
[2018.10.16-10.41.16:064][110]LogWindows: Error: [Callstack] 0x00000000DCF1EF05 UE4Editor-Engine.dll!UnknownFunction []
[2018.10.16-10.41.16:064][110]LogWindows: Error: [Callstack] 0x00000000DCF0816B UE4Editor-Engine.dll!UnknownFunction []
[2018.10.16-10.41.16:064][110]LogWindows: Error: [Callstack] 0x00000000DCF1E0AC UE4Editor-Engine.dll!UnknownFunction []
[2018.10.16-10.41.16:064][110]LogWindows: Error: [Callstack] 0x00000000DC1700E4 UE4Editor-Engine.dll!UnknownFunction []
[2018.10.16-10.41.16:064][110]LogWindows: Error: [Callstack] 0x00000000DD2770BB UE4Editor-Engine.dll!UnknownFunction []
[2018.10.16-10.41.16:064][110]LogWindows: Error: [Callstack] 0x00000000DD27C793 UE4Editor-Engine.dll!UnknownFunction []
[2018.10.16-10.41.16:064][110]LogWindows: Error: [Callstack] 0x00000000040AB713 UE4Editor-Core.dll!UnknownFunction []
[2018.10.16-10.41.16:064][110]LogWindows: Error: [Callstack] 0x00000000040ABD3A UE4Editor-Core.dll!UnknownFunction []
[2018.10.16-10.41.16:064][110]LogWindows: Error: [Callstack] 0x00000000040CECFE UE4Editor-Core.dll!UnknownFunction []
[2018.10.16-10.41.16:064][110]LogWindows: Error: [Callstack] 0x00000000DD29D771 UE4Editor-Engine.dll!UnknownFunction []
[2018.10.16-10.41.16:064][110]LogWindows: Error: [Callstack] 0x00000000DD2A3292 UE4Editor-Engine.dll!UnknownFunction []
[2018.10.16-10.41.16:064][110]LogWindows: Error: [Callstack] 0x00000000DCAFC304 UE4Editor-Engine.dll!UnknownFunction []
[2018.10.16-10.41.16:064][110]LogWindows: Error: [Callstack] 0x00000000DCB0756B UE4Editor-Engine.dll!UnknownFunction []
[2018.10.16-10.41.16:064][110]LogWindows: Error: [Callstack] 0x00000000E539D781 UE4Editor-UnrealEd.dll!UnknownFunction []
[2018.10.16-10.41.16:064][110]LogWindows: Error: [Callstack] 0x00000000E5C39626 UE4Editor-UnrealEd.dll!UnknownFunction []
[2018.10.16-10.41.16:064][110]LogWindows: Error: [Callstack] 0x0000000091B45EAC UE4Editor.exe!UnknownFunction []
[2018.10.16-10.41.16:064][110]LogWindows: Error: [Callstack] 0x0000000091B56BD0 UE4Editor.exe!UnknownFunction []
[2018.10.16-10.41.16:064][110]LogWindows: Error: [Callstack] 0x0000000091B56C4A UE4Editor.exe!UnknownFunction []
[2018.10.16-10.41.16:064][110]LogWindows: Error: [Callstack] 0x0000000091B64177 UE4Editor.exe!UnknownFunction []
[2018.10.16-10.41.16:064][110]LogWindows: Error: [Callstack] 0x0000000091B65B87 UE4Editor.exe!UnknownFunction []
[2018.10.16-10.41.16:064][110]LogWindows: Error: [Callstack] 0x0000000046801FE4 KERNEL32.DLL!UnknownFunction []
[2018.10.16-10.41.16:064][110]LogWindows: Error: [Callstack] 0x000000004862F061 ntdll.dll!UnknownFunction []
[2018.10.16-10.41.16:064][110]LogWindows: Error: [Callstack] 0x000000004862F061 ntdll.dll!UnknownFunction []
[2018.10.16-10.41.16:064][110]LogWindows: Error: 
[2018.10.16-10.41.16:079][110]LogExit: Executing StaticShutdownAfterError
[2018.10.16-10.41.16:094][110]LogWindows: FPlatformMisc::RequestExit(1)
[2018.10.16-10.41.16:095][110]Log file closed, 10/16/18 21:41:16
