Log file open, 10/16/18 21:45:52
LogWindows: Failed to load 'aqProf.dll' (GetLastError=126)
LogWindows: File 'aqProf.dll' does not exist
LogWindows: Failed to load 'VtuneApi.dll' (GetLastError=126)
LogWindows: File 'VtuneApi.dll' does not exist
LogWindows: Failed to load 'VtuneApi32e.dll' (GetLastError=126)
LogWindows: File 'VtuneApi32e.dll' does not exist
LogInit: Display: Running engine for game: FIT2097_A2_JackJ
LogPlatformFile: Not using cached read wrapper
LogInit: Display: RandInit(1644493489) SRandInit(1644493489).
LogInit: Read version file with build ID '3944462'
LogInit: Overriding engine version to CL 4033788, compatible CL 3944462
LogInit: Registered custom module enumerator with build ID '3944462'
LogTaskGraph: Started task graph with 5 named threads and 11 total threads with 3 sets of task threads.
LogStats: Stats thread started at 0.182185
LogD3D11RHI: Aftermath initialized
LogICUInternationalization: Display: ICU TimeZone Detection - Raw Offset: +10:00, Platform Override: ''
LogPluginManager: Mounting plugin Paper2D
LogPluginManager: Mounting plugin LiveLink
LogPluginManager: Mounting plugin LightPropagationVolume
LogPluginManager: Mounting plugin CLionSourceCodeAccess
LogPluginManager: Mounting plugin CodeLiteSourceCodeAccess
LogPluginManager: Mounting plugin GitSourceControl
LogPluginManager: Mounting plugin KDevelopSourceCodeAccess
LogPluginManager: Mounting plugin NullSourceCodeAccess
LogPluginManager: Mounting plugin PerforceSourceControl
LogPluginManager: Mounting plugin SubversionSourceControl
LogPluginManager: Mounting plugin UObjectPlugin
LogPluginManager: Mounting plugin VisualStudioCodeSourceCodeAccess
LogPluginManager: Mounting plugin VisualStudioSourceCodeAccess
LogPluginManager: Mounting plugin XCodeSourceCodeAccess
LogPluginManager: Mounting plugin AssetManagerEditor
LogPluginManager: Mounting plugin CryptoKeys
LogPluginManager: Mounting plugin DataValidation
LogPluginManager: Mounting plugin FacialAnimation
LogPluginManager: Mounting plugin GameplayTagsEditor
LogPluginManager: Mounting plugin MobileLauncherProfileWizard
LogPluginManager: Mounting plugin PluginBrowser
LogPluginManager: Mounting plugin SpeedTreeImporter
LogPluginManager: Mounting plugin DatasmithContent
LogPluginManager: Mounting plugin AlembicImporter
LogPluginManager: Mounting plugin CharacterAI
LogPluginManager: Mounting plugin HTML5Networking
LogPluginManager: Mounting plugin AndroidMedia
LogPluginManager: Mounting plugin AvfMedia
LogPluginManager: Mounting plugin ImgMedia
LogPluginManager: Mounting plugin LinearTimecode
LogPluginManager: Mounting plugin MediaCompositing
LogPluginManager: Mounting plugin MediaPlayerEditor
LogPluginManager: Mounting plugin WmfMedia
LogPluginManager: Mounting plugin TcpMessaging
LogPluginManager: Mounting plugin UdpMessaging
LogPluginManager: Mounting plugin ActorSequence
LogPluginManager: Mounting plugin LevelSequenceEditor
LogPluginManager: Mounting plugin MatineeToLevelSequence
LogPluginManager: Mounting plugin NetcodeUnitTest
LogPluginManager: Mounting plugin NUTUnrealEngine4
LogPluginManager: Mounting plugin OnlineSubsystemGooglePlay
LogPluginManager: Mounting plugin OnlineSubsystemIOS
LogPluginManager: Mounting plugin OnlineSubsystem
LogPluginManager: Mounting plugin OnlineSubsystemNull
LogPluginManager: Mounting plugin OnlineSubsystemUtils
LogPluginManager: Mounting plugin AndroidDeviceProfileSelector
LogPluginManager: Mounting plugin AndroidMoviePlayer
LogPluginManager: Mounting plugin AndroidPermission
LogPluginManager: Mounting plugin AppleARKit
LogPluginManager: Mounting plugin AppleMoviePlayer
LogPluginManager: Mounting plugin ArchVisCharacter
LogPluginManager: Mounting plugin AudioCapture
LogPluginManager: Mounting plugin CableComponent
LogPluginManager: Mounting plugin CustomMeshComponent
LogPluginManager: Mounting plugin ExampleDeviceProfileSelector
LogPluginManager: Mounting plugin GoogleCloudMessaging
LogPluginManager: Mounting plugin ImmediatePhysics
LogPluginManager: Mounting plugin IOSDeviceProfileSelector
LogPluginManager: Mounting plugin LinuxDeviceProfileSelector
LogPluginManager: Mounting plugin LocationServicesBPLibrary
LogPluginManager: Mounting plugin MobilePatchingUtils
LogPluginManager: Mounting plugin OculusVR
LogPluginManager: Plugin shader directory ../../../Engine/Plugins/Runtime/Oculus/OculusVR/Shaders found
LogPluginManager: Mapping shader source directory ../../../Engine/Plugins/Runtime/Oculus/OculusVR/Shaders to virtual directory /Plugin/OculusVR
LogPluginManager: Mounting plugin PhysXVehicles
LogPluginManager: Mounting plugin ProceduralMeshComponent
LogPluginManager: Mounting plugin RuntimePhysXCooking
LogPluginManager: Mounting plugin SteamVR
LogPluginManager: Mounting plugin WindowsMoviePlayer
LogStreaming: Display: Took  0.173s to configure plugins.
LogModuleManager: Display: Found up-to-date module file ../../../../../../Users/forwa/Documents/FIT2097/FIT2097_A2_JackJayawardene/FIT2097_A2_JackJ/Binaries/Win64/UE4Editor-FIT2097_A2_JackJ-5785.dll (API version 3944462).
LogModuleManager: Display: Found up-to-date module file ../../../Engine/Plugins/2D/Paper2D/Binaries/Win64/UE4Editor-Paper2D.dll (API version 3944462).
LogModuleManager: Display: Found up-to-date module file ../../../Engine/Plugins/2D/Paper2D/Binaries/Win64/UE4Editor-Paper2DEditor.dll (API version 3944462).
LogModuleManager: Display: Found up-to-date module file ../../../Engine/Plugins/2D/Paper2D/Binaries/Win64/UE4Editor-PaperSpriteSheetImporter.dll (API version 3944462).
LogModuleManager: Display: Found up-to-date module file ../../../Engine/Plugins/2D/Paper2D/Binaries/Win64/UE4Editor-PaperTiledImporter.dll (API version 3944462).
LogModuleManager: Display: Found up-to-date module file ../../../Engine/Plugins/2D/Paper2D/Binaries/Win64/UE4Editor-SmartSnapping.dll (API version 3944462).
LogModuleManager: Display: Found up-to-date module file ../../../Engine/Plugins/Animation/LiveLink/Binaries/Win64/UE4Editor-LiveLink.dll (API version 3944462).
LogModuleManager: Display: Found up-to-date module file ../../../Engine/Plugins/Animation/LiveLink/Binaries/Win64/UE4Editor-LiveLinkEditor.dll (API version 3944462).
LogModuleManager: Display: Found up-to-date module file ../../../Engine/Plugins/Blendables/LightPropagationVolume/Binaries/Win64/UE4Editor-LightPropagationVolumeRuntime.dll (API version 3944462).
LogModuleManager: Display: Found up-to-date module file ../../../Engine/Plugins/Blendables/LightPropagationVolume/Binaries/Win64/UE4Editor-LightPropagationVolumeEditor.dll (API version 3944462).
LogModuleManager: Display: Found up-to-date module file ../../../Engine/Plugins/Developer/CLionSourceCodeAccess/Binaries/Win64/UE4Editor-CLionSourceCodeAccess.dll (API version 3944462).
LogModuleManager: Display: Found up-to-date module file ../../../Engine/Plugins/Developer/GitSourceControl/Binaries/Win64/UE4Editor-GitSourceControl.dll (API version 3944462).
LogModuleManager: Display: Found up-to-date module file ../../../Engine/Plugins/Developer/PerforceSourceControl/Binaries/Win64/UE4Editor-PerforceSourceControl.dll (API version 3944462).
LogModuleManager: Display: Found up-to-date module file ../../../Engine/Plugins/Developer/SubversionSourceControl/Binaries/Win64/UE4Editor-SubversionSourceControl.dll (API version 3944462).
LogModuleManager: Display: Found up-to-date module file ../../../Engine/Plugins/Developer/UObjectPlugin/Binaries/Win64/UE4Editor-UObjectPlugin.dll (API version 3944462).
LogModuleManager: Display: Found up-to-date module file ../../../Engine/Plugins/Developer/VisualStudioCodeSourceCodeAccess/Binaries/Win64/UE4Editor-VisualStudioCodeSourceCodeAccess.dll (API version 3944462).
LogModuleManager: Display: Found up-to-date module file ../../../Engine/Plugins/Developer/VisualStudioSourceCodeAccess/Binaries/Win64/UE4Editor-VisualStudioSourceCodeAccess.dll (API version 3944462).
LogModuleManager: Display: Found up-to-date module file ../../../Engine/Plugins/Editor/AssetManagerEditor/Binaries/Win64/UE4Editor-AssetManagerEditor.dll (API version 3944462).
LogModuleManager: Display: Found up-to-date module file ../../../Engine/Plugins/Editor/CryptoKeys/Binaries/Win64/UE4Editor-CryptoKeys.dll (API version 3944462).
LogModuleManager: Display: Found up-to-date module file ../../../Engine/Plugins/Editor/CryptoKeys/Binaries/Win64/UE4Editor-CryptoKeysOpenSSL.dll (API version 3944462).
LogModuleManager: Display: Found up-to-date module file ../../../Engine/Plugins/Editor/DataValidation/Binaries/Win64/UE4Editor-DataValidation.dll (API version 3944462).
LogModuleManager: Display: Found up-to-date module file ../../../Engine/Plugins/Editor/FacialAnimation/Binaries/Win64/UE4Editor-FacialAnimation.dll (API version 3944462).
LogModuleManager: Display: Found up-to-date module file ../../../Engine/Plugins/Editor/FacialAnimation/Binaries/Win64/UE4Editor-FacialAnimationEditor.dll (API version 3944462).
LogModuleManager: Display: Found up-to-date module file ../../../Engine/Plugins/Editor/GameplayTagsEditor/Binaries/Win64/UE4Editor-GameplayTagsEditor.dll (API version 3944462).
LogModuleManager: Display: Found up-to-date module file ../../../Engine/Plugins/Editor/MobileLauncherProfileWizard/Binaries/Win64/UE4Editor-MobileLauncherProfileWizard.dll (API version 3944462).
LogModuleManager: Display: Found up-to-date module file ../../../Engine/Plugins/Editor/PluginBrowser/Binaries/Win64/UE4Editor-PluginBrowser.dll (API version 3944462).
LogModuleManager: Display: Found up-to-date module file ../../../Engine/Plugins/Editor/SpeedTreeImporter/Binaries/Win64/UE4Editor-SpeedTreeImporter.dll (API version 3944462).
LogModuleManager: Display: Found up-to-date module file ../../../Engine/Plugins/Enterprise/DatasmithContent/Binaries/Win64/UE4Editor-DatasmithContent.dll (API version 3944462).
LogModuleManager: Display: Found up-to-date module file ../../../Engine/Plugins/Experimental/AlembicImporter/Binaries/Win64/UE4Editor-AlembicImporter.dll (API version 3944462).
LogModuleManager: Display: Found up-to-date module file ../../../Engine/Plugins/Experimental/AlembicImporter/Binaries/Win64/UE4Editor-AlembicLibrary.dll (API version 3944462).
LogModuleManager: Display: Found up-to-date module file ../../../Engine/Plugins/Experimental/CharacterAI/Binaries/Win64/UE4Editor-CharacterAI.dll (API version 3944462).
LogModuleManager: Display: Found up-to-date module file ../../../Engine/Plugins/Experimental/HTML5Networking/Binaries/Win64/UE4Editor-HTML5Networking.dll (API version 3944462).
LogModuleManager: Display: Found up-to-date module file ../../../Engine/Plugins/Media/AndroidMedia/Binaries/Win64/UE4Editor-AndroidMediaEditor.dll (API version 3944462).
LogModuleManager: Display: Found up-to-date module file ../../../Engine/Plugins/Media/AndroidMedia/Binaries/Win64/UE4Editor-AndroidMediaFactory.dll (API version 3944462).
LogModuleManager: Display: Found up-to-date module file ../../../Engine/Plugins/Media/AvfMedia/Binaries/Win64/UE4Editor-AvfMediaEditor.dll (API version 3944462).
LogModuleManager: Display: Found up-to-date module file ../../../Engine/Plugins/Media/AvfMedia/Binaries/Win64/UE4Editor-AvfMediaFactory.dll (API version 3944462).
LogModuleManager: Display: Found up-to-date module file ../../../Engine/Plugins/Media/AvfMedia/Binaries/Win64/UE4Editor-AvfMediaFactory.dll (API version 3944462).
LogModuleManager: Display: Found up-to-date module file ../../../Engine/Plugins/Media/ImgMedia/Binaries/Win64/UE4Editor-ImgMedia.dll (API version 3944462).
LogModuleManager: Display: Found up-to-date module file ../../../Engine/Plugins/Media/ImgMedia/Binaries/Win64/UE4Editor-ImgMediaEditor.dll (API version 3944462).
LogModuleManager: Display: Found up-to-date module file ../../../Engine/Plugins/Media/ImgMedia/Binaries/Win64/UE4Editor-ImgMediaFactory.dll (API version 3944462).
LogModuleManager: Display: Found up-to-date module file ../../../Engine/Plugins/Media/ImgMedia/Binaries/Win64/UE4Editor-ImgMediaFactory.dll (API version 3944462).
LogModuleManager: Display: Found up-to-date module file ../../../Engine/Plugins/Media/ImgMedia/Binaries/Win64/UE4Editor-OpenExrWrapper.dll (API version 3944462).
LogModuleManager: Display: Found up-to-date module file ../../../Engine/Plugins/Media/LinearTimecode/Binaries/Win64/UE4Editor-LinearTimecode.dll (API version 3944462).
LogModuleManager: Display: Found up-to-date module file ../../../Engine/Plugins/Media/MediaCompositing/Binaries/Win64/UE4Editor-MediaCompositing.dll (API version 3944462).
LogModuleManager: Display: Found up-to-date module file ../../../Engine/Plugins/Media/MediaCompositing/Binaries/Win64/UE4Editor-MediaCompositingEditor.dll (API version 3944462).
LogModuleManager: Display: Found up-to-date module file ../../../Engine/Plugins/Media/MediaPlayerEditor/Binaries/Win64/UE4Editor-MediaPlayerEditor.dll (API version 3944462).
LogModuleManager: Display: Found up-to-date module file ../../../Engine/Plugins/Media/WmfMedia/Binaries/Win64/UE4Editor-WmfMedia.dll (API version 3944462).
LogModuleManager: Display: Found up-to-date module file ../../../Engine/Plugins/Media/WmfMedia/Binaries/Win64/UE4Editor-WmfMediaEditor.dll (API version 3944462).
LogModuleManager: Display: Found up-to-date module file ../../../Engine/Plugins/Media/WmfMedia/Binaries/Win64/UE4Editor-WmfMediaFactory.dll (API version 3944462).
LogModuleManager: Display: Found up-to-date module file ../../../Engine/Plugins/Media/WmfMedia/Binaries/Win64/UE4Editor-WmfMediaFactory.dll (API version 3944462).
LogModuleManager: Display: Found up-to-date module file ../../../Engine/Plugins/Messaging/TcpMessaging/Binaries/Win64/UE4Editor-TcpMessaging.dll (API version 3944462).
LogModuleManager: Display: Found up-to-date module file ../../../Engine/Plugins/Messaging/UdpMessaging/Binaries/Win64/UE4Editor-UdpMessaging.dll (API version 3944462).
LogModuleManager: Display: Found up-to-date module file ../../../Engine/Plugins/MovieScene/ActorSequence/Binaries/Win64/UE4Editor-ActorSequence.dll (API version 3944462).
LogModuleManager: Display: Found up-to-date module file ../../../Engine/Plugins/MovieScene/LevelSequenceEditor/Binaries/Win64/UE4Editor-LevelSequenceEditor.dll (API version 3944462).
LogModuleManager: Display: Found up-to-date module file ../../../Engine/Plugins/MovieScene/MatineeToLevelSequence/Binaries/Win64/UE4Editor-MatineeToLevelSequence.dll (API version 3944462).
LogModuleManager: Display: Found up-to-date module file ../../../Engine/Plugins/NetcodeUnitTest/NetcodeUnitTest/Binaries/Win64/UE4Editor-NetcodeUnitTest.dll (API version 3944462).
LogModuleManager: Display: Found up-to-date module file ../../../Engine/Plugins/NetcodeUnitTest/NUTUnrealEngine4/Binaries/Win64/UE4Editor-NUTUnrealEngine4.dll (API version 3944462).
LogModuleManager: Display: Found up-to-date module file ../../../Engine/Plugins/Online/OnlineSubsystem/Binaries/Win64/UE4Editor-OnlineSubsystem.dll (API version 3944462).
LogModuleManager: Display: Found up-to-date module file ../../../Engine/Plugins/Online/OnlineSubsystemNull/Binaries/Win64/UE4Editor-OnlineSubsystemNull.dll (API version 3944462).
LogModuleManager: Display: Found up-to-date module file ../../../Engine/Plugins/Online/OnlineSubsystemUtils/Binaries/Win64/UE4Editor-OnlineSubsystemUtils.dll (API version 3944462).
LogModuleManager: Display: Found up-to-date module file ../../../Engine/Plugins/Online/OnlineSubsystemUtils/Binaries/Win64/UE4Editor-OnlineBlueprintSupport.dll (API version 3944462).
LogModuleManager: Display: Found up-to-date module file ../../../Engine/Plugins/Runtime/AndroidDeviceProfileSelector/Binaries/Win64/UE4Editor-AndroidDeviceProfileSelector.dll (API version 3944462).
LogModuleManager: Display: Found up-to-date module file ../../../Engine/Plugins/Runtime/AndroidPermission/Binaries/Win64/UE4Editor-AndroidPermission.dll (API version 3944462).
LogModuleManager: Display: Found up-to-date module file ../../../Engine/Plugins/Runtime/AppleARKit/Binaries/Win64/UE4Editor-AppleARKit.dll (API version 3944462).
LogModuleManager: Display: Found up-to-date module file ../../../Engine/Plugins/Runtime/ArchVisCharacter/Binaries/Win64/UE4Editor-ArchVisCharacter.dll (API version 3944462).
LogModuleManager: Display: Found up-to-date module file ../../../Engine/Plugins/Runtime/AudioCapture/Binaries/Win64/UE4Editor-AudioCapture.dll (API version 3944462).
LogModuleManager: Display: Found up-to-date module file ../../../Engine/Plugins/Runtime/AudioCapture/Binaries/Win64/UE4Editor-AudioCaptureEditor.dll (API version 3944462).
LogModuleManager: Display: Found up-to-date module file ../../../Engine/Plugins/Runtime/CableComponent/Binaries/Win64/UE4Editor-CableComponent.dll (API version 3944462).
LogModuleManager: Display: Found up-to-date module file ../../../Engine/Plugins/Runtime/CustomMeshComponent/Binaries/Win64/UE4Editor-CustomMeshComponent.dll (API version 3944462).
LogModuleManager: Display: Found up-to-date module file ../../../Engine/Plugins/Runtime/ExampleDeviceProfileSelector/Binaries/Win64/UE4Editor-ExampleDeviceProfileSelector.dll (API version 3944462).
LogModuleManager: Display: Found up-to-date module file ../../../Engine/Plugins/Runtime/ImmediatePhysics/Binaries/Win64/UE4Editor-ImmediatePhysics.dll (API version 3944462).
LogModuleManager: Display: Found up-to-date module file ../../../Engine/Plugins/Runtime/ImmediatePhysics/Binaries/Win64/UE4Editor-ImmediatePhysicsEditor.dll (API version 3944462).
LogModuleManager: Display: Found up-to-date module file ../../../Engine/Plugins/Runtime/LocationServicesBPLibrary/Binaries/Win64/UE4Editor-LocationServicesBPLibrary.dll (API version 3944462).
LogModuleManager: Display: Found up-to-date module file ../../../Engine/Plugins/Runtime/MobilePatchingUtils/Binaries/Win64/UE4Editor-MobilePatchingUtils.dll (API version 3944462).
LogModuleManager: Display: Found up-to-date module file ../../../Engine/Plugins/Runtime/Oculus/OculusVR/Binaries/Win64/UE4Editor-OculusHMD.dll (API version 3944462).
LogModuleManager: Display: Found up-to-date module file ../../../Engine/Plugins/Runtime/Oculus/OculusVR/Binaries/Win64/UE4Editor-OculusInput.dll (API version 3944462).
LogModuleManager: Display: Found up-to-date module file ../../../Engine/Plugins/Runtime/Oculus/OculusVR/Binaries/Win64/UE4Editor-OculusEditor.dll (API version 3944462).
LogModuleManager: Display: Found up-to-date module file ../../../Engine/Plugins/Runtime/PhysXVehicles/Binaries/Win64/UE4Editor-PhysXVehicles.dll (API version 3944462).
LogModuleManager: Display: Found up-to-date module file ../../../Engine/Plugins/Runtime/PhysXVehicles/Binaries/Win64/UE4Editor-PhysXVehiclesEditor.dll (API version 3944462).
LogModuleManager: Display: Found up-to-date module file ../../../Engine/Plugins/Runtime/ProceduralMeshComponent/Binaries/Win64/UE4Editor-ProceduralMeshComponent.dll (API version 3944462).
LogModuleManager: Display: Found up-to-date module file ../../../Engine/Plugins/Runtime/ProceduralMeshComponent/Binaries/Win64/UE4Editor-ProceduralMeshComponentEditor.dll (API version 3944462).
LogModuleManager: Display: Found up-to-date module file ../../../Engine/Plugins/Runtime/RuntimePhysXCooking/Binaries/Win64/UE4Editor-RuntimePhysXCooking.dll (API version 3944462).
LogModuleManager: Display: Found up-to-date module file ../../../Engine/Plugins/Runtime/Steam/SteamVR/Binaries/Win64/UE4Editor-SteamVR.dll (API version 3944462).
LogModuleManager: Display: Found up-to-date module file ../../../Engine/Plugins/Runtime/Steam/SteamVR/Binaries/Win64/UE4Editor-SteamVRController.dll (API version 3944462).
LogModuleManager: Display: Found up-to-date module file ../../../Engine/Plugins/Runtime/WindowsMoviePlayer/Binaries/Win64/UE4Editor-WindowsMoviePlayer.dll (API version 3944462).
LogInit: Using libcurl 7.47.1
LogInit:  - built for x86_64-pc-win32
LogInit:  - supports SSL with OpenSSL/1.0.2g
LogInit:  - supports HTTP deflate (compression) using libz 1.2.8
LogInit:  - other features:
LogInit:      CURL_VERSION_SSL
LogInit:      CURL_VERSION_LIBZ
LogInit:      CURL_VERSION_IPV6
LogInit:      CURL_VERSION_ASYNCHDNS
LogInit:      CURL_VERSION_LARGEFILE
LogInit:      CURL_VERSION_IDN
LogInit:  CurlRequestOptions (configurable via config and command line):
LogInit:  - bVerifyPeer = false  - Libcurl will NOT verify peer certificate
LogInit:  - bUseHttpProxy = false  - Libcurl will NOT use HTTP proxy
LogInit:  - bDontReuseConnections = false  - Libcurl will reuse connections
LogInit:  - CertBundlePath = nullptr  - Libcurl will use whatever was configured at build time.
LogInit:  - MaxHostConnections = 16  - Libcurl will limit the number of connections to a host
LogInit:  - LocalHostAddr = Default
LogInit: WinSock: version 1.1 (2.2), MaxSocks=32767, MaxUdp=65467
LogInit: WinSock: I am LAPTOP-K9NIICDG (192.168.1.22:0)
LogInit: Build: ++UE4+Release-4.19-CL-4033788
LogInit: Engine Version: 4.19.2-4033788+++UE4+Release-4.19
LogInit: Compatible Engine Version: 4.19.0-3944462+++UE4+Release-4.19
LogInit: Net CL: 3944462
LogDevObjectVersion: Number of dev versions registered: 18
LogDevObjectVersion:   Dev-Blueprints (B0D832E4-1F89-4F0D-ACCF-7EB736FD4AA2): 10
LogDevObjectVersion:   Dev-Build (E1C64328-A22C-4D53-A36C-8E866417BD8C): 0
LogDevObjectVersion:   Dev-Core (375EC13C-06E4-48FB-B500-84F0262A717E): 2
LogDevObjectVersion:   Dev-Editor (E4B068ED-F494-42E9-A231-DA0B2E46BB41): 23
LogDevObjectVersion:   Dev-Framework (CFFC743F-43B0-4480-9391-14DF171D2073): 33
LogDevObjectVersion:   Dev-Mobile (B02B49B5-BB20-44E9-A304-32B752E40360): 2
LogDevObjectVersion:   Dev-Networking (A4E4105C-59A1-49B5-A7C5-40C4547EDFEE): 0
LogDevObjectVersion:   Dev-Online (39C831C9-5AE6-47DC-9A44-9C173E1C8E7C): 0
LogDevObjectVersion:   Dev-Physics (78F01B33-EBEA-4F98-B9B4-84EACCB95AA2): 0
LogDevObjectVersion:   Dev-Platform (6631380F-2D4D-43E0-8009-CF276956A95A): 0
LogDevObjectVersion:   Dev-Rendering (12F88B9F-8875-4AFC-A67C-D90C383ABD29): 25
LogDevObjectVersion:   Dev-Sequencer (7B5AE74C-D270-4C10-A958-57980B212A5A): 6
LogDevObjectVersion:   Dev-VR (D7296918-1DD6-4BDD-9DE2-64A83CC13884): 1
LogDevObjectVersion:   Dev-LoadTimes (C2A15278-BFE7-4AFE-6C17-90FF531DF755): 1
LogDevObjectVersion:   Private-Geometry (6EACA3D4-40EC-4CC1-B786-8BED09428FC5): 2
LogDevObjectVersion:   Dev-AnimPhys (29E575DD-E0A3-4627-9D10-D276232CDCEA): 16
LogDevObjectVersion:   Dev-ReflectionCapture (6B266CEC-1EC7-4B8F-A30B-E4D90942FC07): 1
LogDevObjectVersion:   Dev-Automation (0DF73D61-A23F-47EA-B727-89E90C41499A): 1
LogInit: Compiled (64-bit): Apr 27 2018 02:06:57
LogInit: Compiled with Visual C++: 19.00.24215.01
LogInit: Build Configuration: Development
LogInit: Branch Name: ++UE4+Release-4.19
LogInit: Command Line: 
LogInit: Base Directory: C:/Program Files/Epic Games/UE_4.19/Engine/Binaries/Win64/
LogInit: Installed Engine Build: 1
LogStreaming: Display: Took  0.002s to delete old logs.
LogInit: Presizing for max 8388607 objects, including 0 objects not considered by GC, pre-allocating 0 bytes for permanent pool.
LogInit: Object subsystem initialized
[2018.10.16-10.45.54:885][  0]LogInit: Selected Device Profile: [Windows]
[2018.10.16-10.45.54:885][  0]LogInit: Applying CVar settings loaded from the selected device profile: [Windows]
[2018.10.16-10.45.54:906][  0]LogInit: Computer: LAPTOP-K9NIICDG
[2018.10.16-10.45.54:906][  0]LogInit: User: forwa
[2018.10.16-10.45.54:906][  0]LogInit: CPU Page size=4096, Cores=2
[2018.10.16-10.45.54:906][  0]LogInit: High frequency timer resolution =2.835942 MHz
[2018.10.16-10.45.54:907][  0]LogMemory: Memory total: Physical=7.9GB (8GB approx)
[2018.10.16-10.45.54:907][  0]LogMemory: Platform Memory Stats for Windows
[2018.10.16-10.45.54:907][  0]LogMemory: Process Physical Memory: 274.18 MB used, 274.18 MB peak
[2018.10.16-10.45.54:907][  0]LogMemory: Process Virtual Memory: 266.00 MB used, 266.00 MB peak
[2018.10.16-10.45.54:907][  0]LogMemory: Physical Memory: 5770.04 MB used,  2290.09 MB free, 8060.13 MB total
[2018.10.16-10.45.54:907][  0]LogMemory: Virtual Memory: 685.59 MB used,  2290.09 MB free, 134217728.00 MB total
[2018.10.16-10.45.54:946][  0]LogInit: Using OS detected language (en-US).
[2018.10.16-10.45.54:946][  0]LogInit: Using OS detected locale (en-AU).
[2018.10.16-10.45.54:957][  0]LogTextLocalizationManager: No specific localization for 'en-US' exists, so the 'en' localization will be used.
[2018.10.16-10.45.55:437][  0]LogStreaming: Display: Took  0.492s to EndInitTextLocalization.
[2018.10.16-10.45.55:438][  0]LogInit: Setting process to per monitor DPI aware
[2018.10.16-10.45.55:497][  0]LogSlate: New Slate User Created.  User Index 0, Is Virtual User: 0
[2018.10.16-10.45.55:497][  0]LogSlate: Slate User Registered.  User Index 0, Is Virtual User: 0
[2018.10.16-10.45.55:911][  0]LogD3D11RHI: D3D11 adapters:
[2018.10.16-10.45.55:921][  0]LogD3D11RHI:    0. 'Intel(R) HD Graphics 620' (Feature Level 11_0)
[2018.10.16-10.45.55:921][  0]LogD3D11RHI:       128/0/4030 MB DedicatedVideo/DedicatedSystem/SharedSystem, Outputs:1, VendorId:0x8086
[2018.10.16-10.45.55:925][  0]LogD3D11RHI:    1. 'Microsoft Basic Render Driver' (Feature Level 11_0)
[2018.10.16-10.45.55:925][  0]LogD3D11RHI:       0/0/4030 MB DedicatedVideo/DedicatedSystem/SharedSystem, Outputs:0, VendorId:0x1414
[2018.10.16-10.45.55:925][  0]LogD3D11RHI: Chosen D3D11 Adapter: 0
[2018.10.16-10.45.55:935][  0]LogD3D11RHI: Creating new Direct3DDevice
[2018.10.16-10.45.55:935][  0]LogD3D11RHI:     GPU DeviceId: 0x5916 (for the marketing name, search the web for "GPU Device Id")
[2018.10.16-10.45.55:935][  0]LogWindows: EnumDisplayDevices:
[2018.10.16-10.45.55:936][  0]LogWindows:    0. 'Intel(R) HD Graphics 620' (P:1 D:1)
[2018.10.16-10.45.55:936][  0]LogWindows:    1. 'Intel(R) HD Graphics 620' (P:0 D:0)
[2018.10.16-10.45.55:936][  0]LogWindows:    2. 'Intel(R) HD Graphics 620' (P:0 D:0)
[2018.10.16-10.45.55:936][  0]LogWindows: DebugString: GetVideoDriverDetailsInvalid PrimaryIsNotTheChoosenAdapter GetVideoDriverDetailsInvalid PrimaryIsNotTheChoosenAdapter GetVideoDriverDetailsInvalid PrimaryIsNotTheChoosenAdapter FoundDriverCount:0 
[2018.10.16-10.45.55:936][  0]LogD3D11RHI:     Adapter Name: Intel(R) HD Graphics 620
[2018.10.16-10.45.55:936][  0]LogD3D11RHI:   Driver Version: Unknown (internal:Unknown, unified:Unknown)
[2018.10.16-10.45.55:936][  0]LogD3D11RHI:      Driver Date: Unknown
[2018.10.16-10.45.55:936][  0]LogRHI: Texture pool is 1500 MB (70% of 2143 MB)
[2018.10.16-10.45.55:942][  0]LogD3D11RHI: Async texture creation enabled
[2018.10.16-10.45.55:949][  0]LogD3D11RHI: GPU Timing Frequency: 12.000000 (Debug: 2 0)
[2018.10.16-10.45.55:949][  0]LogShaderCompilers: Guid format shader working directory is -46 characters bigger than the processId version (../../../../../../Users/forwa/Documents/FIT2097/FIT2097_A2_JackJayawardene/FIT2097_A2_JackJ/Intermediate/Shaders/WorkingDirectory/13284/).
[2018.10.16-10.45.55:950][  0]LogShaderCompilers: Cleaned the shader compiler working directory 'C:/Users/forwa/AppData/Local/Temp/UnrealShaderWorkingDir/AB01DECB4D613B55BDEDF0A254D7FFB6/'.
[2018.10.16-10.45.56:283][  0]LogTemp: Display: Loaded TP AllDesktopTargetPlatform
[2018.10.16-10.45.56:298][  0]LogTemp: Display: Loaded TP MacClientTargetPlatform
[2018.10.16-10.45.56:312][  0]LogTemp: Display: Loaded TP MacNoEditorTargetPlatform
[2018.10.16-10.45.56:330][  0]LogTemp: Display: Loaded TP MacServerTargetPlatform
[2018.10.16-10.45.56:346][  0]LogTemp: Display: Loaded TP MacTargetPlatform
[2018.10.16-10.45.56:362][  0]LogTemp: Display: Loaded TP WindowsClientTargetPlatform
[2018.10.16-10.45.56:378][  0]LogTemp: Display: Loaded TP WindowsNoEditorTargetPlatform
[2018.10.16-10.45.56:393][  0]LogTemp: Display: Loaded TP WindowsServerTargetPlatform
[2018.10.16-10.45.56:401][  0]LogTemp: Display: Loaded TP WindowsTargetPlatform
[2018.10.16-10.45.56:415][  0]LogTemp: Display: Loaded TP Android_ASTCTargetPlatform
[2018.10.16-10.45.56:428][  0]LogTemp: Display: Loaded TP Android_ATCTargetPlatform
[2018.10.16-10.45.56:441][  0]LogTemp: Display: Loaded TP Android_DXTTargetPlatform
[2018.10.16-10.45.56:454][  0]LogTemp: Display: Loaded TP Android_ETC1aTargetPlatform
[2018.10.16-10.45.56:467][  0]LogTemp: Display: Loaded TP Android_ETC1TargetPlatform
[2018.10.16-10.45.56:480][  0]LogTemp: Display: Loaded TP Android_ETC2TargetPlatform
[2018.10.16-10.45.56:506][  0]LogTemp: Display: Loaded TP Android_MultiTargetPlatform
[2018.10.16-10.45.56:506][  0]LogTemp: Display: Loaded TP Android_PVRTCTargetPlatform
[2018.10.16-10.45.56:521][  0]LogTemp: Display: Loaded TP AndroidTargetPlatform
[2018.10.16-10.45.56:523][  0]LogTemp: Display: Loaded TP HTML5TargetPlatform
[2018.10.16-10.45.56:563][  0]LogTemp: Display: Loaded TP IOSTargetPlatform
[2018.10.16-10.45.56:575][  0]LogTemp: Display: Loaded TP TVOSTargetPlatform
[2018.10.16-10.45.56:587][  0]LogTemp: Display: Loaded TP LinuxClientTargetPlatform
[2018.10.16-10.45.56:600][  0]LogTemp: Display: Loaded TP LinuxNoEditorTargetPlatform
[2018.10.16-10.45.56:613][  0]LogTemp: Display: Loaded TP LinuxServerTargetPlatform
[2018.10.16-10.45.56:627][  0]LogTemp: Display: Loaded TP LinuxTargetPlatform
[2018.10.16-10.45.56:627][  0]LogTargetPlatformManager: Display: Building Assets For Windows
[2018.10.16-10.45.56:763][  0]LogXGEController: Cleaning working directory: C:/Users/forwa/AppData/Local/Temp/UnrealXGEWorkingDir/
[2018.10.16-10.45.56:764][  0]LogXGEController: Cannot use XGE Controller as Incredibuild is not installed on this machine.
[2018.10.16-10.45.56:764][  0]LogShaderCompilers: Cannot use XGE Shader Compiler as Incredibuild is not installed on this machine.
[2018.10.16-10.45.56:764][  0]LogShaderCompilers: Display: Using Local Shader Compiler.
[2018.10.16-10.45.57:641][  0]LogDerivedDataCache: Display: Max Cache Size: 512 MB
[2018.10.16-10.45.57:893][  0]LogDerivedDataCache: Loaded boot cache 0.25s 79MB C:/Users/forwa/AppData/Local/UnrealEngine/4.19/DerivedDataCache/Boot.ddc.
[2018.10.16-10.45.57:893][  0]LogDerivedDataCache: Display: Loaded Boot cache: C:/Users/forwa/AppData/Local/UnrealEngine/4.19/DerivedDataCache/Boot.ddc
[2018.10.16-10.45.57:894][  0]LogDerivedDataCache: FDerivedDataBackendGraph:  Pak pak cache file ../../../../../../Users/forwa/Documents/FIT2097/FIT2097_A2_JackJayawardene/FIT2097_A2_JackJ/DerivedDataCache/DDC.ddp not found, will not use a pak cache.
[2018.10.16-10.45.57:894][  0]LogDerivedDataCache: Unable to find inner node Pak for hierarchical cache Hierarchy.
[2018.10.16-10.45.57:894][  0]LogDerivedDataCache: FDerivedDataBackendGraph:  CompressedPak pak cache file ../../../../../../Users/forwa/Documents/FIT2097/FIT2097_A2_JackJayawardene/FIT2097_A2_JackJ/DerivedDataCache/Compressed.ddp not found, will not use a pak cache.
[2018.10.16-10.45.57:894][  0]LogDerivedDataCache: Unable to find inner node CompressedPak for hierarchical cache Hierarchy.
[2018.10.16-10.45.57:923][  0]LogDerivedDataCache: Display: Pak cache opened for reading ../../../Engine/DerivedDataCache/Compressed.ddp.
[2018.10.16-10.45.57:936][  0]LogDerivedDataCache: Using Local data cache path C:/Users/forwa/AppData/Local/UnrealEngine/Common/DerivedDataCache: Writable
[2018.10.16-10.45.57:936][  0]LogDerivedDataCache: Shared data cache path not found in *engine.ini, will not use an Shared cache.
[2018.10.16-10.45.57:936][  0]LogDerivedDataCache: Unable to find inner node Shared for hierarchical cache Hierarchy.
[2018.10.16-10.45.57:950][  0]LogMaterial: Verifying Global Shaders for PCD3D_SM5
[2018.10.16-10.45.57:951][  0]LogSlate: Using Freetype 2.6.0
[2018.10.16-10.45.57:951][  0]LogSlate: SlateFontCache - WITH_FREETYPE: 1, WITH_HARFBUZZ: 1
[2018.10.16-10.45.57:951][  0]LogSlate: SlateFontCache - WITH_FREETYPE: 1, WITH_HARFBUZZ: 1
[2018.10.16-10.45.58:250][  0]LogAssetRegistry: FAssetRegistry took 0.0279 seconds to start up
[2018.10.16-10.45.58:711][  0]LogInit: Selected Device Profile: [Windows]
[2018.10.16-10.45.58:939][  0]LogSimplygon: Simplygon DLL not present - disabling.
[2018.10.16-10.45.58:944][  0]LogMeshReduction: Using SimplygonSwarm for distributed automatic mesh merging
[2018.10.16-10.45.58:944][  0]LogMeshReduction: Using QuadricMeshReduction for automatic static mesh reduction
[2018.10.16-10.45.58:944][  0]LogMeshReduction: No automatic skeletal mesh reduction module available
[2018.10.16-10.45.58:944][  0]LogMeshReduction: No automatic mesh merging module available
[2018.10.16-10.45.58:944][  0]LogMeshMerging: No automatic mesh merging module available
[2018.10.16-10.45.58:980][  0]LogNetVersion: FIT2097_A2_JackJ , NetCL: 3944462, EngineNetVer: 2, GameNetVer: 0 (Checksum: 3629837584)
[2018.10.16-10.45.59:505][  0]LogPackageLocalizationCache: Processed 9 localized package path(s) for 2 prioritized culture(s) in 0.105713 seconds
[2018.10.16-10.45.59:512][  0]LogUObjectArray: 36728 objects as part of root set at end of initial load.
[2018.10.16-10.45.59:512][  0]LogUObjectAllocator: 7314304 out of 0 bytes used by permanent object pool.
[2018.10.16-10.45.59:512][  0]LogUObjectArray: CloseDisregardForGC: 0/0 objects in disregard for GC pool
[2018.10.16-10.46.02:227][  0]LogTcpMessaging: Initializing TcpMessaging bridge
[2018.10.16-10.46.02:263][  0]LogUdpMessaging: Initializing bridge on interface 0.0.0.0:0 to multicast group 230.0.0.1:6666.
[2018.10.16-10.46.02:638][  0]LogUObjectGlobals: Created PersistentFrame Addr=0x000001d1fe6cfe20, Size=72, Default__FirstPerson_AnimBP_C Function /Game/FirstPerson/Animations/FirstPerson_AnimBP.FirstPerson_AnimBP_C:ExecuteUbergraph_FirstPerson_AnimBP
[2018.10.16-10.46.02:649][  0]LogUObjectGlobals: Destroyed PersistentFrame Addr=0x000001d1fe6cfe20, Size=72
[2018.10.16-10.46.02:649][  0]LogUObjectGlobals: Created PersistentFrame Addr=0x000001d1fe3f6980, Size=72, Default__FirstPerson_AnimBP_C Function /Engine/Transient.REINST_FirstPerson_AnimBP_C_0:ExecuteUbergraph_FirstPerson_AnimBP
[2018.10.16-10.46.02:658][  0]LogUObjectGlobals: Created PersistentFrame Addr=0x000001d1fe37bec0, Size=72, Default__FirstPerson_AnimBP_C Function /Game/FirstPerson/Animations/FirstPerson_AnimBP.FirstPerson_AnimBP_C:ExecuteUbergraph_FirstPerson_AnimBP
[2018.10.16-10.46.02:680][  0]LogUObjectGlobals: Created PersistentFrame Addr=0x000001d1fe382c00, Size=64, Default__ThirdPerson_AnimBP_C Function /Game/Mannequin/Animations/ThirdPerson_AnimBP.ThirdPerson_AnimBP_C:ExecuteUbergraph_ThirdPerson_AnimBP
[2018.10.16-10.46.02:689][  0]LogUObjectGlobals: Destroyed PersistentFrame Addr=0x000001d1fe382c00, Size=64
[2018.10.16-10.46.02:689][  0]LogUObjectGlobals: Created PersistentFrame Addr=0x000001d1fe382c00, Size=64, Default__ThirdPerson_AnimBP_C Function /Engine/Transient.REINST_ThirdPerson_AnimBP_C_1:ExecuteUbergraph_ThirdPerson_AnimBP
[2018.10.16-10.46.02:700][  0]LogUObjectGlobals: Created PersistentFrame Addr=0x000001d1fdf6a7a0, Size=72, Default__ThirdPerson_AnimBP_C Function /Game/Mannequin/Animations/ThirdPerson_AnimBP.ThirdPerson_AnimBP_C:ExecuteUbergraph_ThirdPerson_AnimBP
[2018.10.16-10.46.02:879][  0]LogSkeletalMesh: Skeletal Mesh found in DDC [0.752836ms] /Game/FirstPerson/FPWeapon/Mesh/SK_FPGun.SK_FPGun
[2018.10.16-10.46.02:888][  0]LogSkeletalMesh: Skeletal Mesh found in DDC [1.195370ms] /Game/FirstPerson/Character/Mesh/SK_Mannequin_Arms.SK_Mannequin_Arms
[2018.10.16-10.46.02:905][  0]LogSkeletalMesh: Skeletal Mesh found in DDC [1.882972ms] /Game/Mannequin/Character/Mesh/SK_Mannequin.SK_Mannequin
[2018.10.16-10.46.03:116][  0]SourceControl: Source control is disabled
[2018.10.16-10.46.03:117][  0]SourceControl: Source control is disabled
[2018.10.16-10.46.03:143][  0]SourceControl: Source control is disabled
[2018.10.16-10.46.03:164][  0]SourceControl: Source control is disabled
[2018.10.16-10.46.03:768][  0]LogAndroidPermission: UAndroidPermissionCallbackProxy::GetInstance
[2018.10.16-10.46.03:946][  0]LogOcInput: OculusInput pre-init called
[2018.10.16-10.46.04:072][  0]LogEngine: Initializing Engine...
[2018.10.16-10.46.04:073][  0]LogHMD: Failed to initialize OpenVR with code 110
[2018.10.16-10.46.04:075][  0]LogStats: UGameplayTagsManager::ConstructGameplayTagTree: Construct from data asset -  0.000 s
[2018.10.16-10.46.04:075][  0]LogStats: UGameplayTagsManager::ConstructGameplayTagTree: GameplayTagTreeChangedEvent.Broadcast -  0.000 s
[2018.10.16-10.46.04:338][  0]LogAIModule: Creating AISystem for world Untitled
[2018.10.16-10.46.04:345][  0]LogInit: XAudio2 using 'Speakers (Realtek High Definition Audio)' : 2 channels at 48 kHz using 32 bits per sample (channel mask 0x3)
[2018.10.16-10.46.04:460][  0]LogInit: FAudioDevice initialized.
[2018.10.16-10.46.04:553][  0]LogDerivedDataCache: Saved boot cache 0.09s 79MB C:/Users/forwa/AppData/Local/UnrealEngine/4.19/DerivedDataCache/Boot.ddc.
[2018.10.16-10.46.04:571][  0]LogInit: Texture streaming: Enabled
[2018.10.16-10.46.04:599][  0]LogEngineSessionManager: EngineSessionManager initialized
[2018.10.16-10.46.04:599][  0]LogEngineSessionManager: EngineSessionManager sent abnormal shutdown report. Type=Crashed, SessionId={C7031FD0-4190-2084-4490-2388CB16C013}
[2018.10.16-10.46.04:622][  0]LogInit: Transaction tracking system initialized
[2018.10.16-10.46.04:665][  0]BlueprintLog: New page: Editor Load
[2018.10.16-10.46.04:836][  0]LocalizationService: Localization service is disabled
[2018.10.16-10.46.04:974][  0]LogConsoleResponse: Display: 
[2018.10.16-10.46.05:187][  0]LogCook: Display: Max memory allowance for cook 16384mb min free memory 0mb
[2018.10.16-10.46.05:187][  0]LogCook: Display: Mobile HDR setting 1
[2018.10.16-10.46.05:187][  0]LogGameplayTags: Display: UGameplayTagsManager::DoneAddingNativeTags. DelegateIsBound: 0
[2018.10.16-10.46.05:187][  0]LogStats: UGameplayTagsManager::ConstructGameplayTagTree: Construct from data asset -  0.000 s
[2018.10.16-10.46.05:187][  0]LogStats: UGameplayTagsManager::ConstructGameplayTagTree: GameplayTagTreeChangedEvent.Broadcast -  0.000 s
[2018.10.16-10.46.05:494][  0]LogFileCache: Scanning file cache for directory 'C:/Users/forwa/Documents/FIT2097/FIT2097_A2_JackJayawardene/FIT2097_A2_JackJ/Content/' took 0.02s
[2018.10.16-10.46.05:735][  0]SourceControl: Source control is disabled
[2018.10.16-10.46.05:736][  0]LightingResults: New page: Lighting Build
[2018.10.16-10.46.05:740][  0]MapCheck: New page: Map Check
[2018.10.16-10.46.05:740][  0]LightingResults: New page: Lighting Build
[2018.10.16-10.46.05:754][  0]LogUObjectGlobals: Destroyed PersistentFrame Addr=0x000001d1fe3f6980, Size=72
[2018.10.16-10.46.05:754][  0]LogUObjectGlobals: Destroyed PersistentFrame Addr=0x000001d1fe382c00, Size=64
[2018.10.16-10.46.05:956][  0]LogAIModule: Creating AISystem for world FirstPersonExampleMap
[2018.10.16-10.46.05:966][  0]LogEditorServer: Finished looking for orphan Actors (0.000 secs)
[2018.10.16-10.46.05:995][  0]Cmd: MAP CHECKDEP NOCLEARLOG
[2018.10.16-10.46.06:061][  0]MapCheck: Map check complete: 0 Error(s), 0 Warning(s), took 66.52ms to complete.
[2018.10.16-10.46.06:061][  0]LogFileHelpers: Loading map 'FirstPersonExampleMap' took 0.326
[2018.10.16-10.46.06:147][  0]LogWindowsTextInputMethodSystem: Display: IME system now deactivated.
[2018.10.16-10.46.06:151][  0]LogWindowsTextInputMethodSystem: Display: IME system now deactivated.
[2018.10.16-10.46.06:250][  0]LogCollectionManager: Loaded 0 collections in 0.002793 seconds
[2018.10.16-10.46.06:300][  0]LogFileCache: Scanning file cache for directory 'C:/Users/forwa/Documents/FIT2097/FIT2097_A2_JackJayawardene/FIT2097_A2_JackJ/Saved/Collections/' took 0.01s
[2018.10.16-10.46.06:300][  0]LogFileCache: Scanning file cache for directory 'C:/Users/forwa/Documents/FIT2097/FIT2097_A2_JackJayawardene/FIT2097_A2_JackJ/Content/Developers/forwa/Collections/' took 0.01s
[2018.10.16-10.46.06:300][  0]LogFileCache: Scanning file cache for directory 'C:/Users/forwa/Documents/FIT2097/FIT2097_A2_JackJayawardene/FIT2097_A2_JackJ/Content/Collections/' took 0.01s
[2018.10.16-10.46.06:300][  0]LogCollectionManager: Rebuilt the GUID cache for 0 collections in 0.000001 seconds
[2018.10.16-10.46.06:316][  0]LogContentBrowser: Native class hierarchy populated in 0.0163 seconds. Added 2459 classes and 560 folders.
[2018.10.16-10.46.06:330][  0]LogContentBrowser: Native class hierarchy updated for 'WidgetCarousel' in 0.0012 seconds. Added 0 classes and 0 folders.
[2018.10.16-10.46.06:509][  0]LogContentBrowser: Native class hierarchy updated for 'AddContentDialog' in 0.0011 seconds. Added 0 classes and 0 folders.
[2018.10.16-10.46.06:517][  0]LogContentBrowser: Native class hierarchy updated for 'SceneOutliner' in 0.0012 seconds. Added 1 classes and 2 folders.
[2018.10.16-10.46.06:628][  0]LogSlate: Took 0.000336 seconds to synchronously load lazily loaded font '../../../Engine/Content/Slate/Fonts/Roboto-Regular.ttf' (155K)
[2018.10.16-10.46.06:631][  0]LogSlate: Took 0.000225 seconds to synchronously load lazily loaded font '../../../Engine/Content/Slate/Fonts/Roboto-Bold.ttf' (160K)
[2018.10.16-10.46.06:647][  0]LogSlate: Took 0.008043 seconds to synchronously load lazily loaded font '../../../Engine/Content/Editor/Slate/Fonts/FontAwesome.ttf' (139K)
[2018.10.16-10.46.06:764][  0]LogRenderer: Reallocating scene render targets to support 632x272 Format 10 NumSamples 1 (Frame:1).
[2018.10.16-10.46.07:644][  0]LogContentBrowser: Native class hierarchy updated for 'HierarchicalLODOutliner' in 0.0015 seconds. Added 0 classes and 0 folders.
[2018.10.16-10.46.07:644][  0]LogLoad: (Engine Initialization) Total time: 16.61 seconds
[2018.10.16-10.46.07:644][  0]LogLoad: (Engine Initialization) Total Blueprint compile time: 0.00 seconds
[2018.10.16-10.46.07:690][  0]LogContentStreaming: Texture pool size now 1000 MB
[2018.10.16-10.46.07:716][  0]LogSlate: Took 0.000224 seconds to synchronously load lazily loaded font '../../../Engine/Content/Slate/Fonts/Roboto-Light.ttf' (167K)
[2018.10.16-10.46.07:744][  1]LogAssetRegistry: Asset discovery search completed in 9.5167 seconds
[2018.10.16-10.46.07:747][  1]LogCollectionManager: Rebuilt the object cache for 0 collections in 0.000001 seconds (found 0 objects)
[2018.10.16-10.46.07:747][  1]LogCollectionManager: Fixed up redirectors for 0 collections in 0.000104 seconds (updated 0 objects)
[2018.10.16-10.46.10:698][ 92]LogSlate: FSceneViewport::OnFocusLost() reason 0
[2018.10.16-10.46.11:861][146]LogSlate: Took 0.000403 seconds to synchronously load lazily loaded font '../../../Engine/Content/Slate/Fonts/Roboto-Light.ttf' (167K)
[2018.10.16-10.46.11:937][146]LogUObjectGlobals: Created PersistentFrame Addr=0x000001d19e5f9670, Size=72, Default__A2_Level_C Function /Game/MyMaps/A2_Level.A2_Level_C:ExecuteUbergraph_A2_Level
[2018.10.16-10.46.11:940][146]LogUObjectGlobals: Destroyed PersistentFrame Addr=0x000001d19e5f9670, Size=72
[2018.10.16-10.46.11:940][146]LogUObjectGlobals: Created PersistentFrame Addr=0x000001d19e5f8450, Size=72, Default__A2_Level_C Function /Engine/Transient.REINST_A2_Level_C_7:ExecuteUbergraph_A2_Level
[2018.10.16-10.46.11:942][146]LogUObjectGlobals: Created PersistentFrame Addr=0x000001d19e5f90d0, Size=72, Default__A2_Level_C Function /Game/MyMaps/A2_Level.A2_Level_C:ExecuteUbergraph_A2_Level
[2018.10.16-10.46.11:993][146]LogAIModule: Creating AISystem for world A2_Level
[2018.10.16-10.46.12:062][146]LogUObjectGlobals: Destroyed PersistentFrame Addr=0x000001d19e5f8450, Size=72
[2018.10.16-10.46.12:064][146]Cmd: MAP LOAD FILE="../../../../../../Users/forwa/Documents/FIT2097/FIT2097_A2_JackJayawardene/FIT2097_A2_JackJ/Content/MyMaps/A2_Level.umap" TEMPLATE=0 SHOWPROGRESS=1 FEATURELEVEL=3
[2018.10.16-10.46.12:064][146]LightingResults: New page: Lighting Build
[2018.10.16-10.46.12:065][146]LoadErrors: New page: Loading map: A2_Level.umap
[2018.10.16-10.46.12:072][146]MapCheck: New page: Map Check
[2018.10.16-10.46.12:072][146]LightingResults: New page: Lighting Build
[2018.10.16-10.46.12:193][146]LogEditorServer: Finished looking for orphan Actors (0.000 secs)
[2018.10.16-10.46.12:257][146]Cmd: MAP CHECKDEP NOCLEARLOG
[2018.10.16-10.46.12:359][146]MapCheck: Map check complete: 0 Error(s), 0 Warning(s), took 102.413ms to complete.
[2018.10.16-10.46.12:359][146]LogFileHelpers: Loading map 'A2_Level' took 0.297
[2018.10.16-10.46.14:412][239]LogTemp: Repeating last play command: New Editor Window (PIE)
[2018.10.16-10.46.14:442][239]LogBlueprintUserMessages: Early PlayInEditor Detection: Level '/Game/MyMaps/A2_Level.A2_Level:PersistentLevel' has LevelScriptBlueprint '/Game/MyMaps/A2_Level.A2_Level:PersistentLevel.A2_Level' with GeneratedClass '/Game/MyMaps/A2_Level.A2_Level_C' with ClassGeneratedBy '/Game/MyMaps/A2_Level.A2_Level:PersistentLevel.A2_Level'
[2018.10.16-10.46.14:442][239]LogPlayLevel: PlayLevel: No blueprints needed recompiling
[2018.10.16-10.46.14:445][239]PIE: New page: PIE session: A2_Level (17 Oct 2018 8:46:14 am)
[2018.10.16-10.46.14:445][239]LogPlayLevel: Creating play world package: /Game/MyMaps/UEDPIE_1_A2_Level
[2018.10.16-10.46.14:448][239]LogPlayLevel: PIE: StaticDuplicateObject took: (0.003605s)
[2018.10.16-10.46.14:449][239]LogAIModule: Creating AISystem for world A2_Level
[2018.10.16-10.46.14:449][239]LogPlayLevel: PIE: World Init took: (0.000958s)
[2018.10.16-10.46.14:450][239]LogPlayLevel: PIE: Created PIE world by copying editor world from /Game/MyMaps/A2_Level.A2_Level to /Game/MyMaps/UEDPIE_1_A2_Level.A2_Level (0.004815s)
[2018.10.16-10.46.14:465][239]LogInit: XAudio2 using 'Speakers (Realtek High Definition Audio)' : 2 channels at 48 kHz using 32 bits per sample (channel mask 0x3)
[2018.10.16-10.46.14:482][239]LogInit: FAudioDevice initialized.
[2018.10.16-10.46.14:597][239]LogLoad: Game class is 'FIT2097_A2_JackJGameMode'
[2018.10.16-10.46.14:600][239]LogWorld: Bringing World /Game/MyMaps/UEDPIE_1_A2_Level.A2_Level up for play (max tick rate 60) at 2018.10.16-21.46.14
[2018.10.16-10.46.14:601][239]LogWorld: Bringing up level for play took: 0.002878
[2018.10.16-10.46.14:607][239]LogContentBrowser: Native class hierarchy updated for 'MovieSceneCapture' in 0.0011 seconds. Added 11 classes and 0 folders.
[2018.10.16-10.46.14:609][239]LogTemp: Display: ParseSettings for GameNetDriver
[2018.10.16-10.46.14:609][239]LogTemp: Display: ParseSettings for IpNetDriver_0
[2018.10.16-10.46.14:609][239]LogTemp: Display: ParseSettings for GameNetDriver
[2018.10.16-10.46.14:609][239]LogInit: WinSock: Socket queue 131072 / 131072
[2018.10.16-10.46.14:610][239]PacketHandlerLog: Loaded PacketHandler component: Engine.EngineHandlerComponentFactory (StatelessConnectHandlerComponent)
[2018.10.16-10.46.14:610][239]LogNet: GameNetDriver IpNetDriver_0 IpNetDriver listening on port 17777
[2018.10.16-10.46.14:614][239]PIE: Play in editor start time for /Game/MyMaps/UEDPIE_1_A2_Level 0.148
[2018.10.16-10.46.14:616][239]PIE: New page: PIE session: A2_Level (17 Oct 2018 8:46:14 am)
[2018.10.16-10.46.14:628][239]LogSlate: FSceneViewport::OnFocusLost() reason 2
[2018.10.16-10.46.14:705][239]LogNet: Browse: 127.0.0.1:17777//Game/FirstPersonCPP/Maps/FirstPersonExampleMap
[2018.10.16-10.46.14:705][239]LogTemp: Display: ParseSettings for GameNetDriver
[2018.10.16-10.46.14:705][239]LogTemp: Display: ParseSettings for IpNetDriver_1
[2018.10.16-10.46.14:705][239]LogTemp: Display: ParseSettings for PendingNetDriver
[2018.10.16-10.46.14:705][239]LogInit: WinSock: Socket queue 32768 / 32768
[2018.10.16-10.46.14:706][239]PacketHandlerLog: Loaded PacketHandler component: Engine.EngineHandlerComponentFactory (StatelessConnectHandlerComponent)
[2018.10.16-10.46.14:706][239]LogNet: Game client on port 17777, rate 10000
[2018.10.16-10.46.14:710][239]PIE: Play in editor start time for /Game/FirstPersonCPP/Maps/FirstPersonExampleMap 0.244
[2018.10.16-10.46.14:725][239]LogBlueprintUserMessages: Late PlayInEditor Detection: Level '/Game/MyMaps/A2_Level.A2_Level:PersistentLevel' has LevelScriptBlueprint '/Game/MyMaps/A2_Level.A2_Level:PersistentLevel.A2_Level' with GeneratedClass '/Game/MyMaps/A2_Level.A2_Level_C' with ClassGeneratedBy '/Game/MyMaps/A2_Level.A2_Level:PersistentLevel.A2_Level'
[2018.10.16-10.46.14:725][239]LogNet: NotifyAcceptingConnection accepted from: 127.0.0.1:49532
[2018.10.16-10.46.14:725][239]LogHandshake: SendConnectChallenge. Timestamp: 0.016667, Cookie: 081071241219100241227239073192247197221126073033054112103127
[2018.10.16-10.46.14:732][239]LogHandshake: SendChallengeResponse. Timestamp: 0.016667, Cookie: 081071241219100241227239073192247197221126073033054112103127
[2018.10.16-10.46.14:820][239]LogRenderer: Reallocating scene render targets to support 632x480 Format 10 NumSamples 1 (Frame:1).
[2018.10.16-10.46.15:044][240]LogNet: NotifyAcceptingConnection accepted from: 127.0.0.1:49532
[2018.10.16-10.46.15:044][240]LogHandshake: SendChallengeAck. InCookie: 081071241219100241227239073192247197221126073033054112103127
[2018.10.16-10.46.15:044][240]LogNet: Server accepting post-challenge connection from: 127.0.0.1:49532
[2018.10.16-10.46.15:045][240]PacketHandlerLog: Loaded PacketHandler component: Engine.EngineHandlerComponentFactory (StatelessConnectHandlerComponent)
[2018.10.16-10.46.15:045][240]LogNet: NotifyAcceptedConnection: Name: A2_Level, TimeStamp: 10/16/18 21:46:15, [UNetConnection] RemoteAddr: 127.0.0.1:49532, Name: IpConnection_1, Driver: GameNetDriver IpNetDriver_0, IsServer: YES, PC: NULL, Owner: NULL, UniqueId: INVALID
[2018.10.16-10.46.15:045][240]LogNet: AddClientConnection: Added client connection: [UNetConnection] RemoteAddr: 127.0.0.1:49532, Name: IpConnection_1, Driver: GameNetDriver IpNetDriver_0, IsServer: YES, PC: NULL, Owner: NULL, UniqueId: INVALID
[2018.10.16-10.46.15:046][240]LogNetVersion: FIT2097_A2_JackJ 1.0.0.0, NetCL: 3944462, EngineNetVer: 2, GameNetVer: 0 (Checksum: 2461803775)
[2018.10.16-10.46.15:046][240]LogNet: UPendingNetGame::SendInitialJoin: Sending hello. [UNetConnection] RemoteAddr: 127.0.0.1:17777, Name: IpConnection_0, Driver: PendingNetDriver IpNetDriver_1, IsServer: NO, PC: NULL, Owner: NULL, UniqueId: INVALID
[2018.10.16-10.46.15:068][241]LogNet: NotifyAcceptingChannel Control 0 server World /Game/MyMaps/UEDPIE_1_A2_Level.A2_Level: Accepted
[2018.10.16-10.46.15:068][241]LogNet: Remote platform little endian=1
[2018.10.16-10.46.15:068][241]LogNet: This platform little endian=1
[2018.10.16-10.46.15:139][242]LogNet: Login request: /Game/FirstPersonCPP/Maps/FirstPersonExampleMap userId: Invalid
[2018.10.16-10.46.15:141][242]LogNet: Welcomed by server (Level: /Game/MyMaps/UEDPIE_1_A2_Level, Game: /Script/FIT2097_A2_JackJ.FIT2097_A2_JackJGameMode)
[2018.10.16-10.46.15:142][242]LogLoad: LoadMap: 127.0.0.1:17777//Game/MyMaps/UEDPIE_1_A2_Level?game=/Script/FIT2097_A2_JackJ.FIT2097_A2_JackJGameMode
[2018.10.16-10.46.15:162][242]LogAIModule: Creating AISystem for world A2_Level
[2018.10.16-10.46.15:162][242]LogTemp: Display: ParseSettings for GameNetDriver
[2018.10.16-10.46.15:163][242]LogWorld: Bringing World /Game/MyMaps/UEDPIE_2_A2_Level.A2_Level up for play (max tick rate 60) at 2018.10.16-21.46.15
[2018.10.16-10.46.15:164][242]LogWorld: Bringing up level for play took: 0.001110
[2018.10.16-10.46.15:164][242]LogLoad: Took 0.022649 seconds to LoadMap(/Game/MyMaps/UEDPIE_1_A2_Level)
[2018.10.16-10.46.15:192][243]LogNet: Client netspeed is 10000
[2018.10.16-10.46.15:192][243]LogNet: Join request: /Game/FirstPersonCPP/Maps/FirstPersonExampleMap?SplitscreenCount=1
[2018.10.16-10.46.15:200][243]LogNet: Join succeeded: 257
[2018.10.16-10.46.22:607][417]LogSlate: FSceneViewport::OnFocusLost() reason 2
[2018.10.16-10.46.29:826][593]LogBlueprintUserMessages: Early EndPlayMap Detection: Level '/Game/MyMaps/A2_Level.A2_Level:PersistentLevel' has LevelScriptBlueprint '/Game/MyMaps/A2_Level.A2_Level:PersistentLevel.A2_Level' with GeneratedClass '/Game/MyMaps/A2_Level.A2_Level_C' with ClassGeneratedBy '/Game/MyMaps/A2_Level.A2_Level:PersistentLevel.A2_Level'
[2018.10.16-10.46.29:881][593]LogSlate: Window 'FIT2097_A2_JackJ Game Preview Client 1 (64-bit/PCD3D_SM5)' being destroyed
[2018.10.16-10.46.29:985][593]LogSlate: Window 'FIT2097_A2_JackJ Game Preview Server (64-bit/PCD3D_SM5)' being destroyed
[2018.10.16-10.46.30:025][593]LogBlueprintUserMessages: Late EndPlayMap Detection: Level '/Game/MyMaps/A2_Level.A2_Level:PersistentLevel' has LevelScriptBlueprint '/Game/MyMaps/A2_Level.A2_Level:PersistentLevel.A2_Level' with GeneratedClass '/Game/MyMaps/A2_Level.A2_Level_C' with ClassGeneratedBy '/Game/MyMaps/A2_Level.A2_Level:PersistentLevel.A2_Level'
[2018.10.16-10.46.30:054][593]LogNet: UChannel::CleanUp: ChIndex == 0. Closing connection. [UChannel] ChIndex: 0, Closing: 0 [UNetConnection] RemoteAddr: 127.0.0.1:49532, Name: IpConnection_1, Driver: GameNetDriver IpNetDriver_0, IsServer: YES, PC: None, Owner: None, UniqueId: INVALID
[2018.10.16-10.46.30:054][593]LogNet: UNetConnection::Close: [UNetConnection] RemoteAddr: 127.0.0.1:49532, Name: IpConnection_1, Driver: GameNetDriver IpNetDriver_0, IsServer: YES, PC: None, Owner: None, UniqueId: INVALID, Channels: 2, Time: 2018.10.16-10.46.30
[2018.10.16-10.46.30:055][593]LogNet: UChannel::Close: Sending CloseBunch. ChIndex == 0. Name: [UChannel] ChIndex: 0, Closing: 0 [UNetConnection] RemoteAddr: 127.0.0.1:49532, Name: IpConnection_1, Driver: GameNetDriver IpNetDriver_0, IsServer: YES, PC: None, Owner: None, UniqueId: INVALID
[2018.10.16-10.46.30:056][593]LogNet: UChannel::CleanUp: ChIndex == 0. Closing connection. [UChannel] ChIndex: 0, Closing: 0 [UNetConnection] RemoteAddr: 127.0.0.1:17777, Name: IpConnection_0, Driver: GameNetDriver IpNetDriver_1, IsServer: NO, PC: None, Owner: None, UniqueId: INVALID
[2018.10.16-10.46.30:056][593]LogNet: UNetConnection::Close: [UNetConnection] RemoteAddr: 127.0.0.1:17777, Name: IpConnection_0, Driver: GameNetDriver IpNetDriver_1, IsServer: NO, PC: None, Owner: None, UniqueId: INVALID, Channels: 1, Time: 2018.10.16-10.46.30
[2018.10.16-10.46.30:056][593]LogNet: UChannel::Close: Sending CloseBunch. ChIndex == 0. Name: [UChannel] ChIndex: 0, Closing: 0 [UNetConnection] RemoteAddr: 127.0.0.1:17777, Name: IpConnection_0, Driver: GameNetDriver IpNetDriver_1, IsServer: NO, PC: None, Owner: None, UniqueId: INVALID
[2018.10.16-10.46.30:063][593]LogExit: GameNetDriver None shut down
[2018.10.16-10.46.30:064][593]LogExit: GameNetDriver None shut down
[2018.10.16-10.48.37:123][151]Candidate modules for hot reload:
[2018.10.16-10.48.37:123][151]  FIT2097_A2_JackJ
[2018.10.16-10.48.37:123][151]Launching UnrealBuildTool... [C:/Program Files/Epic Games/UE_4.19/Engine/Binaries/DotNET/UnrealBuildTool.exe FIT2097_A2_JackJ -ModuleWithSuffix=FIT2097_A2_JackJ,8895 Win64 Development -editorrecompile -canskiplink "C:/Users/forwa/Documents/FIT2097/FIT2097_A2_JackJayawardene/FIT2097_A2_JackJ/FIT2097_A2_JackJ.uproject" ]
[2018.10.16-10.48.37:131][151]Warning: Starting HotReload took  0.0s.
[2018.10.16-10.51.35:034][511]CompilerResultsLog: New page: Compilation - 17 Oct 2018 8:51:35 am
[2018.10.16-10.51.35:036][511]CompilerResultsLog: Using 'git status' to determine working set for adaptive non-unity build.
[2018.10.16-10.51.35:036][511]CompilerResultsLog: Compiling game modules for hot reload
[2018.10.16-10.51.35:036][511]CompilerResultsLog: Performing 4 actions (2 in parallel)
[2018.10.16-10.51.35:036][511]CompilerResultsLog: MyDoor.cpp
[2018.10.16-10.51.35:036][511]CompilerResultsLog: MyKey.cpp
[2018.10.16-10.51.35:036][511]CompilerResultsLog: Error: C:\Users\forwa\Documents\FIT2097\FIT2097_A2_JackJayawardene\FIT2097_A2_JackJ\Source\FIT2097_A2_JackJ\MyDoor.cpp(42) : error C2601: 'AMyDoor::LerpDoor': local function definitions are illegal
[2018.10.16-10.51.35:036][511]CompilerResultsLog: Error: C:\Users\forwa\Documents\FIT2097\FIT2097_A2_JackJayawardene\FIT2097_A2_JackJ\Source\FIT2097_A2_JackJ\MyDoor.cpp(27) : note: this line contains a '{' which has not yet been matched
[2018.10.16-10.51.35:036][511]CompilerResultsLog: Error: C:\Users\forwa\Documents\FIT2097\FIT2097_A2_JackJayawardene\FIT2097_A2_JackJ\Source\FIT2097_A2_JackJ\MyDoor.cpp(27) : fatal error C1075: the left brace '{' was unmatched at the end of the file
[2018.10.16-10.51.35:036][511]CompilerResultsLog: ERROR: UBT ERROR: Failed to produce item: C:\Users\forwa\Documents\FIT2097\FIT2097_A2_JackJayawardene\FIT2097_A2_JackJ\Binaries\Win64\UE4Editor-FIT2097_A2_JackJ-8895.dll
[2018.10.16-10.51.35:036][511]CompilerResultsLog: Total build time: 177.34 seconds (Local executor: 0.00 seconds)
[2018.10.16-10.51.35:037][511]LogMainFrame: MainFrame: Module compiling took 177.927 seconds
[2018.10.16-10.51.35:038][511]Warning: HotReload failed, recompile failed
[2018.10.16-10.52.23:038][421]Candidate modules for hot reload:
[2018.10.16-10.52.23:038][421]  FIT2097_A2_JackJ
[2018.10.16-10.52.23:038][421]Launching UnrealBuildTool... [C:/Program Files/Epic Games/UE_4.19/Engine/Binaries/DotNET/UnrealBuildTool.exe FIT2097_A2_JackJ -ModuleWithSuffix=FIT2097_A2_JackJ,9206 Win64 Development -editorrecompile -canskiplink "C:/Users/forwa/Documents/FIT2097/FIT2097_A2_JackJayawardene/FIT2097_A2_JackJ/FIT2097_A2_JackJ.uproject" ]
[2018.10.16-10.52.23:046][421]Warning: Starting HotReload took  0.0s.
[2018.10.16-10.54.48:329][812]CompilerResultsLog: New page: Compilation - 17 Oct 2018 8:54:48 am
[2018.10.16-10.54.48:329][812]CompilerResultsLog: Using 'git status' to determine working set for adaptive non-unity build.
[2018.10.16-10.54.48:329][812]CompilerResultsLog: Compiling game modules for hot reload
[2018.10.16-10.54.48:329][812]CompilerResultsLog: Performing 3 actions (2 in parallel)
[2018.10.16-10.54.48:329][812]CompilerResultsLog: MyDoor.cpp
[2018.10.16-10.54.48:330][812]CompilerResultsLog: [2/3] Link UE4Editor-FIT2097_A2_JackJ-9206.dll
[2018.10.16-10.54.48:330][812]CompilerResultsLog: [3/3] Link UE4Editor-FIT2097_A2_JackJ-9206.lib
[2018.10.16-10.54.48:330][812]CompilerResultsLog:    Creating library C:\Users\forwa\Documents\FIT2097\FIT2097_A2_JackJayawardene\FIT2097_A2_JackJ\Intermediate\Build\Win64\UE4Editor\Development\UE4Editor-FIT2097_A2_JackJ-9206.lib and object C:\Users\forwa\Documents\FIT2097\FIT2097_A2_JackJayawardene\FIT2097_A2_JackJ\Intermediate\Build\Win64\UE4Editor\Development\UE4Editor-FIT2097_A2_JackJ-9206.exp
[2018.10.16-10.54.48:330][812]CompilerResultsLog:    Creating library C:\Users\forwa\Documents\FIT2097\FIT2097_A2_JackJayawardene\FIT2097_A2_JackJ\Intermediate\Build\Win64\UE4Editor\Development\UE4Editor-FIT2097_A2_JackJ-9206.suppressed.lib and object C:\Users\forwa\Documents\FIT2097\FIT2097_A2_JackJayawardene\FIT2097_A2_JackJ\Intermediate\Build\Win64\UE4Editor\Development\UE4Editor-FIT2097_A2_JackJ-9206.suppressed.exp
[2018.10.16-10.54.48:330][812]CompilerResultsLog: Total build time: 144.36 seconds (Local executor: 136.26 seconds)
[2018.10.16-10.54.48:330][812]LogMainFrame: MainFrame: Module compiling took 145.296 seconds
[2018.10.16-10.54.48:438][812]LogContentBrowser: Native class hierarchy updated for 'FIT2097_A2_JackJ' in 0.0028 seconds. Added 7 classes and 2 folders.
[2018.10.16-10.54.48:441][812]Display: HotReload successful (6 functions remapped  0 scriptstructs remapped)
[2018.10.16-10.54.48:587][812]LogContentBrowser: Native class hierarchy populated in 0.0262 seconds. Added 2460 classes and 562 folders.
[2018.10.16-10.54.48:593][812]Display: HotReload took 145.6s.
[2018.10.16-10.54.52:687][  5]LogTemp: Repeating last play command: New Editor Window (PIE)
[2018.10.16-10.54.52:712][  5]LogBlueprintUserMessages: Early PlayInEditor Detection: Level '/Game/MyMaps/A2_Level.A2_Level:PersistentLevel' has LevelScriptBlueprint '/Game/MyMaps/A2_Level.A2_Level:PersistentLevel.A2_Level' with GeneratedClass '/Game/MyMaps/A2_Level.A2_Level_C' with ClassGeneratedBy '/Game/MyMaps/A2_Level.A2_Level:PersistentLevel.A2_Level'
[2018.10.16-10.54.52:713][  5]LogPlayLevel: PlayLevel: No blueprints needed recompiling
[2018.10.16-10.54.52:715][  5]PIE: New page: PIE session: A2_Level (17 Oct 2018 8:54:52 am)
[2018.10.16-10.54.52:715][  5]LogPlayLevel: Creating play world package: /Game/MyMaps/UEDPIE_1_A2_Level
[2018.10.16-10.54.52:720][  5]LogPlayLevel: PIE: StaticDuplicateObject took: (0.004315s)
[2018.10.16-10.54.52:721][  5]LogAIModule: Creating AISystem for world A2_Level
[2018.10.16-10.54.52:721][  5]LogPlayLevel: PIE: World Init took: (0.001805s)
[2018.10.16-10.54.52:722][  5]LogPlayLevel: PIE: Created PIE world by copying editor world from /Game/MyMaps/A2_Level.A2_Level to /Game/MyMaps/UEDPIE_1_A2_Level.A2_Level (0.006363s)
[2018.10.16-10.54.52:738][  5]LogInit: XAudio2 using 'Speakers (Realtek High Definition Audio)' : 2 channels at 48 kHz using 32 bits per sample (channel mask 0x3)
[2018.10.16-10.54.52:762][  5]LogInit: FAudioDevice initialized.
[2018.10.16-10.54.52:873][  5]LogLoad: Game class is 'FIT2097_A2_JackJGameMode'
[2018.10.16-10.54.52:876][  5]LogWorld: Bringing World /Game/MyMaps/UEDPIE_1_A2_Level.A2_Level up for play (max tick rate 60) at 2018.10.16-21.54.52
[2018.10.16-10.54.52:876][  5]LogWorld: Bringing up level for play took: 0.002305
[2018.10.16-10.54.52:880][  5]LogTemp: Display: ParseSettings for GameNetDriver
[2018.10.16-10.54.52:880][  5]LogTemp: Display: ParseSettings for IpNetDriver_2
[2018.10.16-10.54.52:880][  5]LogTemp: Display: ParseSettings for GameNetDriver
[2018.10.16-10.54.52:880][  5]LogInit: WinSock: Socket queue 131072 / 131072
[2018.10.16-10.54.52:881][  5]PacketHandlerLog: Loaded PacketHandler component: Engine.EngineHandlerComponentFactory (StatelessConnectHandlerComponent)
[2018.10.16-10.54.52:881][  5]LogNet: GameNetDriver IpNetDriver_2 IpNetDriver listening on port 17777
[2018.10.16-10.54.52:887][  5]PIE: Play in editor start time for /Game/MyMaps/UEDPIE_1_A2_Level 0.421
[2018.10.16-10.54.52:888][  5]PIE: New page: PIE session: A2_Level (17 Oct 2018 8:54:52 am)
[2018.10.16-10.54.52:904][  5]LogSlate: FSceneViewport::OnFocusLost() reason 2
[2018.10.16-10.54.52:990][  5]LogNet: Browse: 127.0.0.1:17777//Game/FirstPersonCPP/Maps/FirstPersonExampleMap
[2018.10.16-10.54.52:990][  5]LogTemp: Display: ParseSettings for GameNetDriver
[2018.10.16-10.54.52:990][  5]LogTemp: Display: ParseSettings for IpNetDriver_3
[2018.10.16-10.54.52:990][  5]LogTemp: Display: ParseSettings for PendingNetDriver
[2018.10.16-10.54.52:991][  5]LogInit: WinSock: Socket queue 32768 / 32768
[2018.10.16-10.54.52:992][  5]PacketHandlerLog: Loaded PacketHandler component: Engine.EngineHandlerComponentFactory (StatelessConnectHandlerComponent)
[2018.10.16-10.54.52:992][  5]LogNet: Game client on port 17777, rate 10000
[2018.10.16-10.54.52:998][  5]PIE: Play in editor start time for /Game/FirstPersonCPP/Maps/FirstPersonExampleMap 0.532
[2018.10.16-10.54.53:018][  5]LogBlueprintUserMessages: Late PlayInEditor Detection: Level '/Game/MyMaps/A2_Level.A2_Level:PersistentLevel' has LevelScriptBlueprint '/Game/MyMaps/A2_Level.A2_Level:PersistentLevel.A2_Level' with GeneratedClass '/Game/MyMaps/A2_Level.A2_Level_C' with ClassGeneratedBy '/Game/MyMaps/A2_Level.A2_Level:PersistentLevel.A2_Level'
[2018.10.16-10.54.53:018][  5]LogNet: NotifyAcceptingConnection accepted from: 127.0.0.1:51726
[2018.10.16-10.54.53:018][  5]LogHandshake: SendConnectChallenge. Timestamp: 0.016667, Cookie: 128075236069236155214073199184234032008026038129158056043236
[2018.10.16-10.54.53:020][  5]LogHandshake: SendChallengeResponse. Timestamp: 0.016667, Cookie: 128075236069236155214073199184234032008026038129158056043236
[2018.10.16-10.54.53:259][  6]LogNet: NotifyAcceptingConnection accepted from: 127.0.0.1:51726
[2018.10.16-10.54.53:259][  6]LogHandshake: SendChallengeAck. InCookie: 128075236069236155214073199184234032008026038129158056043236
[2018.10.16-10.54.53:259][  6]LogNet: Server accepting post-challenge connection from: 127.0.0.1:51726
[2018.10.16-10.54.53:259][  6]PacketHandlerLog: Loaded PacketHandler component: Engine.EngineHandlerComponentFactory (StatelessConnectHandlerComponent)
[2018.10.16-10.54.53:259][  6]LogNet: NotifyAcceptedConnection: Name: A2_Level, TimeStamp: 10/16/18 21:54:53, [UNetConnection] RemoteAddr: 127.0.0.1:51726, Name: IpConnection_3, Driver: GameNetDriver IpNetDriver_2, IsServer: YES, PC: NULL, Owner: NULL, UniqueId: INVALID
[2018.10.16-10.54.53:259][  6]LogNet: AddClientConnection: Added client connection: [UNetConnection] RemoteAddr: 127.0.0.1:51726, Name: IpConnection_3, Driver: GameNetDriver IpNetDriver_2, IsServer: YES, PC: NULL, Owner: NULL, UniqueId: INVALID
[2018.10.16-10.54.53:260][  6]LogNet: UPendingNetGame::SendInitialJoin: Sending hello. [UNetConnection] RemoteAddr: 127.0.0.1:17777, Name: IpConnection_2, Driver: PendingNetDriver IpNetDriver_3, IsServer: NO, PC: NULL, Owner: NULL, UniqueId: INVALID
[2018.10.16-10.54.53:311][  7]LogNet: NotifyAcceptingChannel Control 0 server World /Game/MyMaps/UEDPIE_1_A2_Level.A2_Level: Accepted
[2018.10.16-10.54.53:311][  7]LogNet: Remote platform little endian=1
[2018.10.16-10.54.53:311][  7]LogNet: This platform little endian=1
[2018.10.16-10.54.53:335][  8]LogNet: Login request: /Game/FirstPersonCPP/Maps/FirstPersonExampleMap userId: Invalid
[2018.10.16-10.54.53:337][  8]LogNet: Welcomed by server (Level: /Game/MyMaps/UEDPIE_1_A2_Level, Game: /Script/FIT2097_A2_JackJ.FIT2097_A2_JackJGameMode)
[2018.10.16-10.54.53:347][  8]LogLoad: LoadMap: 127.0.0.1:17777//Game/MyMaps/UEDPIE_1_A2_Level?game=/Script/FIT2097_A2_JackJ.FIT2097_A2_JackJGameMode
[2018.10.16-10.54.53:369][  8]LogAIModule: Creating AISystem for world A2_Level
[2018.10.16-10.54.53:369][  8]LogTemp: Display: ParseSettings for GameNetDriver
[2018.10.16-10.54.53:371][  8]LogWorld: Bringing World /Game/MyMaps/UEDPIE_2_A2_Level.A2_Level up for play (max tick rate 60) at 2018.10.16-21.54.53
[2018.10.16-10.54.53:371][  8]LogWorld: Bringing up level for play took: 0.001108
[2018.10.16-10.54.53:371][  8]LogLoad: Took 0.024325 seconds to LoadMap(/Game/MyMaps/UEDPIE_1_A2_Level)
[2018.10.16-10.54.53:440][  9]LogNet: Client netspeed is 10000
[2018.10.16-10.54.53:440][  9]LogNet: Join request: /Game/FirstPersonCPP/Maps/FirstPersonExampleMap?SplitscreenCount=1
[2018.10.16-10.54.53:444][  9]LogNet: Join succeeded: 259
[2018.10.16-10.54.56:522][ 75]LogSlate: FSceneViewport::OnFocusLost() reason 2
[2018.10.16-10.55.12:655][452]LogSlate: FSceneViewport::OnFocusLost() reason 2
[2018.10.16-10.55.26:680][789]LogBlueprintUserMessages: Early EndPlayMap Detection: Level '/Game/MyMaps/A2_Level.A2_Level:PersistentLevel' has LevelScriptBlueprint '/Game/MyMaps/A2_Level.A2_Level:PersistentLevel.A2_Level' with GeneratedClass '/Game/MyMaps/A2_Level.A2_Level_C' with ClassGeneratedBy '/Game/MyMaps/A2_Level.A2_Level:PersistentLevel.A2_Level'
[2018.10.16-10.55.26:734][789]LogSlate: Window 'FIT2097_A2_JackJ Game Preview Client 1 (64-bit/PCD3D_SM5)' being destroyed
[2018.10.16-10.55.26:810][789]LogSlate: Window 'FIT2097_A2_JackJ Game Preview Server (64-bit/PCD3D_SM5)' being destroyed
[2018.10.16-10.55.26:860][789]LogBlueprintUserMessages: Late EndPlayMap Detection: Level '/Game/MyMaps/A2_Level.A2_Level:PersistentLevel' has LevelScriptBlueprint '/Game/MyMaps/A2_Level.A2_Level:PersistentLevel.A2_Level' with GeneratedClass '/Game/MyMaps/A2_Level.A2_Level_C' with ClassGeneratedBy '/Game/MyMaps/A2_Level.A2_Level:PersistentLevel.A2_Level'
[2018.10.16-10.55.26:884][789]LogNet: UChannel::CleanUp: ChIndex == 0. Closing connection. [UChannel] ChIndex: 0, Closing: 0 [UNetConnection] RemoteAddr: 127.0.0.1:51726, Name: IpConnection_3, Driver: GameNetDriver IpNetDriver_2, IsServer: YES, PC: None, Owner: None, UniqueId: INVALID
[2018.10.16-10.55.26:884][789]LogNet: UNetConnection::Close: [UNetConnection] RemoteAddr: 127.0.0.1:51726, Name: IpConnection_3, Driver: GameNetDriver IpNetDriver_2, IsServer: YES, PC: None, Owner: None, UniqueId: INVALID, Channels: 2, Time: 2018.10.16-10.55.26
[2018.10.16-10.55.26:884][789]LogNet: UChannel::Close: Sending CloseBunch. ChIndex == 0. Name: [UChannel] ChIndex: 0, Closing: 0 [UNetConnection] RemoteAddr: 127.0.0.1:51726, Name: IpConnection_3, Driver: GameNetDriver IpNetDriver_2, IsServer: YES, PC: None, Owner: None, UniqueId: INVALID
[2018.10.16-10.55.26:884][789]LogNet: UChannel::CleanUp: ChIndex == 0. Closing connection. [UChannel] ChIndex: 0, Closing: 0 [UNetConnection] RemoteAddr: 127.0.0.1:17777, Name: IpConnection_2, Driver: GameNetDriver IpNetDriver_3, IsServer: NO, PC: None, Owner: None, UniqueId: INVALID
[2018.10.16-10.55.26:884][789]LogNet: UNetConnection::Close: [UNetConnection] RemoteAddr: 127.0.0.1:17777, Name: IpConnection_2, Driver: GameNetDriver IpNetDriver_3, IsServer: NO, PC: None, Owner: None, UniqueId: INVALID, Channels: 2, Time: 2018.10.16-10.55.26
[2018.10.16-10.55.26:884][789]LogNet: UChannel::Close: Sending CloseBunch. ChIndex == 0. Name: [UChannel] ChIndex: 0, Closing: 0 [UNetConnection] RemoteAddr: 127.0.0.1:17777, Name: IpConnection_2, Driver: GameNetDriver IpNetDriver_3, IsServer: NO, PC: None, Owner: None, UniqueId: INVALID
[2018.10.16-10.55.26:889][789]LogExit: GameNetDriver None shut down
[2018.10.16-10.55.26:889][789]LogExit: GameNetDriver None shut down
[2018.10.16-11.00.24:851][785]LogSlate: Window 'Message Log' being destroyed
[2018.10.16-11.00.24:875][785]LogSlate: Window 'Message Log' being destroyed
[2018.10.16-11.03.35:849][591]LogTemp: Repeating last play command: New Editor Window (PIE)
[2018.10.16-11.03.35:874][591]LogBlueprintUserMessages: Early PlayInEditor Detection: Level '/Game/MyMaps/A2_Level.A2_Level:PersistentLevel' has LevelScriptBlueprint '/Game/MyMaps/A2_Level.A2_Level:PersistentLevel.A2_Level' with GeneratedClass '/Game/MyMaps/A2_Level.A2_Level_C' with ClassGeneratedBy '/Game/MyMaps/A2_Level.A2_Level:PersistentLevel.A2_Level'
[2018.10.16-11.03.35:874][591]LogPlayLevel: PlayLevel: No blueprints needed recompiling
[2018.10.16-11.03.35:876][591]PIE: New page: PIE session: A2_Level (17 Oct 2018 9:03:35 am)
[2018.10.16-11.03.35:876][591]LogPlayLevel: Creating play world package: /Game/MyMaps/UEDPIE_1_A2_Level
[2018.10.16-11.03.35:882][591]LogPlayLevel: PIE: StaticDuplicateObject took: (0.005622s)
[2018.10.16-11.03.35:883][591]LogAIModule: Creating AISystem for world A2_Level
[2018.10.16-11.03.35:883][591]LogPlayLevel: PIE: World Init took: (0.001530s)
[2018.10.16-11.03.35:883][591]LogPlayLevel: PIE: Created PIE world by copying editor world from /Game/MyMaps/A2_Level.A2_Level to /Game/MyMaps/UEDPIE_1_A2_Level.A2_Level (0.007363s)
[2018.10.16-11.03.35:898][591]LogInit: XAudio2 using 'Speakers (Realtek High Definition Audio)' : 2 channels at 48 kHz using 32 bits per sample (channel mask 0x3)
[2018.10.16-11.03.35:915][591]LogInit: FAudioDevice initialized.
[2018.10.16-11.03.36:012][591]LogLoad: Game class is 'FIT2097_A2_JackJGameMode'
[2018.10.16-11.03.36:014][591]LogWorld: Bringing World /Game/MyMaps/UEDPIE_1_A2_Level.A2_Level up for play (max tick rate 60) at 2018.10.16-22.03.36
[2018.10.16-11.03.36:015][591]LogWorld: Bringing up level for play took: 0.002346
[2018.10.16-11.03.36:018][591]LogTemp: Display: ParseSettings for GameNetDriver
[2018.10.16-11.03.36:018][591]LogTemp: Display: ParseSettings for IpNetDriver_4
[2018.10.16-11.03.36:018][591]LogTemp: Display: ParseSettings for GameNetDriver
[2018.10.16-11.03.36:019][591]LogInit: WinSock: Socket queue 131072 / 131072
[2018.10.16-11.03.36:019][591]PacketHandlerLog: Loaded PacketHandler component: Engine.EngineHandlerComponentFactory (StatelessConnectHandlerComponent)
[2018.10.16-11.03.36:019][591]LogNet: GameNetDriver IpNetDriver_4 IpNetDriver listening on port 17777
[2018.10.16-11.03.36:024][591]PIE: Play in editor start time for /Game/MyMaps/UEDPIE_1_A2_Level -0.441
[2018.10.16-11.03.36:026][591]PIE: New page: PIE session: A2_Level (17 Oct 2018 9:03:36 am)
[2018.10.16-11.03.36:038][591]LogSlate: FSceneViewport::OnFocusLost() reason 2
[2018.10.16-11.03.36:133][591]LogNet: Browse: 127.0.0.1:17777//Game/FirstPersonCPP/Maps/FirstPersonExampleMap
[2018.10.16-11.03.36:133][591]LogTemp: Display: ParseSettings for GameNetDriver
[2018.10.16-11.03.36:133][591]LogTemp: Display: ParseSettings for IpNetDriver_5
[2018.10.16-11.03.36:133][591]LogTemp: Display: ParseSettings for PendingNetDriver
[2018.10.16-11.03.36:133][591]LogInit: WinSock: Socket queue 32768 / 32768
[2018.10.16-11.03.36:134][591]PacketHandlerLog: Loaded PacketHandler component: Engine.EngineHandlerComponentFactory (StatelessConnectHandlerComponent)
[2018.10.16-11.03.36:134][591]LogNet: Game client on port 17777, rate 10000
[2018.10.16-11.03.36:139][591]PIE: Play in editor start time for /Game/FirstPersonCPP/Maps/FirstPersonExampleMap -0.327
[2018.10.16-11.03.36:155][591]LogBlueprintUserMessages: Late PlayInEditor Detection: Level '/Game/MyMaps/A2_Level.A2_Level:PersistentLevel' has LevelScriptBlueprint '/Game/MyMaps/A2_Level.A2_Level:PersistentLevel.A2_Level' with GeneratedClass '/Game/MyMaps/A2_Level.A2_Level_C' with ClassGeneratedBy '/Game/MyMaps/A2_Level.A2_Level:PersistentLevel.A2_Level'
[2018.10.16-11.03.36:155][591]LogNet: NotifyAcceptingConnection accepted from: 127.0.0.1:49175
[2018.10.16-11.03.36:155][591]LogHandshake: SendConnectChallenge. Timestamp: 0.017495, Cookie: 134168170013190253041075100045033150143240223019116094247173
[2018.10.16-11.03.36:157][591]LogHandshake: SendChallengeResponse. Timestamp: 0.017495, Cookie: 134168170013190253041075100045033150143240223019116094247173
[2018.10.16-11.03.36:389][592]LogNet: NotifyAcceptingConnection accepted from: 127.0.0.1:49175
[2018.10.16-11.03.36:389][592]LogHandshake: SendChallengeAck. InCookie: 134168170013190253041075100045033150143240223019116094247173
[2018.10.16-11.03.36:389][592]LogNet: Server accepting post-challenge connection from: 127.0.0.1:49175
[2018.10.16-11.03.36:389][592]PacketHandlerLog: Loaded PacketHandler component: Engine.EngineHandlerComponentFactory (StatelessConnectHandlerComponent)
[2018.10.16-11.03.36:390][592]LogNet: NotifyAcceptedConnection: Name: A2_Level, TimeStamp: 10/16/18 22:03:36, [UNetConnection] RemoteAddr: 127.0.0.1:49175, Name: IpConnection_5, Driver: GameNetDriver IpNetDriver_4, IsServer: YES, PC: NULL, Owner: NULL, UniqueId: INVALID
[2018.10.16-11.03.36:390][592]LogNet: AddClientConnection: Added client connection: [UNetConnection] RemoteAddr: 127.0.0.1:49175, Name: IpConnection_5, Driver: GameNetDriver IpNetDriver_4, IsServer: YES, PC: NULL, Owner: NULL, UniqueId: INVALID
[2018.10.16-11.03.36:390][592]LogNet: UPendingNetGame::SendInitialJoin: Sending hello. [UNetConnection] RemoteAddr: 127.0.0.1:17777, Name: IpConnection_4, Driver: PendingNetDriver IpNetDriver_5, IsServer: NO, PC: NULL, Owner: NULL, UniqueId: INVALID
[2018.10.16-11.03.36:434][593]LogNet: NotifyAcceptingChannel Control 0 server World /Game/MyMaps/UEDPIE_1_A2_Level.A2_Level: Accepted
[2018.10.16-11.03.36:435][593]LogNet: Remote platform little endian=1
[2018.10.16-11.03.36:435][593]LogNet: This platform little endian=1
[2018.10.16-11.03.36:450][594]LogNet: Login request: /Game/FirstPersonCPP/Maps/FirstPersonExampleMap userId: Invalid
[2018.10.16-11.03.36:453][594]LogNet: Welcomed by server (Level: /Game/MyMaps/UEDPIE_1_A2_Level, Game: /Script/FIT2097_A2_JackJ.FIT2097_A2_JackJGameMode)
[2018.10.16-11.03.36:454][594]LogLoad: LoadMap: 127.0.0.1:17777//Game/MyMaps/UEDPIE_1_A2_Level?game=/Script/FIT2097_A2_JackJ.FIT2097_A2_JackJGameMode
[2018.10.16-11.03.36:490][594]LogAIModule: Creating AISystem for world A2_Level
[2018.10.16-11.03.36:490][594]LogTemp: Display: ParseSettings for GameNetDriver
[2018.10.16-11.03.36:492][594]LogWorld: Bringing World /Game/MyMaps/UEDPIE_2_A2_Level.A2_Level up for play (max tick rate 60) at 2018.10.16-22.03.36
[2018.10.16-11.03.36:492][594]LogWorld: Bringing up level for play took: 0.001361
[2018.10.16-11.03.36:493][594]LogLoad: Took 0.039609 seconds to LoadMap(/Game/MyMaps/UEDPIE_1_A2_Level)
[2018.10.16-11.03.36:526][595]LogNet: Client netspeed is 10000
[2018.10.16-11.03.36:526][595]LogNet: Join request: /Game/FirstPersonCPP/Maps/FirstPersonExampleMap?SplitscreenCount=1
[2018.10.16-11.03.36:534][595]LogNet: Join succeeded: 261
[2018.10.16-11.03.38:051][630]LogBlueprintUserMessages: Early EndPlayMap Detection: Level '/Game/MyMaps/A2_Level.A2_Level:PersistentLevel' has LevelScriptBlueprint '/Game/MyMaps/A2_Level.A2_Level:PersistentLevel.A2_Level' with GeneratedClass '/Game/MyMaps/A2_Level.A2_Level_C' with ClassGeneratedBy '/Game/MyMaps/A2_Level.A2_Level:PersistentLevel.A2_Level'
[2018.10.16-11.03.38:085][630]LogSlate: Window 'FIT2097_A2_JackJ Game Preview Client 1 (64-bit/PCD3D_SM5)' being destroyed
[2018.10.16-11.03.38:175][630]LogSlate: Window 'FIT2097_A2_JackJ Game Preview Server (64-bit/PCD3D_SM5)' being destroyed
[2018.10.16-11.03.38:219][630]LogBlueprintUserMessages: Late EndPlayMap Detection: Level '/Game/MyMaps/A2_Level.A2_Level:PersistentLevel' has LevelScriptBlueprint '/Game/MyMaps/A2_Level.A2_Level:PersistentLevel.A2_Level' with GeneratedClass '/Game/MyMaps/A2_Level.A2_Level_C' with ClassGeneratedBy '/Game/MyMaps/A2_Level.A2_Level:PersistentLevel.A2_Level'
[2018.10.16-11.03.38:235][630]LogNet: UChannel::CleanUp: ChIndex == 0. Closing connection. [UChannel] ChIndex: 0, Closing: 0 [UNetConnection] RemoteAddr: 127.0.0.1:49175, Name: IpConnection_5, Driver: GameNetDriver IpNetDriver_4, IsServer: YES, PC: None, Owner: None, UniqueId: INVALID
[2018.10.16-11.03.38:236][630]LogNet: UNetConnection::Close: [UNetConnection] RemoteAddr: 127.0.0.1:49175, Name: IpConnection_5, Driver: GameNetDriver IpNetDriver_4, IsServer: YES, PC: None, Owner: None, UniqueId: INVALID, Channels: 2, Time: 2018.10.16-11.03.38
[2018.10.16-11.03.38:236][630]LogNet: UChannel::Close: Sending CloseBunch. ChIndex == 0. Name: [UChannel] ChIndex: 0, Closing: 0 [UNetConnection] RemoteAddr: 127.0.0.1:49175, Name: IpConnection_5, Driver: GameNetDriver IpNetDriver_4, IsServer: YES, PC: None, Owner: None, UniqueId: INVALID
[2018.10.16-11.03.38:236][630]LogNet: UChannel::CleanUp: ChIndex == 0. Closing connection. [UChannel] ChIndex: 0, Closing: 0 [UNetConnection] RemoteAddr: 127.0.0.1:17777, Name: IpConnection_4, Driver: GameNetDriver IpNetDriver_5, IsServer: NO, PC: None, Owner: None, UniqueId: INVALID
[2018.10.16-11.03.38:236][630]LogNet: UNetConnection::Close: [UNetConnection] RemoteAddr: 127.0.0.1:17777, Name: IpConnection_4, Driver: GameNetDriver IpNetDriver_5, IsServer: NO, PC: None, Owner: None, UniqueId: INVALID, Channels: 2, Time: 2018.10.16-11.03.38
[2018.10.16-11.03.38:236][630]LogNet: UChannel::Close: Sending CloseBunch. ChIndex == 0. Name: [UChannel] ChIndex: 0, Closing: 0 [UNetConnection] RemoteAddr: 127.0.0.1:17777, Name: IpConnection_4, Driver: GameNetDriver IpNetDriver_5, IsServer: NO, PC: None, Owner: None, UniqueId: INVALID
[2018.10.16-11.03.38:239][630]LogExit: GameNetDriver None shut down
[2018.10.16-11.03.38:240][630]LogExit: GameNetDriver None shut down
[2018.10.16-11.03.39:847][707]Candidate modules for hot reload:
[2018.10.16-11.03.39:847][707]  FIT2097_A2_JackJ
[2018.10.16-11.03.39:848][707]Launching UnrealBuildTool... [C:/Program Files/Epic Games/UE_4.19/Engine/Binaries/DotNET/UnrealBuildTool.exe FIT2097_A2_JackJ -ModuleWithSuffix=FIT2097_A2_JackJ,5583 Win64 Development -editorrecompile -canskiplink "C:/Users/forwa/Documents/FIT2097/FIT2097_A2_JackJayawardene/FIT2097_A2_JackJ/FIT2097_A2_JackJ.uproject" ]
[2018.10.16-11.03.39:854][707]Warning: Starting HotReload took  0.0s.
[2018.10.16-11.08.18:637][935]CompilerResultsLog: New page: Compilation - 17 Oct 2018 9:08:18 am
[2018.10.16-11.08.18:638][935]CompilerResultsLog: Using 'git status' to determine working set for adaptive non-unity build.
[2018.10.16-11.08.18:638][935]CompilerResultsLog: Compiling game modules for hot reload
[2018.10.16-11.08.18:638][935]CompilerResultsLog: Parsing headers for FIT2097_A2_JackJEditor
[2018.10.16-11.08.18:638][935]CompilerResultsLog:   Running UnrealHeaderTool "C:\Users\forwa\Documents\FIT2097\FIT2097_A2_JackJayawardene\FIT2097_A2_JackJ\FIT2097_A2_JackJ.uproject" "C:\Users\forwa\Documents\FIT2097\FIT2097_A2_JackJayawardene\FIT2097_A2_JackJ\Intermediate\Build\Win64\FIT2097_A2_JackJEditor\Development\FIT2097_A2_JackJEditor.uhtmanifest" -LogCmds="loginit warning, logexit warning, logdatabase error" -Unattended -WarningsAsErrors -installed
[2018.10.16-11.08.18:638][935]CompilerResultsLog: Reflection code generated for FIT2097_A2_JackJEditor in 63.8210594 seconds
[2018.10.16-11.08.18:638][935]CompilerResultsLog: Performing 6 actions (2 in parallel)
[2018.10.16-11.08.18:638][935]CompilerResultsLog: FIT2097_A2_JackJCharacter.gen.cpp
[2018.10.16-11.08.18:638][935]CompilerResultsLog: FIT2097_A2_JackJ.init.gen.cpp
[2018.10.16-11.08.18:638][935]CompilerResultsLog: FIT2097_A2_JackJGameMode.cpp
[2018.10.16-11.08.18:638][935]CompilerResultsLog: FIT2097_A2_JackJCharacter.cpp
[2018.10.16-11.08.18:638][935]CompilerResultsLog: Error: C:\Users\forwa\Documents\FIT2097\FIT2097_A2_JackJayawardene\FIT2097_A2_JackJ\Source\FIT2097_A2_JackJ\FIT2097_A2_JackJCharacter.cpp(503) : error C2065: 'AMyKey': undeclared identifier
[2018.10.16-11.08.18:638][935]CompilerResultsLog: Error: C:\Users\forwa\Documents\FIT2097\FIT2097_A2_JackJayawardene\FIT2097_A2_JackJ\Source\FIT2097_A2_JackJ\FIT2097_A2_JackJCharacter.cpp(503) : error C2672: 'Cast': no matching overloaded function found
[2018.10.16-11.08.18:638][935]CompilerResultsLog: Error: C:\Users\forwa\Documents\FIT2097\FIT2097_A2_JackJayawardene\FIT2097_A2_JackJ\Source\FIT2097_A2_JackJ\FIT2097_A2_JackJCharacter.cpp(503) : error C2974: 'Cast': invalid template argument for 'T', type expected
[2018.10.16-11.08.18:639][935]CompilerResultsLog: Error: C:\Program Files\Epic Games\UE_4.19\Engine\Source\Runtime\CoreUObject\Public\UObject/Linker.h(511) : note: see declaration of 'Cast'
[2018.10.16-11.08.18:639][935]CompilerResultsLog: Error: C:\Users\forwa\Documents\FIT2097\FIT2097_A2_JackJayawardene\FIT2097_A2_JackJ\Source\FIT2097_A2_JackJ\FIT2097_A2_JackJCharacter.cpp(503) : error C2974: 'Cast': invalid template argument for 'To', type expected
[2018.10.16-11.08.18:639][935]CompilerResultsLog: Error: C:\Program Files\Epic Games\UE_4.19\Engine\Source\Runtime\CoreUObject\Public\Templates/Casts.h(107) : note: see declaration of 'Cast'
[2018.10.16-11.08.18:639][935]CompilerResultsLog: Error: C:\Users\forwa\Documents\FIT2097\FIT2097_A2_JackJayawardene\FIT2097_A2_JackJ\Source\FIT2097_A2_JackJ\FIT2097_A2_JackJCharacter.cpp(504) : error C2065: 'AMyKey': undeclared identifier
[2018.10.16-11.08.18:639][935]CompilerResultsLog: Error: C:\Users\forwa\Documents\FIT2097\FIT2097_A2_JackJayawardene\FIT2097_A2_JackJ\Source\FIT2097_A2_JackJ\FIT2097_A2_JackJCharacter.cpp(504) : error C2672: 'Cast': no matching overloaded function found
[2018.10.16-11.08.18:639][935]CompilerResultsLog: Error: C:\Users\forwa\Documents\FIT2097\FIT2097_A2_JackJayawardene\FIT2097_A2_JackJ\Source\FIT2097_A2_JackJ\FIT2097_A2_JackJCharacter.cpp(504) : error C2974: 'Cast': invalid template argument for 'T', type expected
[2018.10.16-11.08.18:639][935]CompilerResultsLog: Error: C:\Program Files\Epic Games\UE_4.19\Engine\Source\Runtime\CoreUObject\Public\UObject/Linker.h(511) : note: see declaration of 'Cast'
[2018.10.16-11.08.18:640][935]CompilerResultsLog: Error: C:\Users\forwa\Documents\FIT2097\FIT2097_A2_JackJayawardene\FIT2097_A2_JackJ\Source\FIT2097_A2_JackJ\FIT2097_A2_JackJCharacter.cpp(504) : error C2974: 'Cast': invalid template argument for 'To', type expected
[2018.10.16-11.08.18:640][935]CompilerResultsLog: Error: C:\Program Files\Epic Games\UE_4.19\Engine\Source\Runtime\CoreUObject\Public\Templates/Casts.h(107) : note: see declaration of 'Cast'
[2018.10.16-11.08.18:640][935]CompilerResultsLog: Error: C:\Users\forwa\Documents\FIT2097\FIT2097_A2_JackJayawardene\FIT2097_A2_JackJ\Source\FIT2097_A2_JackJ\FIT2097_A2_JackJCharacter.cpp(504) : error C2227: left of '->InteractWithActor' must point to class/struct/union/generic type
[2018.10.16-11.08.18:640][935]CompilerResultsLog: ERROR: UBT ERROR: Failed to produce item: C:\Users\forwa\Documents\FIT2097\FIT2097_A2_JackJayawardene\FIT2097_A2_JackJ\Binaries\Win64\UE4Editor-FIT2097_A2_JackJ-5583.dll
[2018.10.16-11.08.18:640][935]CompilerResultsLog: Total build time: 278.24 seconds (Local executor: 0.00 seconds)
[2018.10.16-11.08.18:640][935]LogMainFrame: MainFrame: Module compiling took 278.797 seconds
[2018.10.16-11.08.18:641][935]Warning: HotReload failed, recompile failed
[2018.10.16-11.10.27:110][737]LogSlate: Window 'Message Log' being destroyed
[2018.10.16-11.10.27:114][737]LogSlate: Window 'Message Log' being destroyed
[2018.10.16-11.10.30:514][894]Candidate modules for hot reload:
[2018.10.16-11.10.30:514][894]  FIT2097_A2_JackJ
[2018.10.16-11.10.30:514][894]Launching UnrealBuildTool... [C:/Program Files/Epic Games/UE_4.19/Engine/Binaries/DotNET/UnrealBuildTool.exe FIT2097_A2_JackJ -ModuleWithSuffix=FIT2097_A2_JackJ,993 Win64 Development -editorrecompile -canskiplink "C:/Users/forwa/Documents/FIT2097/FIT2097_A2_JackJayawardene/FIT2097_A2_JackJ/FIT2097_A2_JackJ.uproject" ]
[2018.10.16-11.10.30:519][894]Warning: Starting HotReload took  0.0s.
[2018.10.16-11.11.45:707][200]CompilerResultsLog: New page: Compilation - 17 Oct 2018 9:11:45 am
[2018.10.16-11.11.45:707][200]CompilerResultsLog: Using 'git status' to determine working set for adaptive non-unity build.
[2018.10.16-11.11.45:708][200]CompilerResultsLog: Compiling game modules for hot reload
[2018.10.16-11.11.45:708][200]CompilerResultsLog: Performing 3 actions (2 in parallel)
[2018.10.16-11.11.45:708][200]CompilerResultsLog: FIT2097_A2_JackJCharacter.cpp
[2018.10.16-11.11.45:708][200]CompilerResultsLog: [2/3] Link UE4Editor-FIT2097_A2_JackJ-993.dll
[2018.10.16-11.11.45:708][200]CompilerResultsLog: [3/3] Link UE4Editor-FIT2097_A2_JackJ-993.lib
[2018.10.16-11.11.45:709][200]CompilerResultsLog:    Creating library C:\Users\forwa\Documents\FIT2097\FIT2097_A2_JackJayawardene\FIT2097_A2_JackJ\Intermediate\Build\Win64\UE4Editor\Development\UE4Editor-FIT2097_A2_JackJ-993.lib and object C:\Users\forwa\Documents\FIT2097\FIT2097_A2_JackJayawardene\FIT2097_A2_JackJ\Intermediate\Build\Win64\UE4Editor\Development\UE4Editor-FIT2097_A2_JackJ-993.exp
[2018.10.16-11.11.45:709][200]CompilerResultsLog:    Creating library C:\Users\forwa\Documents\FIT2097\FIT2097_A2_JackJayawardene\FIT2097_A2_JackJ\Intermediate\Build\Win64\UE4Editor\Development\UE4Editor-FIT2097_A2_JackJ-993.suppressed.lib and object C:\Users\forwa\Documents\FIT2097\FIT2097_A2_JackJayawardene\FIT2097_A2_JackJ\Intermediate\Build\Win64\UE4Editor\Development\UE4Editor-FIT2097_A2_JackJ-993.suppressed.exp
[2018.10.16-11.11.45:709][200]CompilerResultsLog: Total build time: 74.41 seconds (Local executor: 67.84 seconds)
[2018.10.16-11.11.45:709][200]LogMainFrame: MainFrame: Module compiling took 75.201 seconds
[2018.10.16-11.11.45:760][200]LogClass: Could not find existing class FIT2097_A2_JackJCharacter in package /Script/FIT2097_A2_JackJ for HotReload, assuming new class
[2018.10.16-11.11.45:762][200]LogClass: Function MyRole is new.
[2018.10.16-11.11.45:762][200]LogClass: Function RequestGetKey is new.
[2018.10.16-11.11.45:762][200]LogClass: Function RequestOpenDoor is new.
[2018.10.16-11.11.45:805][200]LogHotReload: Re-instancing FIT2097_A2_JackJCharacter after hot-reload.
[2018.10.16-11.11.46:007][200]LogContentBrowser: Native class hierarchy updated for 'FIT2097_A2_JackJ' in 0.0023 seconds. Added 7 classes and 2 folders.
[2018.10.16-11.11.46:009][200]Display: HotReload successful (4 functions remapped  0 scriptstructs remapped)
[2018.10.16-11.11.46:102][200]LogContentBrowser: Native class hierarchy populated in 0.0158 seconds. Added 2460 classes and 562 folders.
[2018.10.16-11.11.46:102][200]Display: HotReload took 75.6s.
[2018.10.16-11.11.52:294][516]LogTemp: Repeating last play command: New Editor Window (PIE)
[2018.10.16-11.11.52:325][516]LogBlueprintUserMessages: Early PlayInEditor Detection: Level '/Game/MyMaps/A2_Level.A2_Level:PersistentLevel' has LevelScriptBlueprint '/Game/MyMaps/A2_Level.A2_Level:PersistentLevel.A2_Level' with GeneratedClass '/Game/MyMaps/A2_Level.A2_Level_C' with ClassGeneratedBy '/Game/MyMaps/A2_Level.A2_Level:PersistentLevel.A2_Level'
[2018.10.16-11.11.52:325][516]LogPlayLevel: PlayLevel: No blueprints needed recompiling
[2018.10.16-11.11.52:326][516]PIE: New page: PIE session: A2_Level (17 Oct 2018 9:11:52 am)
[2018.10.16-11.11.52:327][516]LogPlayLevel: Creating play world package: /Game/MyMaps/UEDPIE_1_A2_Level
[2018.10.16-11.11.52:331][516]LogPlayLevel: PIE: StaticDuplicateObject took: (0.004041s)
[2018.10.16-11.11.52:332][516]LogAIModule: Creating AISystem for world A2_Level
[2018.10.16-11.11.52:332][516]LogPlayLevel: PIE: World Init took: (0.001626s)
[2018.10.16-11.11.52:332][516]LogPlayLevel: PIE: Created PIE world by copying editor world from /Game/MyMaps/A2_Level.A2_Level to /Game/MyMaps/UEDPIE_1_A2_Level.A2_Level (0.005864s)
[2018.10.16-11.11.52:349][516]LogInit: XAudio2 using 'Speakers (Realtek High Definition Audio)' : 2 channels at 48 kHz using 32 bits per sample (channel mask 0x3)
[2018.10.16-11.11.52:365][516]LogInit: FAudioDevice initialized.
[2018.10.16-11.11.52:457][516]LogLoad: Game class is 'FIT2097_A2_JackJGameMode'
[2018.10.16-11.11.52:459][516]LogWorld: Bringing World /Game/MyMaps/UEDPIE_1_A2_Level.A2_Level up for play (max tick rate 0) at 2018.10.16-22.11.52
[2018.10.16-11.11.52:459][516]LogWorld: Bringing up level for play took: 0.001153
[2018.10.16-11.11.52:462][516]LogTemp: Display: ParseSettings for GameNetDriver
[2018.10.16-11.11.52:462][516]LogTemp: Display: ParseSettings for IpNetDriver_6
[2018.10.16-11.11.52:462][516]LogTemp: Display: ParseSettings for GameNetDriver
[2018.10.16-11.11.52:462][516]LogInit: WinSock: Socket queue 131072 / 131072
[2018.10.16-11.11.52:463][516]PacketHandlerLog: Loaded PacketHandler component: Engine.EngineHandlerComponentFactory (StatelessConnectHandlerComponent)
[2018.10.16-11.11.52:463][516]LogNet: GameNetDriver IpNetDriver_6 IpNetDriver listening on port 17777
[2018.10.16-11.11.52:470][516]PIE: Play in editor start time for /Game/MyMaps/UEDPIE_1_A2_Level 0.005
[2018.10.16-11.11.52:473][516]PIE: New page: PIE session: A2_Level (17 Oct 2018 9:11:52 am)
[2018.10.16-11.11.52:485][516]LogSlate: FSceneViewport::OnFocusLost() reason 2
[2018.10.16-11.11.52:572][516]LogNet: Browse: 127.0.0.1:17777//Game/FirstPersonCPP/Maps/FirstPersonExampleMap
[2018.10.16-11.11.52:572][516]LogTemp: Display: ParseSettings for GameNetDriver
[2018.10.16-11.11.52:572][516]LogTemp: Display: ParseSettings for IpNetDriver_7
[2018.10.16-11.11.52:572][516]LogTemp: Display: ParseSettings for PendingNetDriver
[2018.10.16-11.11.52:572][516]LogInit: WinSock: Socket queue 32768 / 32768
[2018.10.16-11.11.52:573][516]PacketHandlerLog: Loaded PacketHandler component: Engine.EngineHandlerComponentFactory (StatelessConnectHandlerComponent)
[2018.10.16-11.11.52:573][516]LogNet: Game client on port 17777, rate 10000
[2018.10.16-11.11.52:579][516]PIE: Play in editor start time for /Game/FirstPersonCPP/Maps/FirstPersonExampleMap 0.113
[2018.10.16-11.11.52:597][516]LogBlueprintUserMessages: Late PlayInEditor Detection: Level '/Game/MyMaps/A2_Level.A2_Level:PersistentLevel' has LevelScriptBlueprint '/Game/MyMaps/A2_Level.A2_Level:PersistentLevel.A2_Level' with GeneratedClass '/Game/MyMaps/A2_Level.A2_Level_C' with ClassGeneratedBy '/Game/MyMaps/A2_Level.A2_Level:PersistentLevel.A2_Level'
[2018.10.16-11.11.52:598][516]LogNet: NotifyAcceptingConnection accepted from: 127.0.0.1:50514
[2018.10.16-11.11.52:598][516]LogHandshake: SendConnectChallenge. Timestamp: 0.016261, Cookie: 123031063190167028172105003223017049207084158112157156156204
[2018.10.16-11.11.52:600][516]LogHandshake: SendChallengeResponse. Timestamp: 0.016261, Cookie: 123031063190167028172105003223017049207084158112157156156204
[2018.10.16-11.11.52:825][517]LogNet: NotifyAcceptingConnection accepted from: 127.0.0.1:50514
[2018.10.16-11.11.52:825][517]LogHandshake: SendChallengeAck. InCookie: 123031063190167028172105003223017049207084158112157156156204
[2018.10.16-11.11.52:825][517]LogNet: Server accepting post-challenge connection from: 127.0.0.1:50514
[2018.10.16-11.11.52:825][517]PacketHandlerLog: Loaded PacketHandler component: Engine.EngineHandlerComponentFactory (StatelessConnectHandlerComponent)
[2018.10.16-11.11.52:825][517]LogNet: NotifyAcceptedConnection: Name: A2_Level, TimeStamp: 10/16/18 22:11:52, [UNetConnection] RemoteAddr: 127.0.0.1:50514, Name: IpConnection_7, Driver: GameNetDriver IpNetDriver_6, IsServer: YES, PC: NULL, Owner: NULL, UniqueId: INVALID
[2018.10.16-11.11.52:825][517]LogNet: AddClientConnection: Added client connection: [UNetConnection] RemoteAddr: 127.0.0.1:50514, Name: IpConnection_7, Driver: GameNetDriver IpNetDriver_6, IsServer: YES, PC: NULL, Owner: NULL, UniqueId: INVALID
[2018.10.16-11.11.52:826][517]LogNet: UPendingNetGame::SendInitialJoin: Sending hello. [UNetConnection] RemoteAddr: 127.0.0.1:17777, Name: IpConnection_6, Driver: PendingNetDriver IpNetDriver_7, IsServer: NO, PC: NULL, Owner: NULL, UniqueId: INVALID
[2018.10.16-11.11.52:874][518]LogNet: NotifyAcceptingChannel Control 0 server World /Game/MyMaps/UEDPIE_1_A2_Level.A2_Level: Accepted
[2018.10.16-11.11.52:874][518]LogNet: Remote platform little endian=1
[2018.10.16-11.11.52:874][518]LogNet: This platform little endian=1
[2018.10.16-11.11.52:901][519]LogNet: Login request: /Game/FirstPersonCPP/Maps/FirstPersonExampleMap userId: Invalid
[2018.10.16-11.11.52:902][519]LogNet: Welcomed by server (Level: /Game/MyMaps/UEDPIE_1_A2_Level, Game: /Script/FIT2097_A2_JackJ.FIT2097_A2_JackJGameMode)
[2018.10.16-11.11.52:905][519]LogLoad: LoadMap: 127.0.0.1:17777//Game/MyMaps/UEDPIE_1_A2_Level?game=/Script/FIT2097_A2_JackJ.FIT2097_A2_JackJGameMode
[2018.10.16-11.11.52:929][519]LogAIModule: Creating AISystem for world A2_Level
[2018.10.16-11.11.52:929][519]LogTemp: Display: ParseSettings for GameNetDriver
[2018.10.16-11.11.52:930][519]LogWorld: Bringing World /Game/MyMaps/UEDPIE_2_A2_Level.A2_Level up for play (max tick rate 0) at 2018.10.16-22.11.52
[2018.10.16-11.11.52:930][519]LogWorld: Bringing up level for play took: 0.000819
[2018.10.16-11.11.52:931][519]LogLoad: Took 0.025675 seconds to LoadMap(/Game/MyMaps/UEDPIE_1_A2_Level)
[2018.10.16-11.11.52:955][520]LogNet: Client netspeed is 10000
[2018.10.16-11.11.52:955][520]LogNet: Join request: /Game/FirstPersonCPP/Maps/FirstPersonExampleMap?SplitscreenCount=1
[2018.10.16-11.11.52:963][520]LogNet: Join succeeded: 263
[2018.10.16-11.11.59:221][666]LogSlate: FSceneViewport::OnFocusLost() reason 2
[2018.10.16-11.12.12:351][985]LogBlueprintUserMessages: Early EndPlayMap Detection: Level '/Game/MyMaps/A2_Level.A2_Level:PersistentLevel' has LevelScriptBlueprint '/Game/MyMaps/A2_Level.A2_Level:PersistentLevel.A2_Level' with GeneratedClass '/Game/MyMaps/A2_Level.A2_Level_C' with ClassGeneratedBy '/Game/MyMaps/A2_Level.A2_Level:PersistentLevel.A2_Level'
[2018.10.16-11.12.12:402][985]LogSlate: Window 'FIT2097_A2_JackJ Game Preview Client 1 (64-bit/PCD3D_SM5)' being destroyed
[2018.10.16-11.12.12:513][985]LogSlate: Window 'FIT2097_A2_JackJ Game Preview Server (64-bit/PCD3D_SM5)' being destroyed
[2018.10.16-11.12.12:568][985]LogBlueprintUserMessages: Late EndPlayMap Detection: Level '/Game/MyMaps/A2_Level.A2_Level:PersistentLevel' has LevelScriptBlueprint '/Game/MyMaps/A2_Level.A2_Level:PersistentLevel.A2_Level' with GeneratedClass '/Game/MyMaps/A2_Level.A2_Level_C' with ClassGeneratedBy '/Game/MyMaps/A2_Level.A2_Level:PersistentLevel.A2_Level'
[2018.10.16-11.12.12:592][985]LogNet: UChannel::CleanUp: ChIndex == 0. Closing connection. [UChannel] ChIndex: 0, Closing: 0 [UNetConnection] RemoteAddr: 127.0.0.1:50514, Name: IpConnection_7, Driver: GameNetDriver IpNetDriver_6, IsServer: YES, PC: None, Owner: None, UniqueId: INVALID
[2018.10.16-11.12.12:592][985]LogNet: UNetConnection::Close: [UNetConnection] RemoteAddr: 127.0.0.1:50514, Name: IpConnection_7, Driver: GameNetDriver IpNetDriver_6, IsServer: YES, PC: None, Owner: None, UniqueId: INVALID, Channels: 2, Time: 2018.10.16-11.12.12
[2018.10.16-11.12.12:592][985]LogNet: UChannel::Close: Sending CloseBunch. ChIndex == 0. Name: [UChannel] ChIndex: 0, Closing: 0 [UNetConnection] RemoteAddr: 127.0.0.1:50514, Name: IpConnection_7, Driver: GameNetDriver IpNetDriver_6, IsServer: YES, PC: None, Owner: None, UniqueId: INVALID
[2018.10.16-11.12.12:592][985]LogNet: UChannel::CleanUp: ChIndex == 0. Closing connection. [UChannel] ChIndex: 0, Closing: 0 [UNetConnection] RemoteAddr: 127.0.0.1:17777, Name: IpConnection_6, Driver: GameNetDriver IpNetDriver_7, IsServer: NO, PC: None, Owner: None, UniqueId: INVALID
[2018.10.16-11.12.12:593][985]LogNet: UNetConnection::Close: [UNetConnection] RemoteAddr: 127.0.0.1:17777, Name: IpConnection_6, Driver: GameNetDriver IpNetDriver_7, IsServer: NO, PC: None, Owner: None, UniqueId: INVALID, Channels: 2, Time: 2018.10.16-11.12.12
[2018.10.16-11.12.12:593][985]LogNet: UChannel::Close: Sending CloseBunch. ChIndex == 0. Name: [UChannel] ChIndex: 0, Closing: 0 [UNetConnection] RemoteAddr: 127.0.0.1:17777, Name: IpConnection_6, Driver: GameNetDriver IpNetDriver_7, IsServer: NO, PC: None, Owner: None, UniqueId: INVALID
[2018.10.16-11.12.12:598][985]LogExit: GameNetDriver None shut down
[2018.10.16-11.12.12:599][985]LogExit: GameNetDriver None shut down
